[0.340s] Invoking command in '/home/shrujans/xolo/build/pipe_simulation': PYTHONPATH=/home/shrujans/xolo/build/pipe_simulation/prefix_override:/usr/lib/python3/dist-packages/colcon_core/task/python/colcon_distutils_commands:/home/shrujans/xolo/install/pipe_simulation/lib/python3.10/site-packages:${PYTHONPATH} /usr/bin/python3 -W ignore:setup.py install is deprecated -W ignore:easy_install command is deprecated setup.py develop --editable --build-directory /home/shrujans/xolo/build/pipe_simulation/build --no-deps symlink_data --force
[0.478s] running develop
[0.551s] running egg_info
[0.551s] writing pipe_simulation.egg-info/PKG-INFO
[0.551s] writing dependency_links to pipe_simulation.egg-info/dependency_links.txt
[0.552s] writing entry points to pipe_simulation.egg-info/entry_points.txt
[0.552s] writing requirements to pipe_simulation.egg-info/requires.txt
[0.552s] writing top-level names to pipe_simulation.egg-info/top_level.txt
[0.553s] reading manifest file 'pipe_simulation.egg-info/SOURCES.txt'
[0.553s] writing manifest file 'pipe_simulation.egg-info/SOURCES.txt'
[0.554s] running build_ext
[0.554s] Creating /home/shrujans/xolo/install/pipe_simulation/lib/python3.10/site-packages/pipe-simulation.egg-link (link to .)
[0.555s] Installing odom_depth_node script to /home/shrujans/xolo/install/pipe_simulation/lib/pipe_simulation
[0.555s] 
[0.555s] Installed /home/shrujans/xolo/build/pipe_simulation
[0.555s] running symlink_data
[0.555s] symbolically linking /home/shrujans/xolo/build/pipe_simulation/resource/pipe_simulation -> /home/shrujans/xolo/install/pipe_simulation/share/ament_index/resource_index/packages
[0.555s] symbolically linking /home/shrujans/xolo/build/pipe_simulation/package.xml -> /home/shrujans/xolo/install/pipe_simulation/share/pipe_simulation
[0.555s] symbolically linking /home/shrujans/xolo/build/pipe_simulation/launch/gazebo.launch.py -> /home/shrujans/xolo/install/pipe_simulation/share/pipe_simulation/launch
[0.556s] symbolically linking /home/shrujans/xolo/build/pipe_simulation/launch/sim.launch.py -> /home/shrujans/xolo/install/pipe_simulation/share/pipe_simulation/launch
[0.556s] symbolically linking /home/shrujans/xolo/build/pipe_simulation/urdf/pipe_bot.urdf.xacro -> /home/shrujans/xolo/install/pipe_simulation/share/pipe_simulation/urdf
[0.556s] symbolically linking /home/shrujans/xolo/build/pipe_simulation/worlds/pipe.world -> /home/shrujans/xolo/install/pipe_simulation/share/pipe_simulation/worlds
[0.556s] symbolically linking /home/shrujans/xolo/build/pipe_simulation/meshes/pipe_hollow.stl -> /home/shrujans/xolo/install/pipe_simulation/share/pipe_simulation/meshes
[0.556s] symbolically linking /home/shrujans/xolo/build/pipe_simulation/config/bridge.yaml -> /home/shrujans/xolo/install/pipe_simulation/share/pipe_simulation/config
[0.557s] symbolically linking /home/shrujans/xolo/build/pipe_simulation/rviz/sim.rviz -> /home/shrujans/xolo/install/pipe_simulation/share/pipe_simulation/rviz
[0.572s] Invoked command in '/home/shrujans/xolo/build/pipe_simulation' returned '0': PYTHONPATH=/home/shrujans/xolo/build/pipe_simulation/prefix_override:/usr/lib/python3/dist-packages/colcon_core/task/python/colcon_distutils_commands:/home/shrujans/xolo/install/pipe_simulation/lib/python3.10/site-packages:${PYTHONPATH} /usr/bin/python3 -W ignore:setup.py install is deprecated -W ignore:easy_install command is deprecated setup.py develop --editable --build-directory /home/shrujans/xolo/build/pipe_simulation/build --no-deps symlink_data --force
