[1.456s] Invoking command in '/home/shrujans/inspectly/src/pipe_perception': PYTHONPATH=/home/shrujans/inspectly/build/pipe_perception/prefix_override:/usr/lib/python3/dist-packages/colcon_core/task/python/colcon_distutils_commands:/home/shrujans/inspectly/install/pipe_perception/lib/python3.10/site-packages:${PYTHONPATH} /usr/bin/python3 -W ignore:setup.py install is deprecated -W ignore:easy_install command is deprecated setup.py egg_info --egg-base ../../build/pipe_perception build --build-base /home/shrujans/inspectly/build/pipe_perception/build install --record /home/shrujans/inspectly/build/pipe_perception/install.log --single-version-externally-managed install_data
[1.742s] running egg_info
[1.742s] writing ../../build/pipe_perception/pipe_perception.egg-info/PKG-INFO
[1.744s] writing dependency_links to ../../build/pipe_perception/pipe_perception.egg-info/dependency_links.txt
[1.744s] writing entry points to ../../build/pipe_perception/pipe_perception.egg-info/entry_points.txt
[1.744s] writing requirements to ../../build/pipe_perception/pipe_perception.egg-info/requires.txt
[1.744s] writing top-level names to ../../build/pipe_perception/pipe_perception.egg-info/top_level.txt
[1.745s] reading manifest file '../../build/pipe_perception/pipe_perception.egg-info/SOURCES.txt'
[1.747s] writing manifest file '../../build/pipe_perception/pipe_perception.egg-info/SOURCES.txt'
[1.747s] running build
[1.747s] running build_py
[1.748s] copying pipe_perception/nodes/cylinder_visualizer_3d_node.py -> /home/shrujans/inspectly/build/pipe_perception/build/lib/pipe_perception/nodes
[1.751s] running install
[1.751s] running install_lib
[1.753s] copying /home/shrujans/inspectly/build/pipe_perception/build/lib/pipe_perception/nodes/cylinder_visualizer_3d_node.py -> /home/shrujans/inspectly/install/pipe_perception/lib/python3.10/site-packages/pipe_perception/nodes
[1.759s] byte-compiling /home/shrujans/inspectly/install/pipe_perception/lib/python3.10/site-packages/pipe_perception/nodes/cylinder_visualizer_3d_node.py to cylinder_visualizer_3d_node.cpython-310.pyc
[1.764s] running install_data
[1.764s] running install_egg_info
[1.766s] removing '/home/shrujans/inspectly/install/pipe_perception/lib/python3.10/site-packages/pipe_perception-0.0.1-py3.10.egg-info' (and everything under it)
[1.768s] Copying ../../build/pipe_perception/pipe_perception.egg-info to /home/shrujans/inspectly/install/pipe_perception/lib/python3.10/site-packages/pipe_perception-0.0.1-py3.10.egg-info
[1.771s] running install_scripts
[1.801s] Installing coverage_mapper_node script to /home/shrujans/inspectly/install/pipe_perception/lib/pipe_perception
[1.801s] Installing cylinder_unwrap_node script to /home/shrujans/inspectly/install/pipe_perception/lib/pipe_perception
[1.802s] Installing cylinder_visualizer_3d_node script to /home/shrujans/inspectly/install/pipe_perception/lib/pipe_perception
[1.803s] Installing video_ingest_node script to /home/shrujans/inspectly/install/pipe_perception/lib/pipe_perception
[1.803s] writing list of installed files to '/home/shrujans/inspectly/build/pipe_perception/install.log'
[1.836s] Invoked command in '/home/shrujans/inspectly/src/pipe_perception' returned '0': PYTHONPATH=/home/shrujans/inspectly/build/pipe_perception/prefix_override:/usr/lib/python3/dist-packages/colcon_core/task/python/colcon_distutils_commands:/home/shrujans/inspectly/install/pipe_perception/lib/python3.10/site-packages:${PYTHONPATH} /usr/bin/python3 -W ignore:setup.py install is deprecated -W ignore:easy_install command is deprecated setup.py egg_info --egg-base ../../build/pipe_perception build --build-base /home/shrujans/inspectly/build/pipe_perception/build install --record /home/shrujans/inspectly/build/pipe_perception/install.log --single-version-externally-managed install_data
