[0.897s] Invoking command in '/home/shrujans/xolo/src/pipe_perception': PYTHONPATH=/home/shrujans/xolo/build/pipe_perception/prefix_override:/usr/lib/python3/dist-packages/colcon_core/task/python/colcon_distutils_commands:/home/shrujans/xolo/install/pipe_perception/lib/python3.10/site-packages: /usr/bin/python3 -W ignore:setup.py install is deprecated -W ignore:easy_install command is deprecated setup.py egg_info --egg-base ../../build/pipe_perception build --build-base /home/shrujans/xolo/build/pipe_perception/build install --record /home/shrujans/xolo/build/pipe_perception/install.log --single-version-externally-managed install_data
[1.094s] running egg_info
[1.094s] writing ../../build/pipe_perception/pipe_perception.egg-info/PKG-INFO
[1.094s] writing dependency_links to ../../build/pipe_perception/pipe_perception.egg-info/dependency_links.txt
[1.095s] writing entry points to ../../build/pipe_perception/pipe_perception.egg-info/entry_points.txt
[1.095s] writing requirements to ../../build/pipe_perception/pipe_perception.egg-info/requires.txt
[1.095s] writing top-level names to ../../build/pipe_perception/pipe_perception.egg-info/top_level.txt
[1.095s] reading manifest file '../../build/pipe_perception/pipe_perception.egg-info/SOURCES.txt'
[1.096s] writing manifest file '../../build/pipe_perception/pipe_perception.egg-info/SOURCES.txt'
[1.096s] running build
[1.097s] running build_py
[1.103s] copying pipe_perception/nodes/coverage_mapper_node.py -> /home/shrujans/xolo/build/pipe_perception/build/lib/pipe_perception/nodes
[1.103s] copying pipe_perception/nodes/cylinder_visualizer_3d_node.py -> /home/shrujans/xolo/build/pipe_perception/build/lib/pipe_perception/nodes
[1.105s] running install
[1.106s] running install_lib
[1.107s] copying /home/shrujans/xolo/build/pipe_perception/build/lib/pipe_perception/nodes/coverage_mapper_node.py -> /home/shrujans/xolo/install/pipe_perception/lib/python3.10/site-packages/pipe_perception/nodes
[1.108s] copying /home/shrujans/xolo/build/pipe_perception/build/lib/pipe_perception/nodes/cylinder_visualizer_3d_node.py -> /home/shrujans/xolo/install/pipe_perception/lib/python3.10/site-packages/pipe_perception/nodes
[1.111s] byte-compiling /home/shrujans/xolo/install/pipe_perception/lib/python3.10/site-packages/pipe_perception/nodes/coverage_mapper_node.py to coverage_mapper_node.cpython-310.pyc
[1.114s] byte-compiling /home/shrujans/xolo/install/pipe_perception/lib/python3.10/site-packages/pipe_perception/nodes/cylinder_visualizer_3d_node.py to cylinder_visualizer_3d_node.cpython-310.pyc
[1.125s] running install_data
[1.125s] running install_egg_info
[1.128s] removing '/home/shrujans/xolo/install/pipe_perception/lib/python3.10/site-packages/pipe_perception-0.0.1-py3.10.egg-info' (and everything under it)
[1.129s] Copying ../../build/pipe_perception/pipe_perception.egg-info to /home/shrujans/xolo/install/pipe_perception/lib/python3.10/site-packages/pipe_perception-0.0.1-py3.10.egg-info
[1.131s] running install_scripts
[1.177s] Installing coverage_mapper_node script to /home/shrujans/xolo/install/pipe_perception/lib/pipe_perception
[1.177s] Installing cylinder_unwrap_node script to /home/shrujans/xolo/install/pipe_perception/lib/pipe_perception
[1.177s] Installing cylinder_visualizer_3d_node script to /home/shrujans/xolo/install/pipe_perception/lib/pipe_perception
[1.178s] Installing video_ingest_node script to /home/shrujans/xolo/install/pipe_perception/lib/pipe_perception
[1.178s] writing list of installed files to '/home/shrujans/xolo/build/pipe_perception/install.log'
[1.195s] Invoked command in '/home/shrujans/xolo/src/pipe_perception' returned '0': PYTHONPATH=/home/shrujans/xolo/build/pipe_perception/prefix_override:/usr/lib/python3/dist-packages/colcon_core/task/python/colcon_distutils_commands:/home/shrujans/xolo/install/pipe_perception/lib/python3.10/site-packages: /usr/bin/python3 -W ignore:setup.py install is deprecated -W ignore:easy_install command is deprecated setup.py egg_info --egg-base ../../build/pipe_perception build --build-base /home/shrujans/xolo/build/pipe_perception/build install --record /home/shrujans/xolo/build/pipe_perception/install.log --single-version-externally-managed install_data
