[0.300s] DEBUG:colcon:Command line arguments: ['/usr/bin/colcon', 'build']
[0.300s] DEBUG:colcon:Parsed command line arguments: Namespace(log_base=None, log_level=None, verb_name='build', build_base='build', install_base='install', merge_install=False, symlink_install=False, test_result_base=None, continue_on_error=False, executor='parallel', parallel_workers=8, event_handlers=None, ignore_user_meta=False, metas=['./colcon.meta'], base_paths=['.'], packages_ignore=None, packages_ignore_regex=None, paths=None, packages_up_to=None, packages_up_to_regex=None, packages_above=None, packages_above_and_dependencies=None, packages_above_depth=None, packages_select_by_dep=None, packages_skip_by_dep=None, packages_skip_up_to=None, packages_select_build_failed=False, packages_skip_build_finished=False, packages_select_test_failures=False, packages_skip_test_passed=False, packages_select=None, packages_skip=None, packages_select_regex=None, packages_skip_regex=None, packages_start=None, packages_end=None, allow_overriding=[], cmake_args=None, cmake_target=None, cmake_target_skip_unavailable=False, cmake_clean_cache=False, cmake_clean_first=False, cmake_force_configure=False, ament_cmake_args=None, catkin_cmake_args=None, catkin_skip_building_tests=False, verb_parser=<colcon_defaults.argument_parser.defaults.DefaultArgumentsDecorator object at 0x74215c250460>, verb_extension=<colcon_core.verb.build.BuildVerb object at 0x74215c21bf10>, main=<bound method BuildVerb.main of <colcon_core.verb.build.BuildVerb object at 0x74215c21bf10>>)
[0.477s] Level 1:colcon.colcon_core.package_discovery:discover_packages(colcon_meta) check parameters
[0.478s] Level 1:colcon.colcon_core.package_discovery:discover_packages(recursive) check parameters
[0.478s] Level 1:colcon.colcon_core.package_discovery:discover_packages(ignore) check parameters
[0.478s] Level 1:colcon.colcon_core.package_discovery:discover_packages(path) check parameters
[0.478s] Level 1:colcon.colcon_core.package_discovery:discover_packages(colcon_meta) discover
[0.478s] Level 1:colcon.colcon_core.package_discovery:discover_packages(recursive) discover
[0.478s] INFO:colcon.colcon_core.package_discovery:Crawling recursively for packages in '/home/shrujans/xolo'
[0.478s] Level 1:colcon.colcon_core.package_identification:_identify(.) by extensions ['ignore', 'ignore_ament_install']
[0.478s] Level 1:colcon.colcon_core.package_identification:_identify(.) by extension 'ignore'
[0.478s] Level 1:colcon.colcon_core.package_identification:_identify(.) by extension 'ignore_ament_install'
[0.478s] Level 1:colcon.colcon_core.package_identification:_identify(.) by extensions ['colcon_pkg']
[0.478s] Level 1:colcon.colcon_core.package_identification:_identify(.) by extension 'colcon_pkg'
[0.478s] Level 1:colcon.colcon_core.package_identification:_identify(.) by extensions ['colcon_meta']
[0.478s] Level 1:colcon.colcon_core.package_identification:_identify(.) by extension 'colcon_meta'
[0.478s] Level 1:colcon.colcon_core.package_identification:_identify(.) by extensions ['ros']
[0.478s] Level 1:colcon.colcon_core.package_identification:_identify(.) by extension 'ros'
[0.487s] Level 1:colcon.colcon_core.package_identification:_identify(.) by extensions ['cmake', 'python']
[0.487s] Level 1:colcon.colcon_core.package_identification:_identify(.) by extension 'cmake'
[0.487s] Level 1:colcon.colcon_core.package_identification:_identify(.) by extension 'python'
[0.487s] Level 1:colcon.colcon_core.package_identification:_identify(.) by extensions ['python_setup_py']
[0.487s] Level 1:colcon.colcon_core.package_identification:_identify(.) by extension 'python_setup_py'
[0.487s] Level 1:colcon.colcon_core.package_identification:_identify(build) by extensions ['ignore', 'ignore_ament_install']
[0.487s] Level 1:colcon.colcon_core.package_identification:_identify(build) by extension 'ignore'
[0.487s] Level 1:colcon.colcon_core.package_identification:_identify(build) ignored
[0.487s] Level 1:colcon.colcon_core.package_identification:_identify(install) by extensions ['ignore', 'ignore_ament_install']
[0.487s] Level 1:colcon.colcon_core.package_identification:_identify(install) by extension 'ignore'
[0.487s] Level 1:colcon.colcon_core.package_identification:_identify(install) ignored
[0.487s] Level 1:colcon.colcon_core.package_identification:_identify(log) by extensions ['ignore', 'ignore_ament_install']
[0.487s] Level 1:colcon.colcon_core.package_identification:_identify(log) by extension 'ignore'
[0.487s] Level 1:colcon.colcon_core.package_identification:_identify(log) ignored
[0.488s] Level 1:colcon.colcon_core.package_identification:_identify(src) by extensions ['ignore', 'ignore_ament_install']
[0.488s] Level 1:colcon.colcon_core.package_identification:_identify(src) by extension 'ignore'
[0.488s] Level 1:colcon.colcon_core.package_identification:_identify(src) by extension 'ignore_ament_install'
[0.488s] Level 1:colcon.colcon_core.package_identification:_identify(src) by extensions ['colcon_pkg']
[0.488s] Level 1:colcon.colcon_core.package_identification:_identify(src) by extension 'colcon_pkg'
[0.488s] Level 1:colcon.colcon_core.package_identification:_identify(src) by extensions ['colcon_meta']
[0.488s] Level 1:colcon.colcon_core.package_identification:_identify(src) by extension 'colcon_meta'
[0.488s] Level 1:colcon.colcon_core.package_identification:_identify(src) by extensions ['ros']
[0.488s] Level 1:colcon.colcon_core.package_identification:_identify(src) by extension 'ros'
[0.488s] Level 1:colcon.colcon_core.package_identification:_identify(src) by extensions ['cmake', 'python']
[0.488s] Level 1:colcon.colcon_core.package_identification:_identify(src) by extension 'cmake'
[0.488s] Level 1:colcon.colcon_core.package_identification:_identify(src) by extension 'python'
[0.488s] Level 1:colcon.colcon_core.package_identification:_identify(src) by extensions ['python_setup_py']
[0.488s] Level 1:colcon.colcon_core.package_identification:_identify(src) by extension 'python_setup_py'
[0.488s] Level 1:colcon.colcon_core.package_identification:_identify(src/pipe_perception) by extensions ['ignore', 'ignore_ament_install']
[0.488s] Level 1:colcon.colcon_core.package_identification:_identify(src/pipe_perception) by extension 'ignore'
[0.488s] Level 1:colcon.colcon_core.package_identification:_identify(src/pipe_perception) by extension 'ignore_ament_install'
[0.488s] Level 1:colcon.colcon_core.package_identification:_identify(src/pipe_perception) by extensions ['colcon_pkg']
[0.488s] Level 1:colcon.colcon_core.package_identification:_identify(src/pipe_perception) by extension 'colcon_pkg'
[0.488s] Level 1:colcon.colcon_core.package_identification:_identify(src/pipe_perception) by extensions ['colcon_meta']
[0.488s] Level 1:colcon.colcon_core.package_identification:_identify(src/pipe_perception) by extension 'colcon_meta'
[0.488s] Level 1:colcon.colcon_core.package_identification:_identify(src/pipe_perception) by extensions ['ros']
[0.488s] Level 1:colcon.colcon_core.package_identification:_identify(src/pipe_perception) by extension 'ros'
[0.491s] DEBUG:colcon.colcon_core.package_identification:Package 'src/pipe_perception' with type 'ros.ament_python' and name 'pipe_perception'
[0.491s] Level 1:colcon.colcon_core.package_identification:_identify(src/pipe_simulation) by extensions ['ignore', 'ignore_ament_install']
[0.491s] Level 1:colcon.colcon_core.package_identification:_identify(src/pipe_simulation) by extension 'ignore'
[0.491s] Level 1:colcon.colcon_core.package_identification:_identify(src/pipe_simulation) by extension 'ignore_ament_install'
[0.491s] Level 1:colcon.colcon_core.package_identification:_identify(src/pipe_simulation) by extensions ['colcon_pkg']
[0.491s] Level 1:colcon.colcon_core.package_identification:_identify(src/pipe_simulation) by extension 'colcon_pkg'
[0.491s] Level 1:colcon.colcon_core.package_identification:_identify(src/pipe_simulation) by extensions ['colcon_meta']
[0.491s] Level 1:colcon.colcon_core.package_identification:_identify(src/pipe_simulation) by extension 'colcon_meta'
[0.491s] Level 1:colcon.colcon_core.package_identification:_identify(src/pipe_simulation) by extensions ['ros']
[0.491s] Level 1:colcon.colcon_core.package_identification:_identify(src/pipe_simulation) by extension 'ros'
[0.492s] DEBUG:colcon.colcon_core.package_identification:Package 'src/pipe_simulation' with type 'ros.ament_python' and name 'pipe_simulation'
[0.492s] Level 1:colcon.colcon_core.package_identification:_identify(videos) by extensions ['ignore', 'ignore_ament_install']
[0.492s] Level 1:colcon.colcon_core.package_identification:_identify(videos) by extension 'ignore'
[0.492s] Level 1:colcon.colcon_core.package_identification:_identify(videos) by extension 'ignore_ament_install'
[0.492s] Level 1:colcon.colcon_core.package_identification:_identify(videos) by extensions ['colcon_pkg']
[0.492s] Level 1:colcon.colcon_core.package_identification:_identify(videos) by extension 'colcon_pkg'
[0.492s] Level 1:colcon.colcon_core.package_identification:_identify(videos) by extensions ['colcon_meta']
[0.492s] Level 1:colcon.colcon_core.package_identification:_identify(videos) by extension 'colcon_meta'
[0.492s] Level 1:colcon.colcon_core.package_identification:_identify(videos) by extensions ['ros']
[0.492s] Level 1:colcon.colcon_core.package_identification:_identify(videos) by extension 'ros'
[0.492s] Level 1:colcon.colcon_core.package_identification:_identify(videos) by extensions ['cmake', 'python']
[0.492s] Level 1:colcon.colcon_core.package_identification:_identify(videos) by extension 'cmake'
[0.492s] Level 1:colcon.colcon_core.package_identification:_identify(videos) by extension 'python'
[0.492s] Level 1:colcon.colcon_core.package_identification:_identify(videos) by extensions ['python_setup_py']
[0.493s] Level 1:colcon.colcon_core.package_identification:_identify(videos) by extension 'python_setup_py'
[0.493s] Level 1:colcon.colcon_core.package_discovery:discover_packages(recursive) using defaults
[0.493s] Level 1:colcon.colcon_core.package_discovery:discover_packages(ignore) discover
[0.493s] Level 1:colcon.colcon_core.package_discovery:discover_packages(ignore) using defaults
[0.493s] Level 1:colcon.colcon_core.package_discovery:discover_packages(path) discover
[0.493s] Level 1:colcon.colcon_core.package_discovery:discover_packages(path) using defaults
[0.512s] Level 1:colcon.colcon_core.package_discovery:discover_packages(prefix_path) check parameters
[0.512s] Level 1:colcon.colcon_core.package_discovery:discover_packages(prefix_path) discover
[0.513s] WARNING:colcon.colcon_ros.prefix_path.ament:The path '/home/shrujans/xolo/install/pipe_simulation' in the environment variable AMENT_PREFIX_PATH doesn't exist
[0.513s] WARNING:colcon.colcon_ros.prefix_path.ament:The path '/home/shrujans/xolo/install/pipe_perception' in the environment variable AMENT_PREFIX_PATH doesn't exist
[0.514s] DEBUG:colcon.colcon_installed_package_information.package_discovery:Found 0 installed packages in /home/shrujans/xolo/install
[0.514s] DEBUG:colcon.colcon_installed_package_information.package_discovery:Found 287 installed packages in /opt/ros/humble
[0.520s] Level 1:colcon.colcon_core.package_discovery:discover_packages(prefix_path) using defaults
[0.537s] Level 5:colcon.colcon_core.verb:set package 'pipe_perception' build argument 'cmake_args' from command line to 'None'
[0.537s] Level 5:colcon.colcon_core.verb:set package 'pipe_perception' build argument 'cmake_target' from command line to 'None'
[0.537s] Level 5:colcon.colcon_core.verb:set package 'pipe_perception' build argument 'cmake_target_skip_unavailable' from command line to 'False'
[0.537s] Level 5:colcon.colcon_core.verb:set package 'pipe_perception' build argument 'cmake_clean_cache' from command line to 'False'
[0.537s] Level 5:colcon.colcon_core.verb:set package 'pipe_perception' build argument 'cmake_clean_first' from command line to 'False'
[0.537s] Level 5:colcon.colcon_core.verb:set package 'pipe_perception' build argument 'cmake_force_configure' from command line to 'False'
[0.537s] Level 5:colcon.colcon_core.verb:set package 'pipe_perception' build argument 'ament_cmake_args' from command line to 'None'
[0.537s] Level 5:colcon.colcon_core.verb:set package 'pipe_perception' build argument 'catkin_cmake_args' from command line to 'None'
[0.537s] Level 5:colcon.colcon_core.verb:set package 'pipe_perception' build argument 'catkin_skip_building_tests' from command line to 'False'
[0.537s] DEBUG:colcon.colcon_core.verb:Building package 'pipe_perception' with the following arguments: {'ament_cmake_args': None, 'build_base': '/home/shrujans/xolo/build/pipe_perception', 'catkin_cmake_args': None, 'catkin_skip_building_tests': False, 'cmake_args': None, 'cmake_clean_cache': False, 'cmake_clean_first': False, 'cmake_force_configure': False, 'cmake_target': None, 'cmake_target_skip_unavailable': False, 'install_base': '/home/shrujans/xolo/install/pipe_perception', 'merge_install': False, 'path': '/home/shrujans/xolo/src/pipe_perception', 'symlink_install': False, 'test_result_base': None}
[0.538s] Level 5:colcon.colcon_core.verb:set package 'pipe_simulation' build argument 'cmake_args' from command line to 'None'
[0.538s] Level 5:colcon.colcon_core.verb:set package 'pipe_simulation' build argument 'cmake_target' from command line to 'None'
[0.538s] Level 5:colcon.colcon_core.verb:set package 'pipe_simulation' build argument 'cmake_target_skip_unavailable' from command line to 'False'
[0.538s] Level 5:colcon.colcon_core.verb:set package 'pipe_simulation' build argument 'cmake_clean_cache' from command line to 'False'
[0.538s] Level 5:colcon.colcon_core.verb:set package 'pipe_simulation' build argument 'cmake_clean_first' from command line to 'False'
[0.538s] Level 5:colcon.colcon_core.verb:set package 'pipe_simulation' build argument 'cmake_force_configure' from command line to 'False'
[0.538s] Level 5:colcon.colcon_core.verb:set package 'pipe_simulation' build argument 'ament_cmake_args' from command line to 'None'
[0.538s] Level 5:colcon.colcon_core.verb:set package 'pipe_simulation' build argument 'catkin_cmake_args' from command line to 'None'
[0.538s] Level 5:colcon.colcon_core.verb:set package 'pipe_simulation' build argument 'catkin_skip_building_tests' from command line to 'False'
[0.538s] DEBUG:colcon.colcon_core.verb:Building package 'pipe_simulation' with the following arguments: {'ament_cmake_args': None, 'build_base': '/home/shrujans/xolo/build/pipe_simulation', 'catkin_cmake_args': None, 'catkin_skip_building_tests': False, 'cmake_args': None, 'cmake_clean_cache': False, 'cmake_clean_first': False, 'cmake_force_configure': False, 'cmake_target': None, 'cmake_target_skip_unavailable': False, 'install_base': '/home/shrujans/xolo/install/pipe_simulation', 'merge_install': False, 'path': '/home/shrujans/xolo/src/pipe_simulation', 'symlink_install': False, 'test_result_base': None}
[0.538s] INFO:colcon.colcon_core.executor:Executing jobs using 'parallel' executor
[0.539s] DEBUG:colcon.colcon_parallel_executor.executor.parallel:run_until_complete
[0.539s] INFO:colcon.colcon_ros.task.ament_python.build:Building ROS package in '/home/shrujans/xolo/src/pipe_perception' with build type 'ament_python'
[0.539s] Level 1:colcon.colcon_core.shell:create_environment_hook('pipe_perception', 'ament_prefix_path')
[0.543s] INFO:colcon.colcon_core.plugin_system:Skipping extension 'colcon_core.shell.bat': Not used on non-Windows systems
[0.543s] INFO:colcon.colcon_core.shell:Creating environment hook '/home/shrujans/xolo/install/pipe_perception/share/pipe_perception/hook/ament_prefix_path.ps1'
[0.544s] INFO:colcon.colcon_core.shell:Creating environment descriptor '/home/shrujans/xolo/install/pipe_perception/share/pipe_perception/hook/ament_prefix_path.dsv'
[0.544s] INFO:colcon.colcon_core.shell:Creating environment hook '/home/shrujans/xolo/install/pipe_perception/share/pipe_perception/hook/ament_prefix_path.sh'
[0.545s] INFO:colcon.colcon_core.shell:Skip shell extension 'powershell' for command environment: Not usable outside of PowerShell
[0.545s] DEBUG:colcon.colcon_core.shell:Skip shell extension 'dsv' for command environment
[0.547s] INFO:colcon.colcon_ros.task.ament_python.build:Building ROS package in '/home/shrujans/xolo/src/pipe_simulation' with build type 'ament_python'
[0.547s] Level 1:colcon.colcon_core.shell:create_environment_hook('pipe_simulation', 'ament_prefix_path')
[0.547s] INFO:colcon.colcon_core.shell:Creating environment hook '/home/shrujans/xolo/install/pipe_simulation/share/pipe_simulation/hook/ament_prefix_path.ps1'
[0.548s] INFO:colcon.colcon_core.shell:Creating environment descriptor '/home/shrujans/xolo/install/pipe_simulation/share/pipe_simulation/hook/ament_prefix_path.dsv'
[0.548s] INFO:colcon.colcon_core.shell:Creating environment hook '/home/shrujans/xolo/install/pipe_simulation/share/pipe_simulation/hook/ament_prefix_path.sh'
[0.548s] INFO:colcon.colcon_core.shell:Skip shell extension 'powershell' for command environment: Not usable outside of PowerShell
[0.548s] DEBUG:colcon.colcon_core.shell:Skip shell extension 'dsv' for command environment
[0.662s] INFO:colcon.colcon_core.task.python.build:Building Python package in '/home/shrujans/xolo/src/pipe_perception'
[0.662s] INFO:colcon.colcon_core.shell:Skip shell extension 'powershell' for command environment: Not usable outside of PowerShell
[0.662s] DEBUG:colcon.colcon_core.shell:Skip shell extension 'dsv' for command environment
[0.771s] INFO:colcon.colcon_core.task.python.build:Building Python package in '/home/shrujans/xolo/src/pipe_simulation'
[0.772s] INFO:colcon.colcon_core.shell:Skip shell extension 'powershell' for command environment: Not usable outside of PowerShell
[0.772s] DEBUG:colcon.colcon_core.shell:Skip shell extension 'dsv' for command environment
[1.019s] DEBUG:colcon.colcon_core.event_handler.log_command:Invoking command in '/home/shrujans/xolo/src/pipe_simulation': PYTHONPATH=/home/shrujans/xolo/build/pipe_simulation/prefix_override:/usr/lib/python3/dist-packages/colcon_core/task/python/colcon_distutils_commands:/home/shrujans/xolo/install/pipe_simulation/lib/python3.10/site-packages:${PYTHONPATH} /usr/bin/python3 -W ignore:setup.py install is deprecated -W ignore:easy_install command is deprecated setup.py egg_info --egg-base ../../build/pipe_simulation build --build-base /home/shrujans/xolo/build/pipe_simulation/build install --record /home/shrujans/xolo/build/pipe_simulation/install.log --single-version-externally-managed install_data
[1.023s] DEBUG:colcon.colcon_core.event_handler.log_command:Invoking command in '/home/shrujans/xolo/src/pipe_perception': PYTHONPATH=/home/shrujans/xolo/build/pipe_perception/prefix_override:/usr/lib/python3/dist-packages/colcon_core/task/python/colcon_distutils_commands:/home/shrujans/xolo/install/pipe_perception/lib/python3.10/site-packages:${PYTHONPATH} /usr/bin/python3 -W ignore:setup.py install is deprecated -W ignore:easy_install command is deprecated setup.py egg_info --egg-base ../../build/pipe_perception build --build-base /home/shrujans/xolo/build/pipe_perception/build install --record /home/shrujans/xolo/build/pipe_perception/install.log --single-version-externally-managed install_data
[1.158s] DEBUG:colcon.colcon_core.event_handler.log_command:Invoked command in '/home/shrujans/xolo/src/pipe_simulation' returned '0': PYTHONPATH=/home/shrujans/xolo/build/pipe_simulation/prefix_override:/usr/lib/python3/dist-packages/colcon_core/task/python/colcon_distutils_commands:/home/shrujans/xolo/install/pipe_simulation/lib/python3.10/site-packages:${PYTHONPATH} /usr/bin/python3 -W ignore:setup.py install is deprecated -W ignore:easy_install command is deprecated setup.py egg_info --egg-base ../../build/pipe_simulation build --build-base /home/shrujans/xolo/build/pipe_simulation/build install --record /home/shrujans/xolo/build/pipe_simulation/install.log --single-version-externally-managed install_data
[1.162s] Level 1:colcon.colcon_core.environment:checking '/home/shrujans/xolo/install/pipe_simulation' for CMake module files
[1.162s] Level 1:colcon.colcon_core.environment:checking '/home/shrujans/xolo/install/pipe_simulation' for CMake config files
[1.162s] Level 1:colcon.colcon_core.environment:checking '/home/shrujans/xolo/install/pipe_simulation/lib'
[1.163s] Level 1:colcon.colcon_core.environment:checking '/home/shrujans/xolo/install/pipe_simulation/bin'
[1.163s] Level 1:colcon.colcon_core.environment:checking '/home/shrujans/xolo/install/pipe_simulation/lib/pkgconfig/pipe_simulation.pc'
[1.163s] Level 1:colcon.colcon_core.environment:checking '/home/shrujans/xolo/install/pipe_simulation/lib/python3.10/site-packages'
[1.163s] Level 1:colcon.colcon_core.shell:create_environment_hook('pipe_simulation', 'pythonpath')
[1.163s] INFO:colcon.colcon_core.shell:Creating environment hook '/home/shrujans/xolo/install/pipe_simulation/share/pipe_simulation/hook/pythonpath.ps1'
[1.163s] INFO:colcon.colcon_core.shell:Creating environment descriptor '/home/shrujans/xolo/install/pipe_simulation/share/pipe_simulation/hook/pythonpath.dsv'
[1.163s] INFO:colcon.colcon_core.shell:Creating environment hook '/home/shrujans/xolo/install/pipe_simulation/share/pipe_simulation/hook/pythonpath.sh'
[1.164s] Level 1:colcon.colcon_core.environment:checking '/home/shrujans/xolo/install/pipe_simulation/bin'
[1.164s] Level 1:colcon.colcon_core.environment:create_environment_scripts_only(pipe_simulation)
[1.164s] INFO:colcon.colcon_core.shell:Creating package script '/home/shrujans/xolo/install/pipe_simulation/share/pipe_simulation/package.ps1'
[1.164s] INFO:colcon.colcon_core.shell:Creating package descriptor '/home/shrujans/xolo/install/pipe_simulation/share/pipe_simulation/package.dsv'
[1.165s] INFO:colcon.colcon_core.shell:Creating package script '/home/shrujans/xolo/install/pipe_simulation/share/pipe_simulation/package.sh'
[1.165s] INFO:colcon.colcon_core.shell:Creating package script '/home/shrujans/xolo/install/pipe_simulation/share/pipe_simulation/package.bash'
[1.166s] INFO:colcon.colcon_core.shell:Creating package script '/home/shrujans/xolo/install/pipe_simulation/share/pipe_simulation/package.zsh'
[1.166s] Level 1:colcon.colcon_core.environment:create_file_with_runtime_dependencies(/home/shrujans/xolo/install/pipe_simulation/share/colcon-core/packages/pipe_simulation)
[1.167s] Level 1:colcon.colcon_core.environment:checking '/home/shrujans/xolo/install/pipe_perception' for CMake module files
[1.168s] DEBUG:colcon.colcon_core.event_handler.log_command:Invoked command in '/home/shrujans/xolo/src/pipe_perception' returned '0': PYTHONPATH=/home/shrujans/xolo/build/pipe_perception/prefix_override:/usr/lib/python3/dist-packages/colcon_core/task/python/colcon_distutils_commands:/home/shrujans/xolo/install/pipe_perception/lib/python3.10/site-packages:${PYTHONPATH} /usr/bin/python3 -W ignore:setup.py install is deprecated -W ignore:easy_install command is deprecated setup.py egg_info --egg-base ../../build/pipe_perception build --build-base /home/shrujans/xolo/build/pipe_perception/build install --record /home/shrujans/xolo/build/pipe_perception/install.log --single-version-externally-managed install_data
[1.168s] Level 1:colcon.colcon_core.environment:checking '/home/shrujans/xolo/install/pipe_perception' for CMake config files
[1.168s] Level 1:colcon.colcon_core.environment:checking '/home/shrujans/xolo/install/pipe_perception/lib'
[1.168s] Level 1:colcon.colcon_core.environment:checking '/home/shrujans/xolo/install/pipe_perception/bin'
[1.168s] Level 1:colcon.colcon_core.environment:checking '/home/shrujans/xolo/install/pipe_perception/lib/pkgconfig/pipe_perception.pc'
[1.168s] Level 1:colcon.colcon_core.environment:checking '/home/shrujans/xolo/install/pipe_perception/lib/python3.10/site-packages'
[1.168s] Level 1:colcon.colcon_core.shell:create_environment_hook('pipe_perception', 'pythonpath')
[1.169s] INFO:colcon.colcon_core.shell:Creating environment hook '/home/shrujans/xolo/install/pipe_perception/share/pipe_perception/hook/pythonpath.ps1'
[1.169s] INFO:colcon.colcon_core.shell:Creating environment descriptor '/home/shrujans/xolo/install/pipe_perception/share/pipe_perception/hook/pythonpath.dsv'
[1.169s] INFO:colcon.colcon_core.shell:Creating environment hook '/home/shrujans/xolo/install/pipe_perception/share/pipe_perception/hook/pythonpath.sh'
[1.169s] Level 1:colcon.colcon_core.environment:checking '/home/shrujans/xolo/install/pipe_perception/bin'
[1.169s] Level 1:colcon.colcon_core.environment:create_environment_scripts_only(pipe_perception)
[1.169s] INFO:colcon.colcon_core.shell:Creating package script '/home/shrujans/xolo/install/pipe_perception/share/pipe_perception/package.ps1'
[1.170s] INFO:colcon.colcon_core.shell:Creating package descriptor '/home/shrujans/xolo/install/pipe_perception/share/pipe_perception/package.dsv'
[1.170s] INFO:colcon.colcon_core.shell:Creating package script '/home/shrujans/xolo/install/pipe_perception/share/pipe_perception/package.sh'
[1.170s] INFO:colcon.colcon_core.shell:Creating package script '/home/shrujans/xolo/install/pipe_perception/share/pipe_perception/package.bash'
[1.170s] INFO:colcon.colcon_core.shell:Creating package script '/home/shrujans/xolo/install/pipe_perception/share/pipe_perception/package.zsh'
[1.170s] Level 1:colcon.colcon_core.environment:create_file_with_runtime_dependencies(/home/shrujans/xolo/install/pipe_perception/share/colcon-core/packages/pipe_perception)
[1.171s] DEBUG:colcon.colcon_parallel_executor.executor.parallel:closing loop
[1.171s] DEBUG:colcon.colcon_parallel_executor.executor.parallel:loop closed
[1.171s] DEBUG:colcon.colcon_parallel_executor.executor.parallel:run_until_complete finished with '0'
[1.171s] DEBUG:colcon.colcon_core.event_reactor:joining thread
[1.251s] INFO:colcon.colcon_core.plugin_system:Skipping extension 'colcon_notification.desktop_notification.notify_send': Could not find 'notify-send'
[1.251s] INFO:colcon.colcon_core.plugin_system:Skipping extension 'colcon_notification.desktop_notification.terminal_notifier': Not used on non-Darwin systems
[1.251s] INFO:colcon.colcon_core.plugin_system:Skipping extension 'colcon_notification.desktop_notification.win32': Not used on non-Windows systems
[1.251s] INFO:colcon.colcon_notification.desktop_notification:Sending desktop notification using 'notify2'
[1.252s] DEBUG:colcon.colcon_notification.desktop_notification.notify2:Failed to initialize notify2: org.freedesktop.DBus.Error.FileNotFound: Failed to connect to socket /run/user/1000/bus: No such file or directory
[1.252s] DEBUG:colcon.colcon_core.event_reactor:joined thread
[1.252s] INFO:colcon.colcon_core.shell:Creating prefix script '/home/shrujans/xolo/install/local_setup.ps1'
[1.254s] INFO:colcon.colcon_core.shell:Creating prefix util module '/home/shrujans/xolo/install/_local_setup_util_ps1.py'
[1.254s] INFO:colcon.colcon_core.shell:Creating prefix chain script '/home/shrujans/xolo/install/setup.ps1'
[1.255s] INFO:colcon.colcon_core.shell:Creating prefix script '/home/shrujans/xolo/install/local_setup.sh'
[1.256s] INFO:colcon.colcon_core.shell:Creating prefix util module '/home/shrujans/xolo/install/_local_setup_util_sh.py'
[1.256s] INFO:colcon.colcon_core.shell:Creating prefix chain script '/home/shrujans/xolo/install/setup.sh'
[1.257s] INFO:colcon.colcon_core.shell:Creating prefix script '/home/shrujans/xolo/install/local_setup.bash'
[1.257s] INFO:colcon.colcon_core.shell:Creating prefix chain script '/home/shrujans/xolo/install/setup.bash'
[1.258s] INFO:colcon.colcon_core.shell:Creating prefix script '/home/shrujans/xolo/install/local_setup.zsh'
[1.258s] INFO:colcon.colcon_core.shell:Creating prefix chain script '/home/shrujans/xolo/install/setup.zsh'
