[0.000000] (-) TimerEvent: {}
[0.000108] (-) JobUnselected: {'identifier': 'pipe_perception'}
[0.000127] (pipe_simulation) JobQueued: {'identifier': 'pipe_simulation', 'dependencies': OrderedDict()}
[0.000139] (pipe_simulation) JobStarted: {'identifier': 'pipe_simulation'}
[0.099241] (-) TimerEvent: {}
[0.199388] (-) TimerEvent: {}
[0.299504] (-) TimerEvent: {}
[0.339461] (pipe_simulation) Command: {'cmd': ['/usr/bin/python3', '-W', 'ignore:setup.py install is deprecated', '-W', 'ignore:easy_install command is deprecated', 'setup.py', 'develop', '--editable', '--build-directory', '/home/shrujans/xolo/build/pipe_simulation/build', '--no-deps', 'symlink_data', '--force'], 'cwd': '/home/shrujans/xolo/build/pipe_simulation', 'env': {'USER': 'shrujans', 'SHLVL': '1', 'LD_LIBRARY_PATH': '/opt/ros/humble/opt/rviz_ogre_vendor/lib:/opt/ros/humble/lib/x86_64-linux-gnu:/opt/ros/humble/lib', 'HOME': '/home/shrujans', 'OLDPWD': '/home/shrujans/xolo', 'ROS_PYTHON_VERSION': '3', 'DBUS_SESSION_BUS_ADDRESS': 'unix:path=/run/user/1000/bus', 'WSL_DISTRO_NAME': 'Ubuntu-22.04', 'WAYLAND_DISPLAY': 'wayland-0', 'ROS_DISTRO': 'humble', 'LOGNAME': 'shrujans', 'NAME': 'ShrujanLenovo1', 'WSL_INTEROP': '/run/WSL/3835_interop', 'PULSE_SERVER': 'unix:/mnt/wslg/PulseServer', '_': '/usr/bin/colcon', 'ROS_VERSION': '2', 'TERM': 'xterm-256color', 'ROS_LOCALHOST_ONLY': '0', 'PATH': '/opt/ros/humble/bin:/usr/local/sbin:/usr/local/bin:/usr/sbin:/usr/bin:/sbin:/bin:/usr/games:/usr/local/games:/usr/lib/wsl/lib:/mnt/c/Users/shruj/bin:/mnt/c/Program Files/Git/mingw64/bin:/mnt/c/Program Files/Git/usr/local/bin:/mnt/c/Program Files/Git/usr/bin:/mnt/c/Program Files/Git/usr/bin:/mnt/c/Program Files/Git/mingw64/bin:/mnt/c/Program Files/Git/usr/bin:/mnt/c/Users/shruj/bin:/mnt/c/Python3.14/Scripts:/mnt/c/Program Files (x86)/Common Files/Oracle/Java/java8path:/mnt/c/Program Files (x86)/Common Files/Oracle/Java/javapath:/mnt/c/Windows/system32:/mnt/c/Windows:/mnt/c/Windows/System32/Wbem:/mnt/c/Windows/System32/WindowsPowerShell/v1.0:/mnt/c/Windows/System32/OpenSSH:/mnt/c/Program Files/nodejs:/mnt/c/ProgramData/chocolatey/bin:/mnt/c/Program Files/CMake/bin:/mnt/c/Program Files/Git/cmd:/mnt/c/Program Files/Docker/Docker/resources/bin:/mnt/c/Program Files/Amazon/AWSCLIV2:/mnt/c/Users/shruj/AppData/Local/Programs/Python/Python312/Scripts:/mnt/c/Users/shruj/AppData/Local/Programs/Python/Python312:/mnt/c/Python3.14/Scripts:/mnt/c/Python3.14:/mnt/c/Users/shruj/AppData/Local/Programs/Python/Launcher:/mnt/c/Users/shruj/.local/bin:/mnt/c/Users/shruj/AppData/Local/pnpm:/mnt/c/Users/shruj/AppData/Local/Microsoft/WindowsApps:/mnt/c/Users/shruj/AppData/Local/Programs/Microsoft VS Code/bin:/mnt/c/Users/shruj/AppData/Local/GitHubDesktop/bin:/mnt/c/Users/shruj/AppData/Roaming/npm:/mnt/c/Users/shruj/AppData/Local/Python/bin:/mnt/c/Program Files/Git/usr/bin/vendor_perl:/mnt/c/Program Files/Git/usr/bin/core_perl', 'XDG_RUNTIME_DIR': '/run/user/1000/', 'DISPLAY': ':0', 'LANG': 'en_US.UTF-8', 'AMENT_PREFIX_PATH': '/opt/ros/humble', 'SHELL': '/bin/bash', 'PWD': '/home/shrujans/xolo/build/pipe_simulation', 'PYTHONPATH': '/home/shrujans/xolo/build/pipe_simulation/prefix_override:/usr/lib/python3/dist-packages/colcon_core/task/python/colcon_distutils_commands:/home/shrujans/xolo/install/pipe_simulation/lib/python3.10/site-packages:/opt/ros/humble/lib/python3.10/site-packages:/opt/ros/humble/local/lib/python3.10/dist-packages', 'COLCON': '1', 'WSL2_GUI_APPS_ENABLED': '1', 'HOSTTYPE': 'x86_64', 'WSLENV': 'ELECTRON_RUN_AS_NODE/w:'}, 'shell': False}
[0.399612] (-) TimerEvent: {}
[0.478282] (pipe_simulation) StdoutLine: {'line': b'running develop\n'}
[0.499662] (-) TimerEvent: {}
[0.551011] (pipe_simulation) StdoutLine: {'line': b'running egg_info\n'}
[0.551209] (pipe_simulation) StdoutLine: {'line': b'writing pipe_simulation.egg-info/PKG-INFO\n'}
[0.551476] (pipe_simulation) StdoutLine: {'line': b'writing dependency_links to pipe_simulation.egg-info/dependency_links.txt\n'}
[0.551865] (pipe_simulation) StdoutLine: {'line': b'writing entry points to pipe_simulation.egg-info/entry_points.txt\n'}
[0.551937] (pipe_simulation) StdoutLine: {'line': b'writing requirements to pipe_simulation.egg-info/requires.txt\n'}
[0.551979] (pipe_simulation) StdoutLine: {'line': b'writing top-level names to pipe_simulation.egg-info/top_level.txt\n'}
[0.552999] (pipe_simulation) StdoutLine: {'line': b"reading manifest file 'pipe_simulation.egg-info/SOURCES.txt'\n"}
[0.553466] (pipe_simulation) StdoutLine: {'line': b"writing manifest file 'pipe_simulation.egg-info/SOURCES.txt'\n"}
[0.554097] (pipe_simulation) StdoutLine: {'line': b'running build_ext\n'}
[0.554204] (pipe_simulation) StdoutLine: {'line': b'Creating /home/shrujans/xolo/install/pipe_simulation/lib/python3.10/site-packages/pipe-simulation.egg-link (link to .)\n'}
[0.554679] (pipe_simulation) StdoutLine: {'line': b'Installing odom_depth_node script to /home/shrujans/xolo/install/pipe_simulation/lib/pipe_simulation\n'}
[0.554902] (pipe_simulation) StdoutLine: {'line': b'\n'}
[0.554963] (pipe_simulation) StdoutLine: {'line': b'Installed /home/shrujans/xolo/build/pipe_simulation\n'}
[0.554994] (pipe_simulation) StdoutLine: {'line': b'running symlink_data\n'}
[0.555096] (pipe_simulation) StdoutLine: {'line': b'symbolically linking /home/shrujans/xolo/build/pipe_simulation/resource/pipe_simulation -> /home/shrujans/xolo/install/pipe_simulation/share/ament_index/resource_index/packages\n'}
[0.555336] (pipe_simulation) StdoutLine: {'line': b'symbolically linking /home/shrujans/xolo/build/pipe_simulation/package.xml -> /home/shrujans/xolo/install/pipe_simulation/share/pipe_simulation\n'}
[0.555438] (pipe_simulation) StdoutLine: {'line': b'symbolically linking /home/shrujans/xolo/build/pipe_simulation/launch/gazebo.launch.py -> /home/shrujans/xolo/install/pipe_simulation/share/pipe_simulation/launch\n'}
[0.555644] (pipe_simulation) StdoutLine: {'line': b'symbolically linking /home/shrujans/xolo/build/pipe_simulation/launch/sim.launch.py -> /home/shrujans/xolo/install/pipe_simulation/share/pipe_simulation/launch\n'}
[0.555960] (pipe_simulation) StdoutLine: {'line': b'symbolically linking /home/shrujans/xolo/build/pipe_simulation/urdf/pipe_bot.urdf.xacro -> /home/shrujans/xolo/install/pipe_simulation/share/pipe_simulation/urdf\n'}
[0.556212] (pipe_simulation) StdoutLine: {'line': b'symbolically linking /home/shrujans/xolo/build/pipe_simulation/worlds/pipe.world -> /home/shrujans/xolo/install/pipe_simulation/share/pipe_simulation/worlds\n'}
[0.556331] (pipe_simulation) StdoutLine: {'line': b'symbolically linking /home/shrujans/xolo/build/pipe_simulation/meshes/pipe_hollow.stl -> /home/shrujans/xolo/install/pipe_simulation/share/pipe_simulation/meshes\n'}
[0.556490] (pipe_simulation) StdoutLine: {'line': b'symbolically linking /home/shrujans/xolo/build/pipe_simulation/config/bridge.yaml -> /home/shrujans/xolo/install/pipe_simulation/share/pipe_simulation/config\n'}
[0.556699] (pipe_simulation) StdoutLine: {'line': b'symbolically linking /home/shrujans/xolo/build/pipe_simulation/rviz/sim.rviz -> /home/shrujans/xolo/install/pipe_simulation/share/pipe_simulation/rviz\n'}
[0.571844] (pipe_simulation) CommandEnded: {'returncode': 0}
[0.578798] (pipe_simulation) JobEnded: {'identifier': 'pipe_simulation', 'rc': 0}
[0.579498] (-) EventReactorShutdown: {}
