[0.573s] Invoking command in '/home/shrujans/xolo/src/pipe_perception': PYTHONPATH=/home/shrujans/xolo/build/pipe_perception/prefix_override:/usr/lib/python3/dist-packages/colcon_core/task/python/colcon_distutils_commands:/home/shrujans/xolo/install/pipe_perception/lib/python3.10/site-packages:${PYTHONPATH} /usr/bin/python3 -W ignore:setup.py install is deprecated -W ignore:easy_install command is deprecated setup.py egg_info --egg-base ../../build/pipe_perception build --build-base /home/shrujans/xolo/build/pipe_perception/build install --record /home/shrujans/xolo/build/pipe_perception/install.log --single-version-externally-managed install_data
[0.680s] running egg_info
[0.681s] writing ../../build/pipe_perception/pipe_perception.egg-info/PKG-INFO
[0.681s] writing dependency_links to ../../build/pipe_perception/pipe_perception.egg-info/dependency_links.txt
[0.681s] writing entry points to ../../build/pipe_perception/pipe_perception.egg-info/entry_points.txt
[0.682s] writing requirements to ../../build/pipe_perception/pipe_perception.egg-info/requires.txt
[0.682s] writing top-level names to ../../build/pipe_perception/pipe_perception.egg-info/top_level.txt
[0.684s] reading manifest file '../../build/pipe_perception/pipe_perception.egg-info/SOURCES.txt'
[0.685s] writing manifest file '../../build/pipe_perception/pipe_perception.egg-info/SOURCES.txt'
[0.685s] running build
[0.685s] running build_py
[0.685s] copying pipe_perception/nodes/cylinder_visualizer_3d_node.py -> /home/shrujans/xolo/build/pipe_perception/build/lib/pipe_perception/nodes
[0.686s] running install
[0.686s] running install_lib
[0.687s] copying /home/shrujans/xolo/build/pipe_perception/build/lib/pipe_perception/nodes/cylinder_visualizer_3d_node.py -> /home/shrujans/xolo/install/pipe_perception/lib/python3.10/site-packages/pipe_perception/nodes
[0.689s] byte-compiling /home/shrujans/xolo/install/pipe_perception/lib/python3.10/site-packages/pipe_perception/nodes/cylinder_visualizer_3d_node.py to cylinder_visualizer_3d_node.cpython-310.pyc
[0.690s] running install_data
[0.691s] running install_egg_info
[0.692s] removing '/home/shrujans/xolo/install/pipe_perception/lib/python3.10/site-packages/pipe_perception-0.0.1-py3.10.egg-info' (and everything under it)
[0.692s] Copying ../../build/pipe_perception/pipe_perception.egg-info to /home/shrujans/xolo/install/pipe_perception/lib/python3.10/site-packages/pipe_perception-0.0.1-py3.10.egg-info
[0.693s] running install_scripts
[0.705s] Installing coverage_mapper_node script to /home/shrujans/xolo/install/pipe_perception/lib/pipe_perception
[0.706s] Installing cylinder_unwrap_node script to /home/shrujans/xolo/install/pipe_perception/lib/pipe_perception
[0.706s] Installing cylinder_visualizer_3d_node script to /home/shrujans/xolo/install/pipe_perception/lib/pipe_perception
[0.706s] Installing video_ingest_node script to /home/shrujans/xolo/install/pipe_perception/lib/pipe_perception
[0.706s] writing list of installed files to '/home/shrujans/xolo/build/pipe_perception/install.log'
[0.731s] Invoked command in '/home/shrujans/xolo/src/pipe_perception' returned '0': PYTHONPATH=/home/shrujans/xolo/build/pipe_perception/prefix_override:/usr/lib/python3/dist-packages/colcon_core/task/python/colcon_distutils_commands:/home/shrujans/xolo/install/pipe_perception/lib/python3.10/site-packages:${PYTHONPATH} /usr/bin/python3 -W ignore:setup.py install is deprecated -W ignore:easy_install command is deprecated setup.py egg_info --egg-base ../../build/pipe_perception build --build-base /home/shrujans/xolo/build/pipe_perception/build install --record /home/shrujans/xolo/build/pipe_perception/install.log --single-version-externally-managed install_data
