[0.447s] Invoking command in '/home/shrujans/inspectly/src/pipe_perception': PYTHONPATH=/home/shrujans/inspectly/build/pipe_perception/prefix_override:/usr/lib/python3/dist-packages/colcon_core/task/python/colcon_distutils_commands:/home/shrujans/inspectly/install/pipe_perception/lib/python3.10/site-packages:${PYTHONPATH} /usr/bin/python3 -W ignore:setup.py install is deprecated -W ignore:easy_install command is deprecated setup.py egg_info --egg-base ../../build/pipe_perception build --build-base /home/shrujans/inspectly/build/pipe_perception/build install --record /home/shrujans/inspectly/build/pipe_perception/install.log --single-version-externally-managed install_data
[0.556s] running egg_info
[0.556s] writing ../../build/pipe_perception/pipe_perception.egg-info/PKG-INFO
[0.556s] writing dependency_links to ../../build/pipe_perception/pipe_perception.egg-info/dependency_links.txt
[0.556s] writing entry points to ../../build/pipe_perception/pipe_perception.egg-info/entry_points.txt
[0.556s] writing requirements to ../../build/pipe_perception/pipe_perception.egg-info/requires.txt
[0.556s] writing top-level names to ../../build/pipe_perception/pipe_perception.egg-info/top_level.txt
[0.557s] reading manifest file '../../build/pipe_perception/pipe_perception.egg-info/SOURCES.txt'
[0.558s] writing manifest file '../../build/pipe_perception/pipe_perception.egg-info/SOURCES.txt'
[0.558s] running build
[0.558s] running build_py
[0.559s] running install
[0.559s] running install_lib
[0.560s] running install_data
[0.560s] copying pipe_perception/launch/pipe_perception.launch.py -> /home/shrujans/inspectly/install/pipe_perception/share/pipe_perception/launch
[0.561s] running install_egg_info
[0.562s] removing '/home/shrujans/inspectly/install/pipe_perception/lib/python3.10/site-packages/pipe_perception-0.0.1-py3.10.egg-info' (and everything under it)
[0.562s] Copying ../../build/pipe_perception/pipe_perception.egg-info to /home/shrujans/inspectly/install/pipe_perception/lib/python3.10/site-packages/pipe_perception-0.0.1-py3.10.egg-info
[0.563s] running install_scripts
[0.574s] Installing coverage_mapper_node script to /home/shrujans/inspectly/install/pipe_perception/lib/pipe_perception
[0.574s] Installing cylinder_unwrap_node script to /home/shrujans/inspectly/install/pipe_perception/lib/pipe_perception
[0.574s] Installing cylinder_visualizer_3d_node script to /home/shrujans/inspectly/install/pipe_perception/lib/pipe_perception
[0.574s] Installing video_ingest_node script to /home/shrujans/inspectly/install/pipe_perception/lib/pipe_perception
[0.575s] writing list of installed files to '/home/shrujans/inspectly/build/pipe_perception/install.log'
[0.588s] Invoked command in '/home/shrujans/inspectly/src/pipe_perception' returned '0': PYTHONPATH=/home/shrujans/inspectly/build/pipe_perception/prefix_override:/usr/lib/python3/dist-packages/colcon_core/task/python/colcon_distutils_commands:/home/shrujans/inspectly/install/pipe_perception/lib/python3.10/site-packages:${PYTHONPATH} /usr/bin/python3 -W ignore:setup.py install is deprecated -W ignore:easy_install command is deprecated setup.py egg_info --egg-base ../../build/pipe_perception build --build-base /home/shrujans/inspectly/build/pipe_perception/build install --record /home/shrujans/inspectly/build/pipe_perception/install.log --single-version-externally-managed install_data
