[0.604s] Invoking command in '/home/shrujans/inspectly/build/pipe_simulation': PYTHONPATH=/home/shrujans/inspectly/build/pipe_simulation/prefix_override:/usr/lib/python3/dist-packages/colcon_core/task/python/colcon_distutils_commands:/home/shrujans/inspectly/install/pipe_simulation/lib/python3.10/site-packages:${PYTHONPATH} /usr/bin/python3 -W ignore:setup.py install is deprecated -W ignore:easy_install command is deprecated setup.py develop --editable --build-directory /home/shrujans/inspectly/build/pipe_simulation/build --no-deps symlink_data
[0.726s] running develop
[0.790s] running egg_info
[0.790s] creating pipe_simulation.egg-info
[0.790s] writing pipe_simulation.egg-info/PKG-INFO
[0.791s] writing dependency_links to pipe_simulation.egg-info/dependency_links.txt
[0.791s] writing entry points to pipe_simulation.egg-info/entry_points.txt
[0.791s] writing requirements to pipe_simulation.egg-info/requires.txt
[0.791s] writing top-level names to pipe_simulation.egg-info/top_level.txt
[0.791s] writing manifest file 'pipe_simulation.egg-info/SOURCES.txt'
[0.792s] reading manifest file 'pipe_simulation.egg-info/SOURCES.txt'
[0.793s] writing manifest file 'pipe_simulation.egg-info/SOURCES.txt'
[0.793s] running build_ext
[0.793s] Creating /home/shrujans/inspectly/install/pipe_simulation/lib/python3.10/site-packages/pipe-simulation.egg-link (link to .)
[0.793s] Installing odom_depth_node script to /home/shrujans/inspectly/install/pipe_simulation/lib/pipe_simulation
[0.794s] 
[0.794s] Installed /home/shrujans/inspectly/build/pipe_simulation
[0.794s] running symlink_data
[0.794s] creating /home/shrujans/inspectly/install/pipe_simulation/share/ament_index
[0.794s] creating /home/shrujans/inspectly/install/pipe_simulation/share/ament_index/resource_index
[0.794s] creating /home/shrujans/inspectly/install/pipe_simulation/share/ament_index/resource_index/packages
[0.794s] symbolically linking /home/shrujans/inspectly/build/pipe_simulation/resource/pipe_simulation -> /home/shrujans/inspectly/install/pipe_simulation/share/ament_index/resource_index/packages
[0.794s] symbolically linking /home/shrujans/inspectly/build/pipe_simulation/package.xml -> /home/shrujans/inspectly/install/pipe_simulation/share/pipe_simulation
[0.794s] creating /home/shrujans/inspectly/install/pipe_simulation/share/pipe_simulation/launch
[0.795s] symbolically linking /home/shrujans/inspectly/build/pipe_simulation/launch/gazebo.launch.py -> /home/shrujans/inspectly/install/pipe_simulation/share/pipe_simulation/launch
[0.795s] symbolically linking /home/shrujans/inspectly/build/pipe_simulation/launch/sim.launch.py -> /home/shrujans/inspectly/install/pipe_simulation/share/pipe_simulation/launch
[0.795s] creating /home/shrujans/inspectly/install/pipe_simulation/share/pipe_simulation/urdf
[0.795s] symbolically linking /home/shrujans/inspectly/build/pipe_simulation/urdf/pipe_bot.urdf.xacro -> /home/shrujans/inspectly/install/pipe_simulation/share/pipe_simulation/urdf
[0.795s] creating /home/shrujans/inspectly/install/pipe_simulation/share/pipe_simulation/worlds
[0.795s] symbolically linking /home/shrujans/inspectly/build/pipe_simulation/worlds/pipe.world -> /home/shrujans/inspectly/install/pipe_simulation/share/pipe_simulation/worlds
[0.795s] creating /home/shrujans/inspectly/install/pipe_simulation/share/pipe_simulation/meshes
[0.796s] symbolically linking /home/shrujans/inspectly/build/pipe_simulation/meshes/pipe_hollow.stl -> /home/shrujans/inspectly/install/pipe_simulation/share/pipe_simulation/meshes
[0.796s] creating /home/shrujans/inspectly/install/pipe_simulation/share/pipe_simulation/config
[0.796s] symbolically linking /home/shrujans/inspectly/build/pipe_simulation/config/bridge.yaml -> /home/shrujans/inspectly/install/pipe_simulation/share/pipe_simulation/config
[0.796s] creating /home/shrujans/inspectly/install/pipe_simulation/share/pipe_simulation/rviz
[0.797s] symbolically linking /home/shrujans/inspectly/build/pipe_simulation/rviz/sim.rviz -> /home/shrujans/inspectly/install/pipe_simulation/share/pipe_simulation/rviz
[0.814s] Invoked command in '/home/shrujans/inspectly/build/pipe_simulation' returned '0': PYTHONPATH=/home/shrujans/inspectly/build/pipe_simulation/prefix_override:/usr/lib/python3/dist-packages/colcon_core/task/python/colcon_distutils_commands:/home/shrujans/inspectly/install/pipe_simulation/lib/python3.10/site-packages:${PYTHONPATH} /usr/bin/python3 -W ignore:setup.py install is deprecated -W ignore:easy_install command is deprecated setup.py develop --editable --build-directory /home/shrujans/inspectly/build/pipe_simulation/build --no-deps symlink_data
