[0.710s] Invoking command in '/home/shrujans/xolo/src/pipe_simulation': PYTHONPATH=/home/shrujans/xolo/build/pipe_simulation/prefix_override:/usr/lib/python3/dist-packages/colcon_core/task/python/colcon_distutils_commands:/home/shrujans/xolo/install/pipe_simulation/lib/python3.10/site-packages:${PYTHONPATH} /usr/bin/python3 -W ignore:setup.py install is deprecated -W ignore:easy_install command is deprecated setup.py egg_info --egg-base ../../build/pipe_simulation build --build-base /home/shrujans/xolo/build/pipe_simulation/build install --record /home/shrujans/xolo/build/pipe_simulation/install.log --single-version-externally-managed install_data
[0.862s] running egg_info
[0.863s] writing ../../build/pipe_simulation/pipe_simulation.egg-info/PKG-INFO
[0.863s] writing dependency_links to ../../build/pipe_simulation/pipe_simulation.egg-info/dependency_links.txt
[0.863s] writing entry points to ../../build/pipe_simulation/pipe_simulation.egg-info/entry_points.txt
[0.863s] writing requirements to ../../build/pipe_simulation/pipe_simulation.egg-info/requires.txt
[0.863s] writing top-level names to ../../build/pipe_simulation/pipe_simulation.egg-info/top_level.txt
[0.865s] reading manifest file '../../build/pipe_simulation/pipe_simulation.egg-info/SOURCES.txt'
[0.871s] writing manifest file '../../build/pipe_simulation/pipe_simulation.egg-info/SOURCES.txt'
[0.871s] running build
[0.871s] running build_py
[0.871s] copying pipe_simulation/synthetic_camera_node.py -> /home/shrujans/xolo/build/pipe_simulation/build/lib/pipe_simulation
[0.872s] running install
[0.872s] running install_lib
[0.872s] copying /home/shrujans/xolo/build/pipe_simulation/build/lib/pipe_simulation/synthetic_camera_node.py -> /home/shrujans/xolo/install/pipe_simulation/lib/python3.10/site-packages/pipe_simulation
[0.873s] byte-compiling /home/shrujans/xolo/install/pipe_simulation/lib/python3.10/site-packages/pipe_simulation/synthetic_camera_node.py to synthetic_camera_node.cpython-310.pyc
[0.874s] running install_data
[0.874s] copying launch/sim.launch.py -> /home/shrujans/xolo/install/pipe_simulation/share/pipe_simulation/launch
[0.874s] copying urdf/pipe_bot.urdf.xacro -> /home/shrujans/xolo/install/pipe_simulation/share/pipe_simulation/urdf
[0.875s] copying worlds/pipe.world -> /home/shrujans/xolo/install/pipe_simulation/share/pipe_simulation/worlds
[0.875s] running install_egg_info
[0.877s] removing '/home/shrujans/xolo/install/pipe_simulation/lib/python3.10/site-packages/pipe_simulation-0.0.1-py3.10.egg-info' (and everything under it)
[0.878s] Copying ../../build/pipe_simulation/pipe_simulation.egg-info to /home/shrujans/xolo/install/pipe_simulation/lib/python3.10/site-packages/pipe_simulation-0.0.1-py3.10.egg-info
[0.879s] running install_scripts
[0.895s] Installing auto_drive_node script to /home/shrujans/xolo/install/pipe_simulation/lib/pipe_simulation
[0.895s] Installing odom_depth_node script to /home/shrujans/xolo/install/pipe_simulation/lib/pipe_simulation
[0.896s] Installing synthetic_camera_node script to /home/shrujans/xolo/install/pipe_simulation/lib/pipe_simulation
[0.896s] writing list of installed files to '/home/shrujans/xolo/build/pipe_simulation/install.log'
[0.913s] Invoked command in '/home/shrujans/xolo/src/pipe_simulation' returned '0': PYTHONPATH=/home/shrujans/xolo/build/pipe_simulation/prefix_override:/usr/lib/python3/dist-packages/colcon_core/task/python/colcon_distutils_commands:/home/shrujans/xolo/install/pipe_simulation/lib/python3.10/site-packages:${PYTHONPATH} /usr/bin/python3 -W ignore:setup.py install is deprecated -W ignore:easy_install command is deprecated setup.py egg_info --egg-base ../../build/pipe_simulation build --build-base /home/shrujans/xolo/build/pipe_simulation/build install --record /home/shrujans/xolo/build/pipe_simulation/install.log --single-version-externally-managed install_data
