[1.946s] Invoking command in '/home/shrujans/xolo/src/pipe_perception': PYTHONPATH=/home/shrujans/xolo/build/pipe_perception/prefix_override:/usr/lib/python3/dist-packages/colcon_core/task/python/colcon_distutils_commands:/home/shrujans/xolo/install/pipe_perception/lib/python3.10/site-packages:${PYTHONPATH} /usr/bin/python3 -W ignore:setup.py install is deprecated -W ignore:easy_install command is deprecated setup.py egg_info --egg-base ../../build/pipe_perception build --build-base /home/shrujans/xolo/build/pipe_perception/build install --record /home/shrujans/xolo/build/pipe_perception/install.log --single-version-externally-managed install_data
[2.292s] running egg_info
[2.293s] writing ../../build/pipe_perception/pipe_perception.egg-info/PKG-INFO
[2.294s] writing dependency_links to ../../build/pipe_perception/pipe_perception.egg-info/dependency_links.txt
[2.295s] writing entry points to ../../build/pipe_perception/pipe_perception.egg-info/entry_points.txt
[2.295s] writing requirements to ../../build/pipe_perception/pipe_perception.egg-info/requires.txt
[2.295s] writing top-level names to ../../build/pipe_perception/pipe_perception.egg-info/top_level.txt
[2.299s] reading manifest file '../../build/pipe_perception/pipe_perception.egg-info/SOURCES.txt'
[2.302s] writing manifest file '../../build/pipe_perception/pipe_perception.egg-info/SOURCES.txt'
[2.302s] running build
[2.302s] running build_py
[2.304s] running install
[2.305s] running install_lib
[2.312s] running install_data
[2.312s] running install_egg_info
[2.315s] removing '/home/shrujans/xolo/install/pipe_perception/lib/python3.10/site-packages/pipe_perception-0.0.1-py3.10.egg-info' (and everything under it)
[2.316s] Copying ../../build/pipe_perception/pipe_perception.egg-info to /home/shrujans/xolo/install/pipe_perception/lib/python3.10/site-packages/pipe_perception-0.0.1-py3.10.egg-info
[2.319s] running install_scripts
[2.362s] Installing coverage_mapper_node script to /home/shrujans/xolo/install/pipe_perception/lib/pipe_perception
[2.362s] Installing cylinder_unwrap_node script to /home/shrujans/xolo/install/pipe_perception/lib/pipe_perception
[2.363s] Installing cylinder_visualizer_3d_node script to /home/shrujans/xolo/install/pipe_perception/lib/pipe_perception
[2.363s] Installing video_ingest_node script to /home/shrujans/xolo/install/pipe_perception/lib/pipe_perception
[2.363s] writing list of installed files to '/home/shrujans/xolo/build/pipe_perception/install.log'
[2.443s] Invoked command in '/home/shrujans/xolo/src/pipe_perception' returned '0': PYTHONPATH=/home/shrujans/xolo/build/pipe_perception/prefix_override:/usr/lib/python3/dist-packages/colcon_core/task/python/colcon_distutils_commands:/home/shrujans/xolo/install/pipe_perception/lib/python3.10/site-packages:${PYTHONPATH} /usr/bin/python3 -W ignore:setup.py install is deprecated -W ignore:easy_install command is deprecated setup.py egg_info --egg-base ../../build/pipe_perception build --build-base /home/shrujans/xolo/build/pipe_perception/build install --record /home/shrujans/xolo/build/pipe_perception/install.log --single-version-externally-managed install_data
