[1.167s] DEBUG:colcon:Command line arguments: ['/usr/bin/colcon', 'build', '--packages-select', 'pipe_perception']
[1.167s] DEBUG:colcon:Parsed command line arguments: Namespace(log_base=None, log_level=None, verb_name='build', build_base='build', install_base='install', merge_install=False, symlink_install=False, test_result_base=None, continue_on_error=False, executor='parallel', parallel_workers=8, event_handlers=None, ignore_user_meta=False, metas=['./colcon.meta'], base_paths=['.'], packages_ignore=None, packages_ignore_regex=None, paths=None, packages_up_to=None, packages_up_to_regex=None, packages_above=None, packages_above_and_dependencies=None, packages_above_depth=None, packages_select_by_dep=None, packages_skip_by_dep=None, packages_skip_up_to=None, packages_select_build_failed=False, packages_skip_build_finished=False, packages_select_test_failures=False, packages_skip_test_passed=False, packages_select=['pipe_perception'], packages_skip=None, packages_select_regex=None, packages_skip_regex=None, packages_start=None, packages_end=None, allow_overriding=[], cmake_args=None, cmake_target=None, cmake_target_skip_unavailable=False, cmake_clean_cache=False, cmake_clean_first=False, cmake_force_configure=False, ament_cmake_args=None, catkin_cmake_args=None, catkin_skip_building_tests=False, verb_parser=<colcon_defaults.argument_parser.defaults.DefaultArgumentsDecorator object at 0x70d913f1f6a0>, verb_extension=<colcon_core.verb.build.BuildVerb object at 0x70d913f1f190>, main=<bound method BuildVerb.main of <colcon_core.verb.build.BuildVerb object at 0x70d913f1f190>>)
[2.062s] Level 1:colcon.colcon_core.package_discovery:discover_packages(colcon_meta) check parameters
[2.063s] Level 1:colcon.colcon_core.package_discovery:discover_packages(recursive) check parameters
[2.063s] Level 1:colcon.colcon_core.package_discovery:discover_packages(ignore) check parameters
[2.063s] Level 1:colcon.colcon_core.package_discovery:discover_packages(path) check parameters
[2.063s] Level 1:colcon.colcon_core.package_discovery:discover_packages(colcon_meta) discover
[2.063s] Level 1:colcon.colcon_core.package_discovery:discover_packages(recursive) discover
[2.064s] INFO:colcon.colcon_core.package_discovery:Crawling recursively for packages in '/home/shrujans/inspectly'
[2.064s] Level 1:colcon.colcon_core.package_identification:_identify(.) by extensions ['ignore', 'ignore_ament_install']
[2.065s] Level 1:colcon.colcon_core.package_identification:_identify(.) by extension 'ignore'
[2.065s] Level 1:colcon.colcon_core.package_identification:_identify(.) by extension 'ignore_ament_install'
[2.065s] Level 1:colcon.colcon_core.package_identification:_identify(.) by extensions ['colcon_pkg']
[2.065s] Level 1:colcon.colcon_core.package_identification:_identify(.) by extension 'colcon_pkg'
[2.065s] Level 1:colcon.colcon_core.package_identification:_identify(.) by extensions ['colcon_meta']
[2.065s] Level 1:colcon.colcon_core.package_identification:_identify(.) by extension 'colcon_meta'
[2.065s] Level 1:colcon.colcon_core.package_identification:_identify(.) by extensions ['ros']
[2.065s] Level 1:colcon.colcon_core.package_identification:_identify(.) by extension 'ros'
[2.095s] Level 1:colcon.colcon_core.package_identification:_identify(.) by extensions ['cmake', 'python']
[2.095s] Level 1:colcon.colcon_core.package_identification:_identify(.) by extension 'cmake'
[2.095s] Level 1:colcon.colcon_core.package_identification:_identify(.) by extension 'python'
[2.096s] Level 1:colcon.colcon_core.package_identification:_identify(.) by extensions ['python_setup_py']
[2.096s] Level 1:colcon.colcon_core.package_identification:_identify(.) by extension 'python_setup_py'
[2.097s] Level 1:colcon.colcon_core.package_identification:_identify(build) by extensions ['ignore', 'ignore_ament_install']
[2.097s] Level 1:colcon.colcon_core.package_identification:_identify(build) by extension 'ignore'
[2.097s] Level 1:colcon.colcon_core.package_identification:_identify(build) ignored
[2.099s] Level 1:colcon.colcon_core.package_identification:_identify(install) by extensions ['ignore', 'ignore_ament_install']
[2.099s] Level 1:colcon.colcon_core.package_identification:_identify(install) by extension 'ignore'
[2.099s] Level 1:colcon.colcon_core.package_identification:_identify(install) ignored
[2.099s] Level 1:colcon.colcon_core.package_identification:_identify(log) by extensions ['ignore', 'ignore_ament_install']
[2.099s] Level 1:colcon.colcon_core.package_identification:_identify(log) by extension 'ignore'
[2.099s] Level 1:colcon.colcon_core.package_identification:_identify(log) ignored
[2.099s] Level 1:colcon.colcon_core.package_identification:_identify(src) by extensions ['ignore', 'ignore_ament_install']
[2.100s] Level 1:colcon.colcon_core.package_identification:_identify(src) by extension 'ignore'
[2.100s] Level 1:colcon.colcon_core.package_identification:_identify(src) by extension 'ignore_ament_install'
[2.100s] Level 1:colcon.colcon_core.package_identification:_identify(src) by extensions ['colcon_pkg']
[2.100s] Level 1:colcon.colcon_core.package_identification:_identify(src) by extension 'colcon_pkg'
[2.100s] Level 1:colcon.colcon_core.package_identification:_identify(src) by extensions ['colcon_meta']
[2.101s] Level 1:colcon.colcon_core.package_identification:_identify(src) by extension 'colcon_meta'
[2.101s] Level 1:colcon.colcon_core.package_identification:_identify(src) by extensions ['ros']
[2.101s] Level 1:colcon.colcon_core.package_identification:_identify(src) by extension 'ros'
[2.102s] Level 1:colcon.colcon_core.package_identification:_identify(src) by extensions ['cmake', 'python']
[2.102s] Level 1:colcon.colcon_core.package_identification:_identify(src) by extension 'cmake'
[2.102s] Level 1:colcon.colcon_core.package_identification:_identify(src) by extension 'python'
[2.102s] Level 1:colcon.colcon_core.package_identification:_identify(src) by extensions ['python_setup_py']
[2.102s] Level 1:colcon.colcon_core.package_identification:_identify(src) by extension 'python_setup_py'
[2.102s] Level 1:colcon.colcon_core.package_identification:_identify(src/pipe_perception) by extensions ['ignore', 'ignore_ament_install']
[2.103s] Level 1:colcon.colcon_core.package_identification:_identify(src/pipe_perception) by extension 'ignore'
[2.103s] Level 1:colcon.colcon_core.package_identification:_identify(src/pipe_perception) by extension 'ignore_ament_install'
[2.103s] Level 1:colcon.colcon_core.package_identification:_identify(src/pipe_perception) by extensions ['colcon_pkg']
[2.103s] Level 1:colcon.colcon_core.package_identification:_identify(src/pipe_perception) by extension 'colcon_pkg'
[2.103s] Level 1:colcon.colcon_core.package_identification:_identify(src/pipe_perception) by extensions ['colcon_meta']
[2.103s] Level 1:colcon.colcon_core.package_identification:_identify(src/pipe_perception) by extension 'colcon_meta'
[2.103s] Level 1:colcon.colcon_core.package_identification:_identify(src/pipe_perception) by extensions ['ros']
[2.103s] Level 1:colcon.colcon_core.package_identification:_identify(src/pipe_perception) by extension 'ros'
[2.115s] DEBUG:colcon.colcon_core.package_identification:Package 'src/pipe_perception' with type 'ros.ament_python' and name 'pipe_perception'
[2.116s] Level 1:colcon.colcon_core.package_identification:_identify(videos) by extensions ['ignore', 'ignore_ament_install']
[2.116s] Level 1:colcon.colcon_core.package_identification:_identify(videos) by extension 'ignore'
[2.116s] Level 1:colcon.colcon_core.package_identification:_identify(videos) by extension 'ignore_ament_install'
[2.116s] Level 1:colcon.colcon_core.package_identification:_identify(videos) by extensions ['colcon_pkg']
[2.116s] Level 1:colcon.colcon_core.package_identification:_identify(videos) by extension 'colcon_pkg'
[2.116s] Level 1:colcon.colcon_core.package_identification:_identify(videos) by extensions ['colcon_meta']
[2.117s] Level 1:colcon.colcon_core.package_identification:_identify(videos) by extension 'colcon_meta'
[2.117s] Level 1:colcon.colcon_core.package_identification:_identify(videos) by extensions ['ros']
[2.117s] Level 1:colcon.colcon_core.package_identification:_identify(videos) by extension 'ros'
[2.117s] Level 1:colcon.colcon_core.package_identification:_identify(videos) by extensions ['cmake', 'python']
[2.117s] Level 1:colcon.colcon_core.package_identification:_identify(videos) by extension 'cmake'
[2.117s] Level 1:colcon.colcon_core.package_identification:_identify(videos) by extension 'python'
[2.117s] Level 1:colcon.colcon_core.package_identification:_identify(videos) by extensions ['python_setup_py']
[2.117s] Level 1:colcon.colcon_core.package_identification:_identify(videos) by extension 'python_setup_py'
[2.117s] Level 1:colcon.colcon_core.package_discovery:discover_packages(recursive) using defaults
[2.117s] Level 1:colcon.colcon_core.package_discovery:discover_packages(ignore) discover
[2.117s] Level 1:colcon.colcon_core.package_discovery:discover_packages(ignore) using defaults
[2.118s] Level 1:colcon.colcon_core.package_discovery:discover_packages(path) discover
[2.118s] Level 1:colcon.colcon_core.package_discovery:discover_packages(path) using defaults
[2.188s] Level 1:colcon.colcon_core.package_discovery:discover_packages(prefix_path) check parameters
[2.188s] Level 1:colcon.colcon_core.package_discovery:discover_packages(prefix_path) discover
[2.201s] DEBUG:colcon.colcon_installed_package_information.package_discovery:Found 287 installed packages in /opt/ros/humble
[2.217s] Level 1:colcon.colcon_core.package_discovery:discover_packages(prefix_path) using defaults
[2.282s] Level 5:colcon.colcon_core.verb:set package 'pipe_perception' build argument 'cmake_args' from command line to 'None'
[2.282s] Level 5:colcon.colcon_core.verb:set package 'pipe_perception' build argument 'cmake_target' from command line to 'None'
[2.282s] Level 5:colcon.colcon_core.verb:set package 'pipe_perception' build argument 'cmake_target_skip_unavailable' from command line to 'False'
[2.282s] Level 5:colcon.colcon_core.verb:set package 'pipe_perception' build argument 'cmake_clean_cache' from command line to 'False'
[2.282s] Level 5:colcon.colcon_core.verb:set package 'pipe_perception' build argument 'cmake_clean_first' from command line to 'False'
[2.282s] Level 5:colcon.colcon_core.verb:set package 'pipe_perception' build argument 'cmake_force_configure' from command line to 'False'
[2.282s] Level 5:colcon.colcon_core.verb:set package 'pipe_perception' build argument 'ament_cmake_args' from command line to 'None'
[2.282s] Level 5:colcon.colcon_core.verb:set package 'pipe_perception' build argument 'catkin_cmake_args' from command line to 'None'
[2.282s] Level 5:colcon.colcon_core.verb:set package 'pipe_perception' build argument 'catkin_skip_building_tests' from command line to 'False'
[2.282s] DEBUG:colcon.colcon_core.verb:Building package 'pipe_perception' with the following arguments: {'ament_cmake_args': None, 'build_base': '/home/shrujans/inspectly/build/pipe_perception', 'catkin_cmake_args': None, 'catkin_skip_building_tests': False, 'cmake_args': None, 'cmake_clean_cache': False, 'cmake_clean_first': False, 'cmake_force_configure': False, 'cmake_target': None, 'cmake_target_skip_unavailable': False, 'install_base': '/home/shrujans/inspectly/install/pipe_perception', 'merge_install': False, 'path': '/home/shrujans/inspectly/src/pipe_perception', 'symlink_install': False, 'test_result_base': None}
[2.283s] INFO:colcon.colcon_core.executor:Executing jobs using 'parallel' executor
[2.286s] DEBUG:colcon.colcon_parallel_executor.executor.parallel:run_until_complete
[2.287s] INFO:colcon.colcon_ros.task.ament_python.build:Building ROS package in '/home/shrujans/inspectly/src/pipe_perception' with build type 'ament_python'
[2.287s] Level 1:colcon.colcon_core.shell:create_environment_hook('pipe_perception', 'ament_prefix_path')
[2.306s] INFO:colcon.colcon_core.plugin_system:Skipping extension 'colcon_core.shell.bat': Not used on non-Windows systems
[2.306s] INFO:colcon.colcon_core.shell:Creating environment hook '/home/shrujans/inspectly/install/pipe_perception/share/pipe_perception/hook/ament_prefix_path.ps1'
[2.311s] INFO:colcon.colcon_core.shell:Creating environment descriptor '/home/shrujans/inspectly/install/pipe_perception/share/pipe_perception/hook/ament_prefix_path.dsv'
[2.314s] INFO:colcon.colcon_core.shell:Creating environment hook '/home/shrujans/inspectly/install/pipe_perception/share/pipe_perception/hook/ament_prefix_path.sh'
[2.317s] INFO:colcon.colcon_core.shell:Skip shell extension 'powershell' for command environment: Not usable outside of PowerShell
[2.317s] DEBUG:colcon.colcon_core.shell:Skip shell extension 'dsv' for command environment
[2.722s] INFO:colcon.colcon_core.task.python.build:Building Python package in '/home/shrujans/inspectly/src/pipe_perception'
[2.722s] INFO:colcon.colcon_core.shell:Skip shell extension 'powershell' for command environment: Not usable outside of PowerShell
[2.722s] DEBUG:colcon.colcon_core.shell:Skip shell extension 'dsv' for command environment
[3.744s] DEBUG:colcon.colcon_core.event_handler.log_command:Invoking command in '/home/shrujans/inspectly/src/pipe_perception': PYTHONPATH=/home/shrujans/inspectly/build/pipe_perception/prefix_override:/usr/lib/python3/dist-packages/colcon_core/task/python/colcon_distutils_commands:/home/shrujans/inspectly/install/pipe_perception/lib/python3.10/site-packages:${PYTHONPATH} /usr/bin/python3 -W ignore:setup.py install is deprecated -W ignore:easy_install command is deprecated setup.py egg_info --egg-base ../../build/pipe_perception build --build-base /home/shrujans/inspectly/build/pipe_perception/build install --record /home/shrujans/inspectly/build/pipe_perception/install.log --single-version-externally-managed install_data
[4.124s] DEBUG:colcon.colcon_core.event_handler.log_command:Invoked command in '/home/shrujans/inspectly/src/pipe_perception' returned '0': PYTHONPATH=/home/shrujans/inspectly/build/pipe_perception/prefix_override:/usr/lib/python3/dist-packages/colcon_core/task/python/colcon_distutils_commands:/home/shrujans/inspectly/install/pipe_perception/lib/python3.10/site-packages:${PYTHONPATH} /usr/bin/python3 -W ignore:setup.py install is deprecated -W ignore:easy_install command is deprecated setup.py egg_info --egg-base ../../build/pipe_perception build --build-base /home/shrujans/inspectly/build/pipe_perception/build install --record /home/shrujans/inspectly/build/pipe_perception/install.log --single-version-externally-managed install_data
[4.138s] Level 1:colcon.colcon_core.environment:checking '/home/shrujans/inspectly/install/pipe_perception' for CMake module files
[4.139s] Level 1:colcon.colcon_core.environment:checking '/home/shrujans/inspectly/install/pipe_perception' for CMake config files
[4.151s] Level 1:colcon.colcon_core.environment:checking '/home/shrujans/inspectly/install/pipe_perception/lib'
[4.151s] Level 1:colcon.colcon_core.environment:checking '/home/shrujans/inspectly/install/pipe_perception/bin'
[4.154s] Level 1:colcon.colcon_core.environment:checking '/home/shrujans/inspectly/install/pipe_perception/lib/pkgconfig/pipe_perception.pc'
[4.154s] Level 1:colcon.colcon_core.environment:checking '/home/shrujans/inspectly/install/pipe_perception/lib/python3.10/site-packages'
[4.154s] Level 1:colcon.colcon_core.shell:create_environment_hook('pipe_perception', 'pythonpath')
[4.155s] INFO:colcon.colcon_core.shell:Creating environment hook '/home/shrujans/inspectly/install/pipe_perception/share/pipe_perception/hook/pythonpath.ps1'
[4.155s] INFO:colcon.colcon_core.shell:Creating environment descriptor '/home/shrujans/inspectly/install/pipe_perception/share/pipe_perception/hook/pythonpath.dsv'
[4.155s] INFO:colcon.colcon_core.shell:Creating environment hook '/home/shrujans/inspectly/install/pipe_perception/share/pipe_perception/hook/pythonpath.sh'
[4.157s] Level 1:colcon.colcon_core.environment:checking '/home/shrujans/inspectly/install/pipe_perception/bin'
[4.157s] Level 1:colcon.colcon_core.environment:create_environment_scripts_only(pipe_perception)
[4.157s] INFO:colcon.colcon_core.shell:Creating package script '/home/shrujans/inspectly/install/pipe_perception/share/pipe_perception/package.ps1'
[4.160s] INFO:colcon.colcon_core.shell:Creating package descriptor '/home/shrujans/inspectly/install/pipe_perception/share/pipe_perception/package.dsv'
[4.161s] INFO:colcon.colcon_core.shell:Creating package script '/home/shrujans/inspectly/install/pipe_perception/share/pipe_perception/package.sh'
[4.163s] INFO:colcon.colcon_core.shell:Creating package script '/home/shrujans/inspectly/install/pipe_perception/share/pipe_perception/package.bash'
[4.166s] INFO:colcon.colcon_core.shell:Creating package script '/home/shrujans/inspectly/install/pipe_perception/share/pipe_perception/package.zsh'
[4.168s] Level 1:colcon.colcon_core.environment:create_file_with_runtime_dependencies(/home/shrujans/inspectly/install/pipe_perception/share/colcon-core/packages/pipe_perception)
[4.169s] DEBUG:colcon.colcon_parallel_executor.executor.parallel:closing loop
[4.169s] DEBUG:colcon.colcon_parallel_executor.executor.parallel:loop closed
[4.170s] DEBUG:colcon.colcon_parallel_executor.executor.parallel:run_until_complete finished with '0'
[4.170s] DEBUG:colcon.colcon_core.event_reactor:joining thread
[4.480s] INFO:colcon.colcon_core.plugin_system:Skipping extension 'colcon_notification.desktop_notification.notify_send': Could not find 'notify-send'
[4.480s] INFO:colcon.colcon_core.plugin_system:Skipping extension 'colcon_notification.desktop_notification.terminal_notifier': Not used on non-Darwin systems
[4.481s] INFO:colcon.colcon_core.plugin_system:Skipping extension 'colcon_notification.desktop_notification.win32': Not used on non-Windows systems
[4.481s] INFO:colcon.colcon_notification.desktop_notification:Sending desktop notification using 'notify2'
[4.481s] DEBUG:colcon.colcon_notification.desktop_notification.notify2:Failed to initialize notify2: org.freedesktop.DBus.Error.FileNotFound: Failed to connect to socket /run/user/1000/bus: No such file or directory
[4.481s] DEBUG:colcon.colcon_core.event_reactor:joined thread
[4.482s] INFO:colcon.colcon_core.shell:Creating prefix script '/home/shrujans/inspectly/install/local_setup.ps1'
[4.491s] INFO:colcon.colcon_core.shell:Creating prefix util module '/home/shrujans/inspectly/install/_local_setup_util_ps1.py'
[4.494s] INFO:colcon.colcon_core.shell:Creating prefix chain script '/home/shrujans/inspectly/install/setup.ps1'
[4.496s] INFO:colcon.colcon_core.shell:Creating prefix script '/home/shrujans/inspectly/install/local_setup.sh'
[4.497s] INFO:colcon.colcon_core.shell:Creating prefix util module '/home/shrujans/inspectly/install/_local_setup_util_sh.py'
[4.498s] INFO:colcon.colcon_core.shell:Creating prefix chain script '/home/shrujans/inspectly/install/setup.sh'
[4.500s] INFO:colcon.colcon_core.shell:Creating prefix script '/home/shrujans/inspectly/install/local_setup.bash'
[4.504s] INFO:colcon.colcon_core.shell:Creating prefix chain script '/home/shrujans/inspectly/install/setup.bash'
[4.506s] INFO:colcon.colcon_core.shell:Creating prefix script '/home/shrujans/inspectly/install/local_setup.zsh'
[4.508s] INFO:colcon.colcon_core.shell:Creating prefix chain script '/home/shrujans/inspectly/install/setup.zsh'
