/home/shrujans/xolo/install/pipe_simulation/lib/python3.10/site-packages/pipe_simulation/odom_depth_node.py
/home/shrujans/xolo/install/pipe_simulation/lib/python3.10/site-packages/pipe_simulation/__init__.py
/home/shrujans/xolo/install/pipe_simulation/lib/python3.10/site-packages/pipe_simulation/auto_drive_node.py
/home/shrujans/xolo/install/pipe_simulation/lib/python3.10/site-packages/pipe_simulation/synthetic_camera_node.py
/home/shrujans/xolo/install/pipe_simulation/lib/python3.10/site-packages/pipe_simulation/__pycache__/odom_depth_node.cpython-310.pyc
/home/shrujans/xolo/install/pipe_simulation/lib/python3.10/site-packages/pipe_simulation/__pycache__/__init__.cpython-310.pyc
/home/shrujans/xolo/install/pipe_simulation/lib/python3.10/site-packages/pipe_simulation/__pycache__/auto_drive_node.cpython-310.pyc
/home/shrujans/xolo/install/pipe_simulation/lib/python3.10/site-packages/pipe_simulation/__pycache__/synthetic_camera_node.cpython-310.pyc
/home/shrujans/xolo/install/pipe_simulation/share/ament_index/resource_index/packages/pipe_simulation
/home/shrujans/xolo/install/pipe_simulation/share/pipe_simulation/package.xml
/home/shrujans/xolo/install/pipe_simulation/share/pipe_simulation/launch/gazebo.launch.py
/home/shrujans/xolo/install/pipe_simulation/share/pipe_simulation/launch/sim.launch.py
/home/shrujans/xolo/install/pipe_simulation/share/pipe_simulation/urdf/pipe_bot.urdf.xacro
/home/shrujans/xolo/install/pipe_simulation/share/pipe_simulation/worlds/pipe.world
/home/shrujans/xolo/install/pipe_simulation/share/pipe_simulation/meshes/pipe_hollow.stl
/home/shrujans/xolo/install/pipe_simulation/share/pipe_simulation/config/bridge.yaml
/home/shrujans/xolo/install/pipe_simulation/share/pipe_simulation/rviz/sim.rviz
/home/shrujans/xolo/install/pipe_simulation/lib/python3.10/site-packages/pipe_simulation-0.0.1-py3.10.egg-info/entry_points.txt
/home/shrujans/xolo/install/pipe_simulation/lib/python3.10/site-packages/pipe_simulation-0.0.1-py3.10.egg-info/SOURCES.txt
/home/shrujans/xolo/install/pipe_simulation/lib/python3.10/site-packages/pipe_simulation-0.0.1-py3.10.egg-info/dependency_links.txt
/home/shrujans/xolo/install/pipe_simulation/lib/python3.10/site-packages/pipe_simulation-0.0.1-py3.10.egg-info/requires.txt
/home/shrujans/xolo/install/pipe_simulation/lib/python3.10/site-packages/pipe_simulation-0.0.1-py3.10.egg-info/zip-safe
/home/shrujans/xolo/install/pipe_simulation/lib/python3.10/site-packages/pipe_simulation-0.0.1-py3.10.egg-info/top_level.txt
/home/shrujans/xolo/install/pipe_simulation/lib/python3.10/site-packages/pipe_simulation-0.0.1-py3.10.egg-info/PKG-INFO
/home/shrujans/xolo/install/pipe_simulation/lib/pipe_simulation/auto_drive_node
/home/shrujans/xolo/install/pipe_simulation/lib/pipe_simulation/odom_depth_node
/home/shrujans/xolo/install/pipe_simulation/lib/pipe_simulation/synthetic_camera_node
