/home/shrujans/xolo/install/pipe_perception/lib/python3.10/site-packages/pipe_perception/__init__.py
/home/shrujans/xolo/install/pipe_perception/lib/python3.10/site-packages/nodes/coverage_mapper_node.py
/home/shrujans/xolo/install/pipe_perception/lib/python3.10/site-packages/nodes/cylinder_visualizer_3d_node.py
/home/shrujans/xolo/install/pipe_perception/lib/python3.10/site-packages/nodes/cylinder_unwrap_node.py
/home/shrujans/xolo/install/pipe_perception/lib/python3.10/site-packages/nodes/__init__.py
/home/shrujans/xolo/install/pipe_perception/lib/python3.10/site-packages/nodes/video_ingest_node.py
/home/shrujans/xolo/install/pipe_perception/lib/python3.10/site-packages/algorithms/coverage_mapper.py
/home/shrujans/xolo/install/pipe_perception/lib/python3.10/site-packages/algorithms/cylinder_unwrap.py
/home/shrujans/xolo/install/pipe_perception/lib/python3.10/site-packages/algorithms/__init__.py
/home/shrujans/xolo/install/pipe_perception/lib/python3.10/site-packages/pipe_perception/nodes/coverage_mapper_node.py
/home/shrujans/xolo/install/pipe_perception/lib/python3.10/site-packages/pipe_perception/nodes/cylinder_visualizer_3d_node.py
/home/shrujans/xolo/install/pipe_perception/lib/python3.10/site-packages/pipe_perception/nodes/cylinder_unwrap_node.py
/home/shrujans/xolo/install/pipe_perception/lib/python3.10/site-packages/pipe_perception/nodes/__init__.py
/home/shrujans/xolo/install/pipe_perception/lib/python3.10/site-packages/pipe_perception/nodes/video_ingest_node.py
/home/shrujans/xolo/install/pipe_perception/lib/python3.10/site-packages/pipe_perception/algorithms/coverage_mapper.py
/home/shrujans/xolo/install/pipe_perception/lib/python3.10/site-packages/pipe_perception/algorithms/cylinder_unwrap.py
/home/shrujans/xolo/install/pipe_perception/lib/python3.10/site-packages/pipe_perception/algorithms/__init__.py
/home/shrujans/xolo/install/pipe_perception/lib/python3.10/site-packages/pipe_perception/__pycache__/__init__.cpython-310.pyc
/home/shrujans/xolo/install/pipe_perception/lib/python3.10/site-packages/nodes/__pycache__/coverage_mapper_node.cpython-310.pyc
/home/shrujans/xolo/install/pipe_perception/lib/python3.10/site-packages/nodes/__pycache__/cylinder_visualizer_3d_node.cpython-310.pyc
/home/shrujans/xolo/install/pipe_perception/lib/python3.10/site-packages/nodes/__pycache__/cylinder_unwrap_node.cpython-310.pyc
/home/shrujans/xolo/install/pipe_perception/lib/python3.10/site-packages/nodes/__pycache__/__init__.cpython-310.pyc
/home/shrujans/xolo/install/pipe_perception/lib/python3.10/site-packages/nodes/__pycache__/video_ingest_node.cpython-310.pyc
/home/shrujans/xolo/install/pipe_perception/lib/python3.10/site-packages/algorithms/__pycache__/coverage_mapper.cpython-310.pyc
/home/shrujans/xolo/install/pipe_perception/lib/python3.10/site-packages/algorithms/__pycache__/cylinder_unwrap.cpython-310.pyc
/home/shrujans/xolo/install/pipe_perception/lib/python3.10/site-packages/algorithms/__pycache__/__init__.cpython-310.pyc
/home/shrujans/xolo/install/pipe_perception/lib/python3.10/site-packages/pipe_perception/nodes/__pycache__/coverage_mapper_node.cpython-310.pyc
/home/shrujans/xolo/install/pipe_perception/lib/python3.10/site-packages/pipe_perception/nodes/__pycache__/cylinder_visualizer_3d_node.cpython-310.pyc
/home/shrujans/xolo/install/pipe_perception/lib/python3.10/site-packages/pipe_perception/nodes/__pycache__/cylinder_unwrap_node.cpython-310.pyc
/home/shrujans/xolo/install/pipe_perception/lib/python3.10/site-packages/pipe_perception/nodes/__pycache__/__init__.cpython-310.pyc
/home/shrujans/xolo/install/pipe_perception/lib/python3.10/site-packages/pipe_perception/nodes/__pycache__/video_ingest_node.cpython-310.pyc
/home/shrujans/xolo/install/pipe_perception/lib/python3.10/site-packages/pipe_perception/algorithms/__pycache__/coverage_mapper.cpython-310.pyc
/home/shrujans/xolo/install/pipe_perception/lib/python3.10/site-packages/pipe_perception/algorithms/__pycache__/cylinder_unwrap.cpython-310.pyc
/home/shrujans/xolo/install/pipe_perception/lib/python3.10/site-packages/pipe_perception/algorithms/__pycache__/__init__.cpython-310.pyc
/home/shrujans/xolo/install/pipe_perception/share/ament_index/resource_index/packages/pipe_perception
/home/shrujans/xolo/install/pipe_perception/share/pipe_perception/package.xml
/home/shrujans/xolo/install/pipe_perception/share/pipe_perception/launch/pipe_perception.launch.py
/home/shrujans/xolo/install/pipe_perception/lib/python3.10/site-packages/pipe_perception-0.0.1-py3.10.egg-info/entry_points.txt
/home/shrujans/xolo/install/pipe_perception/lib/python3.10/site-packages/pipe_perception-0.0.1-py3.10.egg-info/SOURCES.txt
/home/shrujans/xolo/install/pipe_perception/lib/python3.10/site-packages/pipe_perception-0.0.1-py3.10.egg-info/dependency_links.txt
/home/shrujans/xolo/install/pipe_perception/lib/python3.10/site-packages/pipe_perception-0.0.1-py3.10.egg-info/requires.txt
/home/shrujans/xolo/install/pipe_perception/lib/python3.10/site-packages/pipe_perception-0.0.1-py3.10.egg-info/zip-safe
/home/shrujans/xolo/install/pipe_perception/lib/python3.10/site-packages/pipe_perception-0.0.1-py3.10.egg-info/top_level.txt
/home/shrujans/xolo/install/pipe_perception/lib/python3.10/site-packages/pipe_perception-0.0.1-py3.10.egg-info/PKG-INFO
/home/shrujans/xolo/install/pipe_perception/lib/pipe_perception/coverage_mapper_node
/home/shrujans/xolo/install/pipe_perception/lib/pipe_perception/cylinder_unwrap_node
/home/shrujans/xolo/install/pipe_perception/lib/pipe_perception/cylinder_visualizer_3d_node
/home/shrujans/xolo/install/pipe_perception/lib/pipe_perception/video_ingest_node
