[0.000000] (-) TimerEvent: {}
[0.000033] (pipe_perception) JobQueued: {'identifier': 'pipe_perception', 'dependencies': OrderedDict()}
[0.000046] (pipe_simulation) JobQueued: {'identifier': 'pipe_simulation', 'dependencies': OrderedDict()}
[0.000915] (pipe_perception) JobStarted: {'identifier': 'pipe_perception'}
[0.011450] (pipe_simulation) JobStarted: {'identifier': 'pipe_simulation'}
[0.099886] (-) TimerEvent: {}
[0.200098] (-) TimerEvent: {}
[0.300230] (-) TimerEvent: {}
[0.400399] (-) TimerEvent: {}
[0.500526] (-) TimerEvent: {}
[0.521181] (pipe_simulation) Command: {'cmd': ['/usr/bin/python3', '-W', 'ignore:setup.py install is deprecated', '-W', 'ignore:easy_install command is deprecated', 'setup.py', 'egg_info', '--egg-base', '../../build/pipe_simulation', 'build', '--build-base', '/home/shrujans/xolo/build/pipe_simulation/build', 'install', '--record', '/home/shrujans/xolo/build/pipe_simulation/install.log', '--single-version-externally-managed', 'install_data'], 'cwd': '/home/shrujans/xolo/src/pipe_simulation', 'env': {'USER': 'shrujans', 'SHLVL': '0', 'HOME': '/home/shrujans', 'OLDPWD': '/home/shrujans/xolo', 'DBUS_SESSION_BUS_ADDRESS': 'unix:path=/run/user/1000/bus', 'WSL_DISTRO_NAME': 'Ubuntu-22.04', 'WAYLAND_DISPLAY': 'wayland-0', 'LOGNAME': 'shrujans', 'NAME': 'ShrujanLenovo1', 'WSL_INTEROP': '/run/WSL/5762_interop', 'PULSE_SERVER': 'unix:/mnt/wslg/PulseServer', '_': '/usr/bin/colcon', 'TERM': 'xterm-256color', 'PATH': '/usr/local/sbin:/usr/local/bin:/usr/sbin:/usr/bin:/sbin:/bin:/usr/games:/usr/local/games:/usr/lib/wsl/lib:/mnt/c/Users/shruj/bin:/mnt/c/Program Files/Git/mingw64/bin:/mnt/c/Program Files/Git/usr/local/bin:/mnt/c/Program Files/Git/usr/bin:/mnt/c/Program Files/Git/usr/bin:/mnt/c/Program Files/Git/mingw64/bin:/mnt/c/Program Files/Git/usr/bin:/mnt/c/Users/shruj/bin:/mnt/c/Python3.14/Scripts:/mnt/c/Program Files (x86)/Common Files/Oracle/Java/java8path:/mnt/c/Program Files (x86)/Common Files/Oracle/Java/javapath:/mnt/c/Windows/system32:/mnt/c/Windows:/mnt/c/Windows/System32/Wbem:/mnt/c/Windows/System32/WindowsPowerShell/v1.0:/mnt/c/Windows/System32/OpenSSH:/mnt/c/Program Files/nodejs:/mnt/c/ProgramData/chocolatey/bin:/mnt/c/Program Files/CMake/bin:/mnt/c/Program Files/Git/cmd:/mnt/c/Program Files/Docker/Docker/resources/bin:/mnt/c/Program Files/Amazon/AWSCLIV2:/mnt/c/Users/shruj/AppData/Local/Programs/Python/Python312/Scripts:/mnt/c/Users/shruj/AppData/Local/Programs/Python/Python312:/mnt/c/Python3.14/Scripts:/mnt/c/Python3.14:/mnt/c/Users/shruj/AppData/Local/Programs/Python/Launcher:/mnt/c/Users/shruj/.local/bin:/mnt/c/Users/shruj/AppData/Local/pnpm:/mnt/c/Users/shruj/AppData/Local/Microsoft/WindowsApps:/mnt/c/Users/shruj/AppData/Local/Programs/Microsoft VS Code/bin:/mnt/c/Users/shruj/AppData/Local/GitHubDesktop/bin:/mnt/c/Users/shruj/AppData/Roaming/npm:/mnt/c/Users/shruj/AppData/Local/Python/bin:/mnt/c/Program Files/Git/usr/bin/vendor_perl:/mnt/c/Program Files/Git/usr/bin/core_perl', 'XDG_RUNTIME_DIR': '/run/user/1000/', 'DISPLAY': ':0', 'LANG': 'en_US.UTF-8', 'SHELL': '/bin/bash', 'PWD': '/home/shrujans/xolo/build/pipe_simulation', 'COLCON': '1', 'WSL2_GUI_APPS_ENABLED': '1', 'HOSTTYPE': 'x86_64', 'WSLENV': 'ELECTRON_RUN_AS_NODE/w:', 'PYTHONPATH': '/home/shrujans/xolo/build/pipe_simulation/prefix_override:/usr/lib/python3/dist-packages/colcon_core/task/python/colcon_distutils_commands:/home/shrujans/xolo/install/pipe_simulation/lib/python3.10/site-packages:'}, 'shell': False}
[0.522499] (pipe_perception) Command: {'cmd': ['/usr/bin/python3', '-W', 'ignore:setup.py install is deprecated', '-W', 'ignore:easy_install command is deprecated', 'setup.py', 'egg_info', '--egg-base', '../../build/pipe_perception', 'build', '--build-base', '/home/shrujans/xolo/build/pipe_perception/build', 'install', '--record', '/home/shrujans/xolo/build/pipe_perception/install.log', '--single-version-externally-managed', 'install_data'], 'cwd': '/home/shrujans/xolo/src/pipe_perception', 'env': {'USER': 'shrujans', 'SHLVL': '0', 'HOME': '/home/shrujans', 'OLDPWD': '/home/shrujans/xolo', 'DBUS_SESSION_BUS_ADDRESS': 'unix:path=/run/user/1000/bus', 'WSL_DISTRO_NAME': 'Ubuntu-22.04', 'WAYLAND_DISPLAY': 'wayland-0', 'LOGNAME': 'shrujans', 'NAME': 'ShrujanLenovo1', 'WSL_INTEROP': '/run/WSL/5762_interop', 'PULSE_SERVER': 'unix:/mnt/wslg/PulseServer', '_': '/usr/bin/colcon', 'TERM': 'xterm-256color', 'PATH': '/usr/local/sbin:/usr/local/bin:/usr/sbin:/usr/bin:/sbin:/bin:/usr/games:/usr/local/games:/usr/lib/wsl/lib:/mnt/c/Users/shruj/bin:/mnt/c/Program Files/Git/mingw64/bin:/mnt/c/Program Files/Git/usr/local/bin:/mnt/c/Program Files/Git/usr/bin:/mnt/c/Program Files/Git/usr/bin:/mnt/c/Program Files/Git/mingw64/bin:/mnt/c/Program Files/Git/usr/bin:/mnt/c/Users/shruj/bin:/mnt/c/Python3.14/Scripts:/mnt/c/Program Files (x86)/Common Files/Oracle/Java/java8path:/mnt/c/Program Files (x86)/Common Files/Oracle/Java/javapath:/mnt/c/Windows/system32:/mnt/c/Windows:/mnt/c/Windows/System32/Wbem:/mnt/c/Windows/System32/WindowsPowerShell/v1.0:/mnt/c/Windows/System32/OpenSSH:/mnt/c/Program Files/nodejs:/mnt/c/ProgramData/chocolatey/bin:/mnt/c/Program Files/CMake/bin:/mnt/c/Program Files/Git/cmd:/mnt/c/Program Files/Docker/Docker/resources/bin:/mnt/c/Program Files/Amazon/AWSCLIV2:/mnt/c/Users/shruj/AppData/Local/Programs/Python/Python312/Scripts:/mnt/c/Users/shruj/AppData/Local/Programs/Python/Python312:/mnt/c/Python3.14/Scripts:/mnt/c/Python3.14:/mnt/c/Users/shruj/AppData/Local/Programs/Python/Launcher:/mnt/c/Users/shruj/.local/bin:/mnt/c/Users/shruj/AppData/Local/pnpm:/mnt/c/Users/shruj/AppData/Local/Microsoft/WindowsApps:/mnt/c/Users/shruj/AppData/Local/Programs/Microsoft VS Code/bin:/mnt/c/Users/shruj/AppData/Local/GitHubDesktop/bin:/mnt/c/Users/shruj/AppData/Roaming/npm:/mnt/c/Users/shruj/AppData/Local/Python/bin:/mnt/c/Program Files/Git/usr/bin/vendor_perl:/mnt/c/Program Files/Git/usr/bin/core_perl', 'XDG_RUNTIME_DIR': '/run/user/1000/', 'DISPLAY': ':0', 'LANG': 'en_US.UTF-8', 'SHELL': '/bin/bash', 'PWD': '/home/shrujans/xolo/build/pipe_perception', 'COLCON': '1', 'WSL2_GUI_APPS_ENABLED': '1', 'HOSTTYPE': 'x86_64', 'WSLENV': 'ELECTRON_RUN_AS_NODE/w:', 'PYTHONPATH': '/home/shrujans/xolo/build/pipe_perception/prefix_override:/usr/lib/python3/dist-packages/colcon_core/task/python/colcon_distutils_commands:/home/shrujans/xolo/install/pipe_perception/lib/python3.10/site-packages:'}, 'shell': False}
[0.600606] (-) TimerEvent: {}
[0.610005] (pipe_simulation) StdoutLine: {'line': b'running egg_info\n'}
[0.611236] (pipe_perception) StdoutLine: {'line': b'running egg_info\n'}
[0.611414] (pipe_simulation) StdoutLine: {'line': b'writing ../../build/pipe_simulation/pipe_simulation.egg-info/PKG-INFO\n'}
[0.612017] (pipe_perception) StdoutLine: {'line': b'writing ../../build/pipe_perception/pipe_perception.egg-info/PKG-INFO\n'}
[0.612094] (pipe_simulation) StdoutLine: {'line': b'writing dependency_links to ../../build/pipe_simulation/pipe_simulation.egg-info/dependency_links.txt\n'}
[0.612130] (pipe_simulation) StdoutLine: {'line': b'writing entry points to ../../build/pipe_simulation/pipe_simulation.egg-info/entry_points.txt\n'}
[0.612304] (pipe_perception) StdoutLine: {'line': b'writing dependency_links to ../../build/pipe_perception/pipe_perception.egg-info/dependency_links.txt\n'}
[0.612507] (pipe_simulation) StdoutLine: {'line': b'writing requirements to ../../build/pipe_simulation/pipe_simulation.egg-info/requires.txt\n'}
[0.612843] (pipe_perception) StdoutLine: {'line': b'writing entry points to ../../build/pipe_perception/pipe_perception.egg-info/entry_points.txt\n'}
[0.612908] (pipe_perception) StdoutLine: {'line': b'writing requirements to ../../build/pipe_perception/pipe_perception.egg-info/requires.txt\n'}
[0.612944] (pipe_perception) StdoutLine: {'line': b'writing top-level names to ../../build/pipe_perception/pipe_perception.egg-info/top_level.txt\n'}
[0.612968] (pipe_simulation) StdoutLine: {'line': b'writing top-level names to ../../build/pipe_simulation/pipe_simulation.egg-info/top_level.txt\n'}
[0.613851] (pipe_simulation) StdoutLine: {'line': b"reading manifest file '../../build/pipe_simulation/pipe_simulation.egg-info/SOURCES.txt'\n"}
[0.614125] (pipe_perception) StdoutLine: {'line': b"reading manifest file '../../build/pipe_perception/pipe_perception.egg-info/SOURCES.txt'\n"}
[0.614482] (pipe_simulation) StdoutLine: {'line': b"writing manifest file '../../build/pipe_simulation/pipe_simulation.egg-info/SOURCES.txt'\n"}
[0.614625] (pipe_simulation) StdoutLine: {'line': b'running build\n'}
[0.614662] (pipe_simulation) StdoutLine: {'line': b'running build_py\n'}
[0.614729] (pipe_perception) StdoutLine: {'line': b"writing manifest file '../../build/pipe_perception/pipe_perception.egg-info/SOURCES.txt'\n"}
[0.614941] (pipe_perception) StdoutLine: {'line': b'running build\n'}
[0.614996] (pipe_perception) StdoutLine: {'line': b'running build_py\n'}
[0.615026] (pipe_simulation) StdoutLine: {'line': b'copying pipe_simulation/auto_drive_node.py -> /home/shrujans/xolo/build/pipe_simulation/build/lib/pipe_simulation\n'}
[0.615359] (pipe_simulation) StdoutLine: {'line': b'running install\n'}
[0.615499] (pipe_simulation) StdoutLine: {'line': b'running install_lib\n'}
[0.615534] (pipe_perception) StdoutLine: {'line': b'copying pipe_perception/nodes/cylinder_visualizer_3d_node.py -> /home/shrujans/xolo/build/pipe_perception/build/lib/pipe_perception/nodes\n'}
[0.615956] (pipe_simulation) StdoutLine: {'line': b'copying /home/shrujans/xolo/build/pipe_simulation/build/lib/pipe_simulation/auto_drive_node.py -> /home/shrujans/xolo/install/pipe_simulation/lib/python3.10/site-packages/pipe_simulation\n'}
[0.616367] (pipe_perception) StdoutLine: {'line': b'running install\n'}
[0.616566] (pipe_simulation) StdoutLine: {'line': b'byte-compiling /home/shrujans/xolo/install/pipe_simulation/lib/python3.10/site-packages/pipe_simulation/auto_drive_node.py to auto_drive_node.cpython-310.pyc\n'}
[0.616609] (pipe_perception) StdoutLine: {'line': b'running install_lib\n'}
[0.617089] (pipe_perception) StdoutLine: {'line': b'copying /home/shrujans/xolo/build/pipe_perception/build/lib/pipe_perception/nodes/cylinder_visualizer_3d_node.py -> /home/shrujans/xolo/install/pipe_perception/lib/python3.10/site-packages/pipe_perception/nodes\n'}
[0.617673] (pipe_simulation) StdoutLine: {'line': b'running install_data\n'}
[0.618104] (pipe_simulation) StdoutLine: {'line': b'copying launch/sim.launch.py -> /home/shrujans/xolo/install/pipe_simulation/share/pipe_simulation/launch\n'}
[0.618509] (pipe_perception) StdoutLine: {'line': b'byte-compiling /home/shrujans/xolo/install/pipe_perception/lib/python3.10/site-packages/pipe_perception/nodes/cylinder_visualizer_3d_node.py to cylinder_visualizer_3d_node.cpython-310.pyc\n'}
[0.618774] (pipe_simulation) StdoutLine: {'line': b'copying worlds/pipe.world -> /home/shrujans/xolo/install/pipe_simulation/share/pipe_simulation/worlds\n'}
[0.619238] (pipe_simulation) StdoutLine: {'line': b'copying rviz/sim.rviz -> /home/shrujans/xolo/install/pipe_simulation/share/pipe_simulation/rviz\n'}
[0.619446] (pipe_simulation) StdoutLine: {'line': b'creating /home/shrujans/xolo/install/pipe_simulation/share/pipe_simulation/scripts\n'}
[0.619689] (pipe_simulation) StdoutLine: {'line': b'copying scripts/generate_curved_pipe_mesh.py -> /home/shrujans/xolo/install/pipe_simulation/share/pipe_simulation/scripts\n'}
[0.619819] (pipe_simulation) StdoutLine: {'line': b'copying scripts/generate_pipe_mesh.py -> /home/shrujans/xolo/install/pipe_simulation/share/pipe_simulation/scripts\n'}
[0.620012] (pipe_simulation) StdoutLine: {'line': b'running install_egg_info\n'}
[0.620298] (pipe_perception) StdoutLine: {'line': b'running install_data\n'}
[0.620447] (pipe_perception) StdoutLine: {'line': b'running install_egg_info\n'}
[0.620911] (pipe_simulation) StdoutLine: {'line': b"removing '/home/shrujans/xolo/install/pipe_simulation/lib/python3.10/site-packages/pipe_simulation-0.0.1-py3.10.egg-info' (and everything under it)\n"}
[0.621439] (pipe_perception) StdoutLine: {'line': b"removing '/home/shrujans/xolo/install/pipe_perception/lib/python3.10/site-packages/pipe_perception-0.0.1-py3.10.egg-info' (and everything under it)\n"}
[0.621948] (pipe_simulation) StdoutLine: {'line': b'Copying ../../build/pipe_simulation/pipe_simulation.egg-info to /home/shrujans/xolo/install/pipe_simulation/lib/python3.10/site-packages/pipe_simulation-0.0.1-py3.10.egg-info\n'}
[0.622118] (pipe_perception) StdoutLine: {'line': b'Copying ../../build/pipe_perception/pipe_perception.egg-info to /home/shrujans/xolo/install/pipe_perception/lib/python3.10/site-packages/pipe_perception-0.0.1-py3.10.egg-info\n'}
[0.622949] (pipe_perception) StdoutLine: {'line': b'running install_scripts\n'}
[0.622989] (pipe_simulation) StdoutLine: {'line': b'running install_scripts\n'}
[0.633492] (pipe_perception) StdoutLine: {'line': b'Installing coverage_mapper_node script to /home/shrujans/xolo/install/pipe_perception/lib/pipe_perception\n'}
[0.634156] (pipe_simulation) StdoutLine: {'line': b'Installing auto_drive_node script to /home/shrujans/xolo/install/pipe_simulation/lib/pipe_simulation\n'}
[0.634363] (pipe_perception) StdoutLine: {'line': b'Installing cylinder_unwrap_node script to /home/shrujans/xolo/install/pipe_perception/lib/pipe_perception\n'}
[0.634424] (pipe_perception) StdoutLine: {'line': b'Installing cylinder_visualizer_3d_node script to /home/shrujans/xolo/install/pipe_perception/lib/pipe_perception\n'}
[0.634656] (pipe_perception) StdoutLine: {'line': b'Installing video_ingest_node script to /home/shrujans/xolo/install/pipe_perception/lib/pipe_perception\n'}
[0.634728] (pipe_simulation) StdoutLine: {'line': b'Installing odom_depth_node script to /home/shrujans/xolo/install/pipe_simulation/lib/pipe_simulation\n'}
[0.634889] (pipe_simulation) StdoutLine: {'line': b'Installing synthetic_camera_node script to /home/shrujans/xolo/install/pipe_simulation/lib/pipe_simulation\n'}
[0.635010] (pipe_simulation) StdoutLine: {'line': b"writing list of installed files to '/home/shrujans/xolo/build/pipe_simulation/install.log'\n"}
[0.635248] (pipe_perception) StdoutLine: {'line': b"writing list of installed files to '/home/shrujans/xolo/build/pipe_perception/install.log'\n"}
[0.647098] (pipe_perception) CommandEnded: {'returncode': 0}
[0.659540] (pipe_perception) JobEnded: {'identifier': 'pipe_perception', 'rc': 0}
[0.660547] (pipe_simulation) CommandEnded: {'returncode': 0}
[0.664230] (pipe_simulation) JobEnded: {'identifier': 'pipe_simulation', 'rc': 0}
[0.664962] (-) EventReactorShutdown: {}
