running egg_info
creating ../../build/pipe_simulation/pipe_simulation.egg-info
writing ../../build/pipe_simulation/pipe_simulation.egg-info/PKG-INFO
writing dependency_links to ../../build/pipe_simulation/pipe_simulation.egg-info/dependency_links.txt
writing entry points to ../../build/pipe_simulation/pipe_simulation.egg-info/entry_points.txt
writing requirements to ../../build/pipe_simulation/pipe_simulation.egg-info/requires.txt
writing top-level names to ../../build/pipe_simulation/pipe_simulation.egg-info/top_level.txt
writing manifest file '../../build/pipe_simulation/pipe_simulation.egg-info/SOURCES.txt'
reading manifest file '../../build/pipe_simulation/pipe_simulation.egg-info/SOURCES.txt'
writing manifest file '../../build/pipe_simulation/pipe_simulation.egg-info/SOURCES.txt'
running build
running build_py
creating /home/shrujans/xolo/build/pipe_simulation/build
creating /home/shrujans/xolo/build/pipe_simulation/build/lib
creating /home/shrujans/xolo/build/pipe_simulation/build/lib/pipe_simulation
copying pipe_simulation/odom_depth_node.py -> /home/shrujans/xolo/build/pipe_simulation/build/lib/pipe_simulation
copying pipe_simulation/__init__.py -> /home/shrujans/xolo/build/pipe_simulation/build/lib/pipe_simulation
running install
running install_lib
creating /home/shrujans/xolo/install/pipe_simulation/lib/python3.10/site-packages/pipe_simulation
copying /home/shrujans/xolo/build/pipe_simulation/build/lib/pipe_simulation/odom_depth_node.py -> /home/shrujans/xolo/install/pipe_simulation/lib/python3.10/site-packages/pipe_simulation
copying /home/shrujans/xolo/build/pipe_simulation/build/lib/pipe_simulation/__init__.py -> /home/shrujans/xolo/install/pipe_simulation/lib/python3.10/site-packages/pipe_simulation
byte-compiling /home/shrujans/xolo/install/pipe_simulation/lib/python3.10/site-packages/pipe_simulation/odom_depth_node.py to odom_depth_node.cpython-310.pyc
byte-compiling /home/shrujans/xolo/install/pipe_simulation/lib/python3.10/site-packages/pipe_simulation/__init__.py to __init__.cpython-310.pyc
running install_data
creating /home/shrujans/xolo/install/pipe_simulation/share/ament_index
creating /home/shrujans/xolo/install/pipe_simulation/share/ament_index/resource_index
creating /home/shrujans/xolo/install/pipe_simulation/share/ament_index/resource_index/packages
copying resource/pipe_simulation -> /home/shrujans/xolo/install/pipe_simulation/share/ament_index/resource_index/packages
copying package.xml -> /home/shrujans/xolo/install/pipe_simulation/share/pipe_simulation
creating /home/shrujans/xolo/install/pipe_simulation/share/pipe_simulation/launch
copying launch/gazebo.launch.py -> /home/shrujans/xolo/install/pipe_simulation/share/pipe_simulation/launch
copying launch/sim.launch.py -> /home/shrujans/xolo/install/pipe_simulation/share/pipe_simulation/launch
creating /home/shrujans/xolo/install/pipe_simulation/share/pipe_simulation/urdf
copying urdf/pipe_bot.urdf.xacro -> /home/shrujans/xolo/install/pipe_simulation/share/pipe_simulation/urdf
creating /home/shrujans/xolo/install/pipe_simulation/share/pipe_simulation/worlds
copying worlds/pipe.world -> /home/shrujans/xolo/install/pipe_simulation/share/pipe_simulation/worlds
creating /home/shrujans/xolo/install/pipe_simulation/share/pipe_simulation/meshes
copying meshes/pipe_hollow.stl -> /home/shrujans/xolo/install/pipe_simulation/share/pipe_simulation/meshes
creating /home/shrujans/xolo/install/pipe_simulation/share/pipe_simulation/config
copying config/bridge.yaml -> /home/shrujans/xolo/install/pipe_simulation/share/pipe_simulation/config
creating /home/shrujans/xolo/install/pipe_simulation/share/pipe_simulation/rviz
copying rviz/sim.rviz -> /home/shrujans/xolo/install/pipe_simulation/share/pipe_simulation/rviz
running install_egg_info
Copying ../../build/pipe_simulation/pipe_simulation.egg-info to /home/shrujans/xolo/install/pipe_simulation/lib/python3.10/site-packages/pipe_simulation-0.0.1-py3.10.egg-info
running install_scripts
Installing odom_depth_node script to /home/shrujans/xolo/install/pipe_simulation/lib/pipe_simulation
writing list of installed files to '/home/shrujans/xolo/build/pipe_simulation/install.log'
