[0.563s] Invoking command in '/home/shrujans/xolo/src/pipe_simulation': PYTHONPATH=/home/shrujans/xolo/build/pipe_simulation/prefix_override:/usr/lib/python3/dist-packages/colcon_core/task/python/colcon_distutils_commands:/home/shrujans/xolo/install/pipe_simulation/lib/python3.10/site-packages:${PYTHONPATH} /usr/bin/python3 -W ignore:setup.py install is deprecated -W ignore:easy_install command is deprecated setup.py egg_info --egg-base ../../build/pipe_simulation build --build-base /home/shrujans/xolo/build/pipe_simulation/build install --record /home/shrujans/xolo/build/pipe_simulation/install.log --single-version-externally-managed install_data
[0.672s] running egg_info
[0.672s] writing ../../build/pipe_simulation/pipe_simulation.egg-info/PKG-INFO
[0.673s] writing dependency_links to ../../build/pipe_simulation/pipe_simulation.egg-info/dependency_links.txt
[0.673s] writing entry points to ../../build/pipe_simulation/pipe_simulation.egg-info/entry_points.txt
[0.673s] writing requirements to ../../build/pipe_simulation/pipe_simulation.egg-info/requires.txt
[0.673s] writing top-level names to ../../build/pipe_simulation/pipe_simulation.egg-info/top_level.txt
[0.674s] reading manifest file '../../build/pipe_simulation/pipe_simulation.egg-info/SOURCES.txt'
[0.675s] writing manifest file '../../build/pipe_simulation/pipe_simulation.egg-info/SOURCES.txt'
[0.675s] running build
[0.675s] running build_py
[0.675s] copying pipe_simulation/synthetic_camera_node.py -> /home/shrujans/xolo/build/pipe_simulation/build/lib/pipe_simulation
[0.676s] running install
[0.676s] running install_lib
[0.677s] copying /home/shrujans/xolo/build/pipe_simulation/build/lib/pipe_simulation/synthetic_camera_node.py -> /home/shrujans/xolo/install/pipe_simulation/lib/python3.10/site-packages/pipe_simulation
[0.677s] byte-compiling /home/shrujans/xolo/install/pipe_simulation/lib/python3.10/site-packages/pipe_simulation/synthetic_camera_node.py to synthetic_camera_node.cpython-310.pyc
[0.678s] running install_data
[0.679s] running install_egg_info
[0.680s] removing '/home/shrujans/xolo/install/pipe_simulation/lib/python3.10/site-packages/pipe_simulation-0.0.1-py3.10.egg-info' (and everything under it)
[0.680s] Copying ../../build/pipe_simulation/pipe_simulation.egg-info to /home/shrujans/xolo/install/pipe_simulation/lib/python3.10/site-packages/pipe_simulation-0.0.1-py3.10.egg-info
[0.681s] running install_scripts
[0.693s] Installing auto_drive_node script to /home/shrujans/xolo/install/pipe_simulation/lib/pipe_simulation
[0.693s] Installing odom_depth_node script to /home/shrujans/xolo/install/pipe_simulation/lib/pipe_simulation
[0.693s] Installing synthetic_camera_node script to /home/shrujans/xolo/install/pipe_simulation/lib/pipe_simulation
[0.694s] writing list of installed files to '/home/shrujans/xolo/build/pipe_simulation/install.log'
[0.707s] Invoked command in '/home/shrujans/xolo/src/pipe_simulation' returned '0': PYTHONPATH=/home/shrujans/xolo/build/pipe_simulation/prefix_override:/usr/lib/python3/dist-packages/colcon_core/task/python/colcon_distutils_commands:/home/shrujans/xolo/install/pipe_simulation/lib/python3.10/site-packages:${PYTHONPATH} /usr/bin/python3 -W ignore:setup.py install is deprecated -W ignore:easy_install command is deprecated setup.py egg_info --egg-base ../../build/pipe_simulation build --build-base /home/shrujans/xolo/build/pipe_simulation/build install --record /home/shrujans/xolo/build/pipe_simulation/install.log --single-version-externally-managed install_data
