[0.604s] Invoking command in '/home/shrujans/xolo/src/pipe_perception': PYTHONPATH=/home/shrujans/xolo/build/pipe_perception/prefix_override:/usr/lib/python3/dist-packages/colcon_core/task/python/colcon_distutils_commands:/home/shrujans/xolo/install/pipe_perception/lib/python3.10/site-packages:${PYTHONPATH} /usr/bin/python3 -W ignore:setup.py install is deprecated -W ignore:easy_install command is deprecated setup.py egg_info --egg-base ../../build/pipe_perception build --build-base /home/shrujans/xolo/build/pipe_perception/build install --record /home/shrujans/xolo/build/pipe_perception/install.log --single-version-externally-managed install_data
[0.716s] running egg_info
[0.716s] writing ../../build/pipe_perception/pipe_perception.egg-info/PKG-INFO
[0.717s] writing dependency_links to ../../build/pipe_perception/pipe_perception.egg-info/dependency_links.txt
[0.717s] writing entry points to ../../build/pipe_perception/pipe_perception.egg-info/entry_points.txt
[0.723s] writing requirements to ../../build/pipe_perception/pipe_perception.egg-info/requires.txt
[0.723s] writing top-level names to ../../build/pipe_perception/pipe_perception.egg-info/top_level.txt
[0.724s] reading manifest file '../../build/pipe_perception/pipe_perception.egg-info/SOURCES.txt'
[0.725s] writing manifest file '../../build/pipe_perception/pipe_perception.egg-info/SOURCES.txt'
[0.725s] running build
[0.726s] running build_py
[0.726s] copying pipe_perception/nodes/coverage_mapper_node.py -> /home/shrujans/xolo/build/pipe_perception/build/lib/pipe_perception/nodes
[0.728s] running install
[0.728s] running install_lib
[0.728s] copying /home/shrujans/xolo/build/pipe_perception/build/lib/pipe_perception/nodes/coverage_mapper_node.py -> /home/shrujans/xolo/install/pipe_perception/lib/python3.10/site-packages/pipe_perception/nodes
[0.730s] byte-compiling /home/shrujans/xolo/install/pipe_perception/lib/python3.10/site-packages/pipe_perception/nodes/coverage_mapper_node.py to coverage_mapper_node.cpython-310.pyc
[0.731s] running install_data
[0.731s] running install_egg_info
[0.732s] removing '/home/shrujans/xolo/install/pipe_perception/lib/python3.10/site-packages/pipe_perception-0.0.1-py3.10.egg-info' (and everything under it)
[0.733s] Copying ../../build/pipe_perception/pipe_perception.egg-info to /home/shrujans/xolo/install/pipe_perception/lib/python3.10/site-packages/pipe_perception-0.0.1-py3.10.egg-info
[0.734s] running install_scripts
[0.745s] Installing coverage_mapper_node script to /home/shrujans/xolo/install/pipe_perception/lib/pipe_perception
[0.746s] Installing cylinder_unwrap_node script to /home/shrujans/xolo/install/pipe_perception/lib/pipe_perception
[0.746s] Installing cylinder_visualizer_3d_node script to /home/shrujans/xolo/install/pipe_perception/lib/pipe_perception
[0.746s] Installing video_ingest_node script to /home/shrujans/xolo/install/pipe_perception/lib/pipe_perception
[0.746s] writing list of installed files to '/home/shrujans/xolo/build/pipe_perception/install.log'
[0.774s] Invoked command in '/home/shrujans/xolo/src/pipe_perception' returned '0': PYTHONPATH=/home/shrujans/xolo/build/pipe_perception/prefix_override:/usr/lib/python3/dist-packages/colcon_core/task/python/colcon_distutils_commands:/home/shrujans/xolo/install/pipe_perception/lib/python3.10/site-packages:${PYTHONPATH} /usr/bin/python3 -W ignore:setup.py install is deprecated -W ignore:easy_install command is deprecated setup.py egg_info --egg-base ../../build/pipe_perception build --build-base /home/shrujans/xolo/build/pipe_perception/build install --record /home/shrujans/xolo/build/pipe_perception/install.log --single-version-externally-managed install_data
