[3.145s] DEBUG:colcon:Command line arguments: ['/usr/bin/colcon', 'build', '--packages-select', 'pipe_simulation']
[3.145s] DEBUG:colcon:Parsed command line arguments: Namespace(log_base=None, log_level=None, verb_name='build', build_base='build', install_base='install', merge_install=False, symlink_install=False, test_result_base=None, continue_on_error=False, executor='parallel', parallel_workers=8, event_handlers=None, ignore_user_meta=False, metas=['./colcon.meta'], base_paths=['.'], packages_ignore=None, packages_ignore_regex=None, paths=None, packages_up_to=None, packages_up_to_regex=None, packages_above=None, packages_above_and_dependencies=None, packages_above_depth=None, packages_select_by_dep=None, packages_skip_by_dep=None, packages_skip_up_to=None, packages_select_build_failed=False, packages_skip_build_finished=False, packages_select_test_failures=False, packages_skip_test_passed=False, packages_select=['pipe_simulation'], packages_skip=None, packages_select_regex=None, packages_skip_regex=None, packages_start=None, packages_end=None, allow_overriding=[], cmake_args=None, cmake_target=None, cmake_target_skip_unavailable=False, cmake_clean_cache=False, cmake_clean_first=False, cmake_force_configure=False, ament_cmake_args=None, catkin_cmake_args=None, catkin_skip_building_tests=False, verb_parser=<colcon_defaults.argument_parser.defaults.DefaultArgumentsDecorator object at 0x73fec2a276a0>, verb_extension=<colcon_core.verb.build.BuildVerb object at 0x73fec2a27190>, main=<bound method BuildVerb.main of <colcon_core.verb.build.BuildVerb object at 0x73fec2a27190>>)
[3.233s] Level 1:colcon.colcon_core.package_discovery:discover_packages(colcon_meta) check parameters
[3.233s] Level 1:colcon.colcon_core.package_discovery:discover_packages(recursive) check parameters
[3.233s] Level 1:colcon.colcon_core.package_discovery:discover_packages(ignore) check parameters
[3.233s] Level 1:colcon.colcon_core.package_discovery:discover_packages(path) check parameters
[3.233s] Level 1:colcon.colcon_core.package_discovery:discover_packages(colcon_meta) discover
[3.233s] Level 1:colcon.colcon_core.package_discovery:discover_packages(recursive) discover
[3.233s] INFO:colcon.colcon_core.package_discovery:Crawling recursively for packages in '/home/shrujans/xolo'
[3.233s] Level 1:colcon.colcon_core.package_identification:_identify(.) by extensions ['ignore', 'ignore_ament_install']
[3.233s] Level 1:colcon.colcon_core.package_identification:_identify(.) by extension 'ignore'
[3.233s] Level 1:colcon.colcon_core.package_identification:_identify(.) by extension 'ignore_ament_install'
[3.233s] Level 1:colcon.colcon_core.package_identification:_identify(.) by extensions ['colcon_pkg']
[3.233s] Level 1:colcon.colcon_core.package_identification:_identify(.) by extension 'colcon_pkg'
[3.233s] Level 1:colcon.colcon_core.package_identification:_identify(.) by extensions ['colcon_meta']
[3.233s] Level 1:colcon.colcon_core.package_identification:_identify(.) by extension 'colcon_meta'
[3.233s] Level 1:colcon.colcon_core.package_identification:_identify(.) by extensions ['ros']
[3.233s] Level 1:colcon.colcon_core.package_identification:_identify(.) by extension 'ros'
[3.244s] Level 1:colcon.colcon_core.package_identification:_identify(.) by extensions ['cmake', 'python']
[3.244s] Level 1:colcon.colcon_core.package_identification:_identify(.) by extension 'cmake'
[3.244s] Level 1:colcon.colcon_core.package_identification:_identify(.) by extension 'python'
[3.244s] Level 1:colcon.colcon_core.package_identification:_identify(.) by extensions ['python_setup_py']
[3.244s] Level 1:colcon.colcon_core.package_identification:_identify(.) by extension 'python_setup_py'
[3.244s] Level 1:colcon.colcon_core.package_identification:_identify(build) by extensions ['ignore', 'ignore_ament_install']
[3.244s] Level 1:colcon.colcon_core.package_identification:_identify(build) by extension 'ignore'
[3.244s] Level 1:colcon.colcon_core.package_identification:_identify(build) ignored
[3.244s] Level 1:colcon.colcon_core.package_identification:_identify(install) by extensions ['ignore', 'ignore_ament_install']
[3.244s] Level 1:colcon.colcon_core.package_identification:_identify(install) by extension 'ignore'
[3.244s] Level 1:colcon.colcon_core.package_identification:_identify(install) ignored
[3.245s] Level 1:colcon.colcon_core.package_identification:_identify(log) by extensions ['ignore', 'ignore_ament_install']
[3.245s] Level 1:colcon.colcon_core.package_identification:_identify(log) by extension 'ignore'
[3.245s] Level 1:colcon.colcon_core.package_identification:_identify(log) ignored
[3.245s] Level 1:colcon.colcon_core.package_identification:_identify(src) by extensions ['ignore', 'ignore_ament_install']
[3.245s] Level 1:colcon.colcon_core.package_identification:_identify(src) by extension 'ignore'
[3.245s] Level 1:colcon.colcon_core.package_identification:_identify(src) by extension 'ignore_ament_install'
[3.245s] Level 1:colcon.colcon_core.package_identification:_identify(src) by extensions ['colcon_pkg']
[3.245s] Level 1:colcon.colcon_core.package_identification:_identify(src) by extension 'colcon_pkg'
[3.245s] Level 1:colcon.colcon_core.package_identification:_identify(src) by extensions ['colcon_meta']
[3.245s] Level 1:colcon.colcon_core.package_identification:_identify(src) by extension 'colcon_meta'
[3.245s] Level 1:colcon.colcon_core.package_identification:_identify(src) by extensions ['ros']
[3.245s] Level 1:colcon.colcon_core.package_identification:_identify(src) by extension 'ros'
[3.245s] Level 1:colcon.colcon_core.package_identification:_identify(src) by extensions ['cmake', 'python']
[3.245s] Level 1:colcon.colcon_core.package_identification:_identify(src) by extension 'cmake'
[3.245s] Level 1:colcon.colcon_core.package_identification:_identify(src) by extension 'python'
[3.245s] Level 1:colcon.colcon_core.package_identification:_identify(src) by extensions ['python_setup_py']
[3.245s] Level 1:colcon.colcon_core.package_identification:_identify(src) by extension 'python_setup_py'
[3.245s] Level 1:colcon.colcon_core.package_identification:_identify(src/pipe_perception) by extensions ['ignore', 'ignore_ament_install']
[3.245s] Level 1:colcon.colcon_core.package_identification:_identify(src/pipe_perception) by extension 'ignore'
[3.245s] Level 1:colcon.colcon_core.package_identification:_identify(src/pipe_perception) by extension 'ignore_ament_install'
[3.245s] Level 1:colcon.colcon_core.package_identification:_identify(src/pipe_perception) by extensions ['colcon_pkg']
[3.245s] Level 1:colcon.colcon_core.package_identification:_identify(src/pipe_perception) by extension 'colcon_pkg'
[3.245s] Level 1:colcon.colcon_core.package_identification:_identify(src/pipe_perception) by extensions ['colcon_meta']
[3.245s] Level 1:colcon.colcon_core.package_identification:_identify(src/pipe_perception) by extension 'colcon_meta'
[3.245s] Level 1:colcon.colcon_core.package_identification:_identify(src/pipe_perception) by extensions ['ros']
[3.245s] Level 1:colcon.colcon_core.package_identification:_identify(src/pipe_perception) by extension 'ros'
[3.247s] DEBUG:colcon.colcon_core.package_identification:Package 'src/pipe_perception' with type 'ros.ament_python' and name 'pipe_perception'
[3.247s] Level 1:colcon.colcon_core.package_identification:_identify(src/pipe_simulation) by extensions ['ignore', 'ignore_ament_install']
[3.247s] Level 1:colcon.colcon_core.package_identification:_identify(src/pipe_simulation) by extension 'ignore'
[3.247s] Level 1:colcon.colcon_core.package_identification:_identify(src/pipe_simulation) by extension 'ignore_ament_install'
[3.247s] Level 1:colcon.colcon_core.package_identification:_identify(src/pipe_simulation) by extensions ['colcon_pkg']
[3.247s] Level 1:colcon.colcon_core.package_identification:_identify(src/pipe_simulation) by extension 'colcon_pkg'
[3.247s] Level 1:colcon.colcon_core.package_identification:_identify(src/pipe_simulation) by extensions ['colcon_meta']
[3.247s] Level 1:colcon.colcon_core.package_identification:_identify(src/pipe_simulation) by extension 'colcon_meta'
[3.247s] Level 1:colcon.colcon_core.package_identification:_identify(src/pipe_simulation) by extensions ['ros']
[3.247s] Level 1:colcon.colcon_core.package_identification:_identify(src/pipe_simulation) by extension 'ros'
[3.248s] DEBUG:colcon.colcon_core.package_identification:Package 'src/pipe_simulation' with type 'ros.ament_python' and name 'pipe_simulation'
[3.248s] Level 1:colcon.colcon_core.package_identification:_identify(videos) by extensions ['ignore', 'ignore_ament_install']
[3.248s] Level 1:colcon.colcon_core.package_identification:_identify(videos) by extension 'ignore'
[3.248s] Level 1:colcon.colcon_core.package_identification:_identify(videos) by extension 'ignore_ament_install'
[3.248s] Level 1:colcon.colcon_core.package_identification:_identify(videos) by extensions ['colcon_pkg']
[3.248s] Level 1:colcon.colcon_core.package_identification:_identify(videos) by extension 'colcon_pkg'
[3.248s] Level 1:colcon.colcon_core.package_identification:_identify(videos) by extensions ['colcon_meta']
[3.248s] Level 1:colcon.colcon_core.package_identification:_identify(videos) by extension 'colcon_meta'
[3.248s] Level 1:colcon.colcon_core.package_identification:_identify(videos) by extensions ['ros']
[3.248s] Level 1:colcon.colcon_core.package_identification:_identify(videos) by extension 'ros'
[3.248s] Level 1:colcon.colcon_core.package_identification:_identify(videos) by extensions ['cmake', 'python']
[3.248s] Level 1:colcon.colcon_core.package_identification:_identify(videos) by extension 'cmake'
[3.248s] Level 1:colcon.colcon_core.package_identification:_identify(videos) by extension 'python'
[3.248s] Level 1:colcon.colcon_core.package_identification:_identify(videos) by extensions ['python_setup_py']
[3.248s] Level 1:colcon.colcon_core.package_identification:_identify(videos) by extension 'python_setup_py'
[3.248s] Level 1:colcon.colcon_core.package_discovery:discover_packages(recursive) using defaults
[3.248s] Level 1:colcon.colcon_core.package_discovery:discover_packages(ignore) discover
[3.248s] Level 1:colcon.colcon_core.package_discovery:discover_packages(ignore) using defaults
[3.248s] Level 1:colcon.colcon_core.package_discovery:discover_packages(path) discover
[3.248s] Level 1:colcon.colcon_core.package_discovery:discover_packages(path) using defaults
[3.263s] INFO:colcon.colcon_core.package_selection:Skipping not selected package 'pipe_perception' in 'src/pipe_perception'
[3.263s] Level 1:colcon.colcon_core.package_discovery:discover_packages(prefix_path) check parameters
[3.263s] Level 1:colcon.colcon_core.package_discovery:discover_packages(prefix_path) discover
[3.264s] DEBUG:colcon.colcon_installed_package_information.package_discovery:Found 287 installed packages in /opt/ros/humble
[3.271s] Level 1:colcon.colcon_core.package_discovery:discover_packages(prefix_path) using defaults
[3.290s] Level 5:colcon.colcon_core.verb:set package 'pipe_simulation' build argument 'cmake_args' from command line to 'None'
[3.290s] Level 5:colcon.colcon_core.verb:set package 'pipe_simulation' build argument 'cmake_target' from command line to 'None'
[3.290s] Level 5:colcon.colcon_core.verb:set package 'pipe_simulation' build argument 'cmake_target_skip_unavailable' from command line to 'False'
[3.290s] Level 5:colcon.colcon_core.verb:set package 'pipe_simulation' build argument 'cmake_clean_cache' from command line to 'False'
[3.290s] Level 5:colcon.colcon_core.verb:set package 'pipe_simulation' build argument 'cmake_clean_first' from command line to 'False'
[3.290s] Level 5:colcon.colcon_core.verb:set package 'pipe_simulation' build argument 'cmake_force_configure' from command line to 'False'
[3.290s] Level 5:colcon.colcon_core.verb:set package 'pipe_simulation' build argument 'ament_cmake_args' from command line to 'None'
[3.290s] Level 5:colcon.colcon_core.verb:set package 'pipe_simulation' build argument 'catkin_cmake_args' from command line to 'None'
[3.290s] Level 5:colcon.colcon_core.verb:set package 'pipe_simulation' build argument 'catkin_skip_building_tests' from command line to 'False'
[3.290s] DEBUG:colcon.colcon_core.verb:Building package 'pipe_simulation' with the following arguments: {'ament_cmake_args': None, 'build_base': '/home/shrujans/xolo/build/pipe_simulation', 'catkin_cmake_args': None, 'catkin_skip_building_tests': False, 'cmake_args': None, 'cmake_clean_cache': False, 'cmake_clean_first': False, 'cmake_force_configure': False, 'cmake_target': None, 'cmake_target_skip_unavailable': False, 'install_base': '/home/shrujans/xolo/install/pipe_simulation', 'merge_install': False, 'path': '/home/shrujans/xolo/src/pipe_simulation', 'symlink_install': False, 'test_result_base': None}
[3.290s] INFO:colcon.colcon_core.executor:Executing jobs using 'parallel' executor
[3.291s] DEBUG:colcon.colcon_parallel_executor.executor.parallel:run_until_complete
[3.291s] INFO:colcon.colcon_ros.task.ament_python.build:Building ROS package in '/home/shrujans/xolo/src/pipe_simulation' with build type 'ament_python'
[3.291s] Level 1:colcon.colcon_core.shell:create_environment_hook('pipe_simulation', 'ament_prefix_path')
[3.293s] INFO:colcon.colcon_core.plugin_system:Skipping extension 'colcon_core.shell.bat': Not used on non-Windows systems
[3.293s] INFO:colcon.colcon_core.shell:Creating environment hook '/home/shrujans/xolo/install/pipe_simulation/share/pipe_simulation/hook/ament_prefix_path.ps1'
[3.293s] INFO:colcon.colcon_core.shell:Creating environment descriptor '/home/shrujans/xolo/install/pipe_simulation/share/pipe_simulation/hook/ament_prefix_path.dsv'
[3.293s] INFO:colcon.colcon_core.shell:Creating environment hook '/home/shrujans/xolo/install/pipe_simulation/share/pipe_simulation/hook/ament_prefix_path.sh'
[3.294s] INFO:colcon.colcon_core.shell:Skip shell extension 'powershell' for command environment: Not usable outside of PowerShell
[3.294s] DEBUG:colcon.colcon_core.shell:Skip shell extension 'dsv' for command environment
[3.430s] INFO:colcon.colcon_core.task.python.build:Building Python package in '/home/shrujans/xolo/src/pipe_simulation'
[3.430s] INFO:colcon.colcon_core.shell:Skip shell extension 'powershell' for command environment: Not usable outside of PowerShell
[3.430s] DEBUG:colcon.colcon_core.shell:Skip shell extension 'dsv' for command environment
[3.620s] DEBUG:colcon.colcon_core.event_handler.log_command:Invoking command in '/home/shrujans/xolo/build/pipe_simulation': PYTHONPATH=/home/shrujans/xolo/build/pipe_simulation/prefix_override:/usr/lib/python3/dist-packages/colcon_core/task/python/colcon_distutils_commands:/home/shrujans/xolo/install/pipe_simulation/lib/python3.10/site-packages:${PYTHONPATH} /usr/bin/python3 -W ignore:setup.py install is deprecated -W ignore:easy_install command is deprecated setup.py develop --uninstall --editable --build-directory /home/shrujans/xolo/build/pipe_simulation/build
[3.827s] DEBUG:colcon.colcon_core.event_handler.log_command:Invoked command in '/home/shrujans/xolo/build/pipe_simulation' returned '0': PYTHONPATH=/home/shrujans/xolo/build/pipe_simulation/prefix_override:/usr/lib/python3/dist-packages/colcon_core/task/python/colcon_distutils_commands:/home/shrujans/xolo/install/pipe_simulation/lib/python3.10/site-packages:${PYTHONPATH} /usr/bin/python3 -W ignore:setup.py install is deprecated -W ignore:easy_install command is deprecated setup.py develop --uninstall --editable --build-directory /home/shrujans/xolo/build/pipe_simulation/build
[3.827s] DEBUG:colcon.colcon_core.event_handler.log_command:Invoking command in '/home/shrujans/xolo/src/pipe_simulation': PYTHONPATH=/home/shrujans/xolo/build/pipe_simulation/prefix_override:/usr/lib/python3/dist-packages/colcon_core/task/python/colcon_distutils_commands:/home/shrujans/xolo/install/pipe_simulation/lib/python3.10/site-packages:${PYTHONPATH} /usr/bin/python3 -W ignore:setup.py install is deprecated -W ignore:easy_install command is deprecated setup.py egg_info --egg-base ../../build/pipe_simulation build --build-base /home/shrujans/xolo/build/pipe_simulation/build install --record /home/shrujans/xolo/build/pipe_simulation/install.log --single-version-externally-managed install_data --force
[3.984s] DEBUG:colcon.colcon_core.event_handler.log_command:Invoked command in '/home/shrujans/xolo/src/pipe_simulation' returned '0': PYTHONPATH=/home/shrujans/xolo/build/pipe_simulation/prefix_override:/usr/lib/python3/dist-packages/colcon_core/task/python/colcon_distutils_commands:/home/shrujans/xolo/install/pipe_simulation/lib/python3.10/site-packages:${PYTHONPATH} /usr/bin/python3 -W ignore:setup.py install is deprecated -W ignore:easy_install command is deprecated setup.py egg_info --egg-base ../../build/pipe_simulation build --build-base /home/shrujans/xolo/build/pipe_simulation/build install --record /home/shrujans/xolo/build/pipe_simulation/install.log --single-version-externally-managed install_data --force
[3.985s] Level 1:colcon.colcon_core.environment:checking '/home/shrujans/xolo/install/pipe_simulation' for CMake module files
[3.986s] Level 1:colcon.colcon_core.environment:checking '/home/shrujans/xolo/install/pipe_simulation' for CMake config files
[3.986s] Level 1:colcon.colcon_core.environment:checking '/home/shrujans/xolo/install/pipe_simulation/lib'
[3.986s] Level 1:colcon.colcon_core.environment:checking '/home/shrujans/xolo/install/pipe_simulation/bin'
[3.986s] Level 1:colcon.colcon_core.environment:checking '/home/shrujans/xolo/install/pipe_simulation/lib/pkgconfig/pipe_simulation.pc'
[3.986s] Level 1:colcon.colcon_core.environment:checking '/home/shrujans/xolo/install/pipe_simulation/lib/python3.10/site-packages'
[3.986s] Level 1:colcon.colcon_core.shell:create_environment_hook('pipe_simulation', 'pythonpath')
[3.987s] INFO:colcon.colcon_core.shell:Creating environment hook '/home/shrujans/xolo/install/pipe_simulation/share/pipe_simulation/hook/pythonpath.ps1'
[3.987s] INFO:colcon.colcon_core.shell:Creating environment descriptor '/home/shrujans/xolo/install/pipe_simulation/share/pipe_simulation/hook/pythonpath.dsv'
[3.987s] INFO:colcon.colcon_core.shell:Creating environment hook '/home/shrujans/xolo/install/pipe_simulation/share/pipe_simulation/hook/pythonpath.sh'
[3.987s] Level 1:colcon.colcon_core.environment:checking '/home/shrujans/xolo/install/pipe_simulation/bin'
[3.987s] Level 1:colcon.colcon_core.environment:create_environment_scripts_only(pipe_simulation)
[3.988s] INFO:colcon.colcon_core.shell:Creating package script '/home/shrujans/xolo/install/pipe_simulation/share/pipe_simulation/package.ps1'
[3.988s] INFO:colcon.colcon_core.shell:Creating package descriptor '/home/shrujans/xolo/install/pipe_simulation/share/pipe_simulation/package.dsv'
[3.988s] INFO:colcon.colcon_core.shell:Creating package script '/home/shrujans/xolo/install/pipe_simulation/share/pipe_simulation/package.sh'
[3.989s] INFO:colcon.colcon_core.shell:Creating package script '/home/shrujans/xolo/install/pipe_simulation/share/pipe_simulation/package.bash'
[3.989s] INFO:colcon.colcon_core.shell:Creating package script '/home/shrujans/xolo/install/pipe_simulation/share/pipe_simulation/package.zsh'
[3.989s] Level 1:colcon.colcon_core.environment:create_file_with_runtime_dependencies(/home/shrujans/xolo/install/pipe_simulation/share/colcon-core/packages/pipe_simulation)
[3.989s] DEBUG:colcon.colcon_parallel_executor.executor.parallel:closing loop
[3.990s] DEBUG:colcon.colcon_parallel_executor.executor.parallel:loop closed
[3.990s] DEBUG:colcon.colcon_parallel_executor.executor.parallel:run_until_complete finished with '0'
[3.990s] DEBUG:colcon.colcon_core.event_reactor:joining thread
[4.173s] INFO:colcon.colcon_core.plugin_system:Skipping extension 'colcon_notification.desktop_notification.notify_send': Could not find 'notify-send'
[4.173s] INFO:colcon.colcon_core.plugin_system:Skipping extension 'colcon_notification.desktop_notification.terminal_notifier': Not used on non-Darwin systems
[4.173s] INFO:colcon.colcon_core.plugin_system:Skipping extension 'colcon_notification.desktop_notification.win32': Not used on non-Windows systems
[4.173s] INFO:colcon.colcon_notification.desktop_notification:Sending desktop notification using 'notify2'
[4.174s] DEBUG:colcon.colcon_notification.desktop_notification.notify2:Failed to initialize notify2: org.freedesktop.DBus.Error.FileNotFound: Failed to connect to socket /run/user/1000/bus: No such file or directory
[4.174s] DEBUG:colcon.colcon_core.event_reactor:joined thread
[4.174s] INFO:colcon.colcon_core.shell:Creating prefix script '/home/shrujans/xolo/install/local_setup.ps1'
[4.175s] INFO:colcon.colcon_core.shell:Creating prefix util module '/home/shrujans/xolo/install/_local_setup_util_ps1.py'
[4.175s] INFO:colcon.colcon_core.shell:Creating prefix chain script '/home/shrujans/xolo/install/setup.ps1'
[4.176s] INFO:colcon.colcon_core.shell:Creating prefix script '/home/shrujans/xolo/install/local_setup.sh'
[4.176s] INFO:colcon.colcon_core.shell:Creating prefix util module '/home/shrujans/xolo/install/_local_setup_util_sh.py'
[4.176s] INFO:colcon.colcon_core.shell:Creating prefix chain script '/home/shrujans/xolo/install/setup.sh'
[4.177s] INFO:colcon.colcon_core.shell:Creating prefix script '/home/shrujans/xolo/install/local_setup.bash'
[4.177s] INFO:colcon.colcon_core.shell:Creating prefix chain script '/home/shrujans/xolo/install/setup.bash'
[4.178s] INFO:colcon.colcon_core.shell:Creating prefix script '/home/shrujans/xolo/install/local_setup.zsh'
[4.178s] INFO:colcon.colcon_core.shell:Creating prefix chain script '/home/shrujans/xolo/install/setup.zsh'
