running egg_info
writing ../../build/pipe_simulation/pipe_simulation.egg-info/PKG-INFO
writing dependency_links to ../../build/pipe_simulation/pipe_simulation.egg-info/dependency_links.txt
writing entry points to ../../build/pipe_simulation/pipe_simulation.egg-info/entry_points.txt
writing requirements to ../../build/pipe_simulation/pipe_simulation.egg-info/requires.txt
writing top-level names to ../../build/pipe_simulation/pipe_simulation.egg-info/top_level.txt
reading manifest file '../../build/pipe_simulation/pipe_simulation.egg-info/SOURCES.txt'
writing manifest file '../../build/pipe_simulation/pipe_simulation.egg-info/SOURCES.txt'
running build
running build_py
running install
running install_lib
running install_data
running install_egg_info
removing '/home/shrujans/xolo/install/pipe_simulation/lib/python3.10/site-packages/pipe_simulation-0.0.1-py3.10.egg-info' (and everything under it)
Copying ../../build/pipe_simulation/pipe_simulation.egg-info to /home/shrujans/xolo/install/pipe_simulation/lib/python3.10/site-packages/pipe_simulation-0.0.1-py3.10.egg-info
running install_scripts
Installing auto_drive_node script to /home/shrujans/xolo/install/pipe_simulation/lib/pipe_simulation
Installing odom_depth_node script to /home/shrujans/xolo/install/pipe_simulation/lib/pipe_simulation
Installing synthetic_camera_node script to /home/shrujans/xolo/install/pipe_simulation/lib/pipe_simulation
writing list of installed files to '/home/shrujans/xolo/build/pipe_simulation/install.log'
