[0.248s] Invoking command in '/home/shrujans/xolo/src/pipe_simulation': PYTHONPATH=/home/shrujans/xolo/build/pipe_simulation/prefix_override:/usr/lib/python3/dist-packages/colcon_core/task/python/colcon_distutils_commands:/home/shrujans/xolo/install/pipe_simulation/lib/python3.10/site-packages: /usr/bin/python3 -W ignore:setup.py install is deprecated -W ignore:easy_install command is deprecated setup.py egg_info --egg-base ../../build/pipe_simulation build --build-base /home/shrujans/xolo/build/pipe_simulation/build install --record /home/shrujans/xolo/build/pipe_simulation/install.log --single-version-externally-managed install_data
[0.330s] running egg_info
[0.330s] writing ../../build/pipe_simulation/pipe_simulation.egg-info/PKG-INFO
[0.330s] writing dependency_links to ../../build/pipe_simulation/pipe_simulation.egg-info/dependency_links.txt
[0.331s] writing entry points to ../../build/pipe_simulation/pipe_simulation.egg-info/entry_points.txt
[0.331s] writing requirements to ../../build/pipe_simulation/pipe_simulation.egg-info/requires.txt
[0.331s] writing top-level names to ../../build/pipe_simulation/pipe_simulation.egg-info/top_level.txt
[0.332s] reading manifest file '../../build/pipe_simulation/pipe_simulation.egg-info/SOURCES.txt'
[0.333s] writing manifest file '../../build/pipe_simulation/pipe_simulation.egg-info/SOURCES.txt'
[0.333s] running build
[0.333s] running build_py
[0.333s] running install
[0.333s] running install_lib
[0.334s] running install_data
[0.334s] copying scripts/generate_curved_pipe_mesh.py -> /home/shrujans/xolo/install/pipe_simulation/share/pipe_simulation/scripts
[0.334s] running install_egg_info
[0.335s] removing '/home/shrujans/xolo/install/pipe_simulation/lib/python3.10/site-packages/pipe_simulation-0.0.1-py3.10.egg-info' (and everything under it)
[0.335s] Copying ../../build/pipe_simulation/pipe_simulation.egg-info to /home/shrujans/xolo/install/pipe_simulation/lib/python3.10/site-packages/pipe_simulation-0.0.1-py3.10.egg-info
[0.336s] running install_scripts
[0.345s] Installing auto_drive_node script to /home/shrujans/xolo/install/pipe_simulation/lib/pipe_simulation
[0.346s] Installing odom_depth_node script to /home/shrujans/xolo/install/pipe_simulation/lib/pipe_simulation
[0.346s] Installing synthetic_camera_node script to /home/shrujans/xolo/install/pipe_simulation/lib/pipe_simulation
[0.346s] writing list of installed files to '/home/shrujans/xolo/build/pipe_simulation/install.log'
[0.356s] Invoked command in '/home/shrujans/xolo/src/pipe_simulation' returned '0': PYTHONPATH=/home/shrujans/xolo/build/pipe_simulation/prefix_override:/usr/lib/python3/dist-packages/colcon_core/task/python/colcon_distutils_commands:/home/shrujans/xolo/install/pipe_simulation/lib/python3.10/site-packages: /usr/bin/python3 -W ignore:setup.py install is deprecated -W ignore:easy_install command is deprecated setup.py egg_info --egg-base ../../build/pipe_simulation build --build-base /home/shrujans/xolo/build/pipe_simulation/build install --record /home/shrujans/xolo/build/pipe_simulation/install.log --single-version-externally-managed install_data
