[0.000000] (-) TimerEvent: {}
[0.000057] (pipe_perception) JobQueued: {'identifier': 'pipe_perception', 'dependencies': OrderedDict()}
[0.000076] (pipe_simulation) JobQueued: {'identifier': 'pipe_simulation', 'dependencies': OrderedDict()}
[0.000887] (pipe_perception) JobStarted: {'identifier': 'pipe_perception'}
[0.011448] (pipe_simulation) JobStarted: {'identifier': 'pipe_simulation'}
[0.099581] (-) TimerEvent: {}
[0.199794] (-) TimerEvent: {}
[0.300017] (-) TimerEvent: {}
[0.400273] (-) TimerEvent: {}
[0.500386] (-) TimerEvent: {}
[0.600557] (-) TimerEvent: {}
[0.609485] (pipe_perception) Command: {'cmd': ['/usr/bin/python3', '-W', 'ignore:setup.py install is deprecated', '-W', 'ignore:easy_install command is deprecated', 'setup.py', 'develop', '--editable', '--build-directory', '/home/shrujans/inspectly/build/pipe_perception/build', '--no-deps', 'symlink_data', '--force'], 'cwd': '/home/shrujans/inspectly/build/pipe_perception', 'env': {'USER': 'shrujans', 'SHLVL': '1', 'LD_LIBRARY_PATH': '/opt/ros/humble/opt/rviz_ogre_vendor/lib:/opt/ros/humble/lib/x86_64-linux-gnu:/opt/ros/humble/lib', 'HOME': '/home/shrujans', 'ROS_PYTHON_VERSION': '3', 'DBUS_SESSION_BUS_ADDRESS': 'unix:path=/run/user/1000/bus', 'WSL_DISTRO_NAME': 'Ubuntu-22.04', 'WAYLAND_DISPLAY': 'wayland-0', 'ROS_DISTRO': 'humble', 'LOGNAME': 'shrujans', 'NAME': 'ShrujanLenovo1', 'WSL_INTEROP': '/run/WSL/13276_interop', 'PULSE_SERVER': 'unix:/mnt/wslg/PulseServer', '_': '/usr/bin/colcon', 'ROS_VERSION': '2', 'TERM': 'xterm-256color', 'ROS_LOCALHOST_ONLY': '0', 'PATH': '/opt/ros/humble/bin:/usr/local/sbin:/usr/local/bin:/usr/sbin:/usr/bin:/sbin:/bin:/usr/games:/usr/local/games:/usr/lib/wsl/lib:/mnt/c/Users/shruj/bin:/mnt/c/Program Files/Git/mingw64/bin:/mnt/c/Program Files/Git/usr/local/bin:/mnt/c/Program Files/Git/usr/bin:/mnt/c/Program Files/Git/usr/bin:/mnt/c/Program Files/Git/mingw64/bin:/mnt/c/Program Files/Git/usr/bin:/mnt/c/Users/shruj/bin:/mnt/c/Python3.14/Scripts:/mnt/c/Users/shruj/AppData/Local/Programs/Microsoft VS Code:/mnt/c/Program Files (x86)/Common Files/Oracle/Java/java8path:/mnt/c/Program Files (x86)/Common Files/Oracle/Java/javapath:/mnt/c/Windows/system32:/mnt/c/Windows:/mnt/c/Windows/System32/Wbem:/mnt/c/Windows/System32/WindowsPowerShell/v1.0:/mnt/c/Windows/System32/OpenSSH:/mnt/c/Program Files/nodejs:/mnt/c/ProgramData/chocolatey/bin:/mnt/c/Program Files/CMake/bin:/mnt/c/Program Files/Git/cmd:/mnt/c/Program Files/Docker/Docker/resources/bin:/mnt/c/Program Files/Amazon/AWSCLIV2:/mnt/c/Users/shruj/AppData/Local/Programs/Python/Python312/Scripts:/mnt/c/Users/shruj/AppData/Local/Programs/Python/Python312:/mnt/c/Python3.14/Scripts:/mnt/c/Python3.14:/mnt/c/Users/shruj/AppData/Local/Programs/Python/Launcher:/mnt/c/Users/shruj/.local/bin:/mnt/c/Users/shruj/AppData/Local/pnpm:/mnt/c/Users/shruj/AppData/Local/Microsoft/WindowsApps:/mnt/c/Users/shruj/AppData/Local/Programs/Microsoft VS Code/bin:/mnt/c/Users/shruj/AppData/Local/GitHubDesktop/bin:/mnt/c/Users/shruj/AppData/Roaming/npm:/mnt/c/Users/shruj/AppData/Local/Python/bin:/mnt/c/Program Files/Git/usr/bin/vendor_perl:/mnt/c/Program Files/Git/usr/bin/core_perl', 'XDG_RUNTIME_DIR': '/run/user/1000/', 'DISPLAY': ':0', 'LANG': 'en_US.UTF-8', 'AMENT_PREFIX_PATH': '/opt/ros/humble', 'SHELL': '/bin/bash', 'PWD': '/home/shrujans/inspectly/build/pipe_perception', 'PYTHONPATH': '/home/shrujans/inspectly/build/pipe_perception/prefix_override:/usr/lib/python3/dist-packages/colcon_core/task/python/colcon_distutils_commands:/home/shrujans/inspectly/install/pipe_perception/lib/python3.10/site-packages:/opt/ros/humble/lib/python3.10/site-packages:/opt/ros/humble/local/lib/python3.10/dist-packages', 'COLCON': '1', 'WSL2_GUI_APPS_ENABLED': '1', 'HOSTTYPE': 'x86_64', 'WSLENV': ''}, 'shell': False}
[0.614135] (pipe_simulation) Command: {'cmd': ['/usr/bin/python3', '-W', 'ignore:setup.py install is deprecated', '-W', 'ignore:easy_install command is deprecated', 'setup.py', 'develop', '--editable', '--build-directory', '/home/shrujans/inspectly/build/pipe_simulation/build', '--no-deps', 'symlink_data'], 'cwd': '/home/shrujans/inspectly/build/pipe_simulation', 'env': {'USER': 'shrujans', 'SHLVL': '1', 'LD_LIBRARY_PATH': '/opt/ros/humble/opt/rviz_ogre_vendor/lib:/opt/ros/humble/lib/x86_64-linux-gnu:/opt/ros/humble/lib', 'HOME': '/home/shrujans', 'ROS_PYTHON_VERSION': '3', 'DBUS_SESSION_BUS_ADDRESS': 'unix:path=/run/user/1000/bus', 'WSL_DISTRO_NAME': 'Ubuntu-22.04', 'WAYLAND_DISPLAY': 'wayland-0', 'ROS_DISTRO': 'humble', 'LOGNAME': 'shrujans', 'NAME': 'ShrujanLenovo1', 'WSL_INTEROP': '/run/WSL/13276_interop', 'PULSE_SERVER': 'unix:/mnt/wslg/PulseServer', '_': '/usr/bin/colcon', 'ROS_VERSION': '2', 'TERM': 'xterm-256color', 'ROS_LOCALHOST_ONLY': '0', 'PATH': '/opt/ros/humble/bin:/usr/local/sbin:/usr/local/bin:/usr/sbin:/usr/bin:/sbin:/bin:/usr/games:/usr/local/games:/usr/lib/wsl/lib:/mnt/c/Users/shruj/bin:/mnt/c/Program Files/Git/mingw64/bin:/mnt/c/Program Files/Git/usr/local/bin:/mnt/c/Program Files/Git/usr/bin:/mnt/c/Program Files/Git/usr/bin:/mnt/c/Program Files/Git/mingw64/bin:/mnt/c/Program Files/Git/usr/bin:/mnt/c/Users/shruj/bin:/mnt/c/Python3.14/Scripts:/mnt/c/Users/shruj/AppData/Local/Programs/Microsoft VS Code:/mnt/c/Program Files (x86)/Common Files/Oracle/Java/java8path:/mnt/c/Program Files (x86)/Common Files/Oracle/Java/javapath:/mnt/c/Windows/system32:/mnt/c/Windows:/mnt/c/Windows/System32/Wbem:/mnt/c/Windows/System32/WindowsPowerShell/v1.0:/mnt/c/Windows/System32/OpenSSH:/mnt/c/Program Files/nodejs:/mnt/c/ProgramData/chocolatey/bin:/mnt/c/Program Files/CMake/bin:/mnt/c/Program Files/Git/cmd:/mnt/c/Program Files/Docker/Docker/resources/bin:/mnt/c/Program Files/Amazon/AWSCLIV2:/mnt/c/Users/shruj/AppData/Local/Programs/Python/Python312/Scripts:/mnt/c/Users/shruj/AppData/Local/Programs/Python/Python312:/mnt/c/Python3.14/Scripts:/mnt/c/Python3.14:/mnt/c/Users/shruj/AppData/Local/Programs/Python/Launcher:/mnt/c/Users/shruj/.local/bin:/mnt/c/Users/shruj/AppData/Local/pnpm:/mnt/c/Users/shruj/AppData/Local/Microsoft/WindowsApps:/mnt/c/Users/shruj/AppData/Local/Programs/Microsoft VS Code/bin:/mnt/c/Users/shruj/AppData/Local/GitHubDesktop/bin:/mnt/c/Users/shruj/AppData/Roaming/npm:/mnt/c/Users/shruj/AppData/Local/Python/bin:/mnt/c/Program Files/Git/usr/bin/vendor_perl:/mnt/c/Program Files/Git/usr/bin/core_perl', 'XDG_RUNTIME_DIR': '/run/user/1000/', 'DISPLAY': ':0', 'LANG': 'en_US.UTF-8', 'AMENT_PREFIX_PATH': '/opt/ros/humble', 'SHELL': '/bin/bash', 'PWD': '/home/shrujans/inspectly/build/pipe_simulation', 'PYTHONPATH': '/home/shrujans/inspectly/build/pipe_simulation/prefix_override:/usr/lib/python3/dist-packages/colcon_core/task/python/colcon_distutils_commands:/home/shrujans/inspectly/install/pipe_simulation/lib/python3.10/site-packages:/opt/ros/humble/lib/python3.10/site-packages:/opt/ros/humble/local/lib/python3.10/dist-packages', 'COLCON': '1', 'WSL2_GUI_APPS_ENABLED': '1', 'HOSTTYPE': 'x86_64', 'WSLENV': ''}, 'shell': False}
[0.700645] (-) TimerEvent: {}
[0.736942] (pipe_simulation) StdoutLine: {'line': b'running develop\n'}
[0.737177] (pipe_perception) StdoutLine: {'line': b'running develop\n'}
[0.800769] (-) TimerEvent: {}
[0.800995] (pipe_simulation) StdoutLine: {'line': b'running egg_info\n'}
[0.801085] (pipe_simulation) StdoutLine: {'line': b'creating pipe_simulation.egg-info\n'}
[0.801296] (pipe_simulation) StdoutLine: {'line': b'writing pipe_simulation.egg-info/PKG-INFO\n'}
[0.801919] (pipe_simulation) StdoutLine: {'line': b'writing dependency_links to pipe_simulation.egg-info/dependency_links.txt\n'}
[0.802036] (pipe_simulation) StdoutLine: {'line': b'writing entry points to pipe_simulation.egg-info/entry_points.txt\n'}
[0.802067] (pipe_simulation) StdoutLine: {'line': b'writing requirements to pipe_simulation.egg-info/requires.txt\n'}
[0.802092] (pipe_simulation) StdoutLine: {'line': b'writing top-level names to pipe_simulation.egg-info/top_level.txt\n'}
[0.802209] (pipe_simulation) StdoutLine: {'line': b"writing manifest file 'pipe_simulation.egg-info/SOURCES.txt'\n"}
[0.802362] (pipe_perception) StdoutLine: {'line': b'running egg_info\n'}
[0.802471] (pipe_perception) StdoutLine: {'line': b'writing pipe_perception.egg-info/PKG-INFO\n'}
[0.802981] (pipe_perception) StdoutLine: {'line': b'writing dependency_links to pipe_perception.egg-info/dependency_links.txt\n'}
[0.803137] (pipe_simulation) StdoutLine: {'line': b"reading manifest file 'pipe_simulation.egg-info/SOURCES.txt'\n"}
[0.803306] (pipe_perception) StdoutLine: {'line': b'writing entry points to pipe_perception.egg-info/entry_points.txt\n'}
[0.803963] (pipe_simulation) StdoutLine: {'line': b"writing manifest file 'pipe_simulation.egg-info/SOURCES.txt'\n"}
[0.804030] (pipe_perception) StdoutLine: {'line': b'writing requirements to pipe_perception.egg-info/requires.txt\n'}
[0.804067] (pipe_perception) StdoutLine: {'line': b'writing top-level names to pipe_perception.egg-info/top_level.txt\n'}
[0.804198] (pipe_simulation) StdoutLine: {'line': b'running build_ext\n'}
[0.804234] (pipe_simulation) StdoutLine: {'line': b'Creating /home/shrujans/inspectly/install/pipe_simulation/lib/python3.10/site-packages/pipe-simulation.egg-link (link to .)\n'}
[0.804628] (pipe_simulation) StdoutLine: {'line': b'Installing odom_depth_node script to /home/shrujans/inspectly/install/pipe_simulation/lib/pipe_simulation\n'}
[0.804957] (pipe_simulation) StdoutLine: {'line': b'\n'}
[0.805014] (pipe_simulation) StdoutLine: {'line': b'Installed /home/shrujans/inspectly/build/pipe_simulation\n'}
[0.805069] (pipe_simulation) StdoutLine: {'line': b'running symlink_data\n'}
[0.805242] (pipe_simulation) StdoutLine: {'line': b'creating /home/shrujans/inspectly/install/pipe_simulation/share/ament_index\n'}
[0.805321] (pipe_simulation) StdoutLine: {'line': b'creating /home/shrujans/inspectly/install/pipe_simulation/share/ament_index/resource_index\n'}
[0.805448] (pipe_simulation) StdoutLine: {'line': b'creating /home/shrujans/inspectly/install/pipe_simulation/share/ament_index/resource_index/packages\n'}
[0.805496] (pipe_simulation) StdoutLine: {'line': b'symbolically linking /home/shrujans/inspectly/build/pipe_simulation/resource/pipe_simulation -> /home/shrujans/inspectly/install/pipe_simulation/share/ament_index/resource_index/packages\n'}
[0.805636] (pipe_perception) StdoutLine: {'line': b"reading manifest file 'pipe_perception.egg-info/SOURCES.txt'\n"}
[0.805805] (pipe_simulation) StdoutLine: {'line': b'symbolically linking /home/shrujans/inspectly/build/pipe_simulation/package.xml -> /home/shrujans/inspectly/install/pipe_simulation/share/pipe_simulation\n'}
[0.805844] (pipe_simulation) StdoutLine: {'line': b'creating /home/shrujans/inspectly/install/pipe_simulation/share/pipe_simulation/launch\n'}
[0.806013] (pipe_simulation) StdoutLine: {'line': b'symbolically linking /home/shrujans/inspectly/build/pipe_simulation/launch/gazebo.launch.py -> /home/shrujans/inspectly/install/pipe_simulation/share/pipe_simulation/launch\n'}
[0.806190] (pipe_simulation) StdoutLine: {'line': b'symbolically linking /home/shrujans/inspectly/build/pipe_simulation/launch/sim.launch.py -> /home/shrujans/inspectly/install/pipe_simulation/share/pipe_simulation/launch\n'}
[0.806327] (pipe_perception) StdoutLine: {'line': b"writing manifest file 'pipe_perception.egg-info/SOURCES.txt'\n"}
[0.806372] (pipe_simulation) StdoutLine: {'line': b'creating /home/shrujans/inspectly/install/pipe_simulation/share/pipe_simulation/urdf\n'}
[0.806496] (pipe_simulation) StdoutLine: {'line': b'symbolically linking /home/shrujans/inspectly/build/pipe_simulation/urdf/pipe_bot.urdf.xacro -> /home/shrujans/inspectly/install/pipe_simulation/share/pipe_simulation/urdf\n'}
[0.806599] (pipe_simulation) StdoutLine: {'line': b'creating /home/shrujans/inspectly/install/pipe_simulation/share/pipe_simulation/worlds\n'}
[0.806718] (pipe_simulation) StdoutLine: {'line': b'symbolically linking /home/shrujans/inspectly/build/pipe_simulation/worlds/pipe.world -> /home/shrujans/inspectly/install/pipe_simulation/share/pipe_simulation/worlds\n'}
[0.806882] (pipe_simulation) StdoutLine: {'line': b'creating /home/shrujans/inspectly/install/pipe_simulation/share/pipe_simulation/meshes\n'}
[0.807257] (pipe_simulation) StdoutLine: {'line': b'symbolically linking /home/shrujans/inspectly/build/pipe_simulation/meshes/pipe_hollow.stl -> /home/shrujans/inspectly/install/pipe_simulation/share/pipe_simulation/meshes\n'}
[0.807307] (pipe_perception) StdoutLine: {'line': b'running build_ext\n'}
[0.807502] (pipe_simulation) StdoutLine: {'line': b'creating /home/shrujans/inspectly/install/pipe_simulation/share/pipe_simulation/config\n'}
[0.807554] (pipe_perception) StdoutLine: {'line': b'Creating /home/shrujans/inspectly/install/pipe_perception/lib/python3.10/site-packages/pipe-perception.egg-link (link to .)\n'}
[0.807581] (pipe_simulation) StdoutLine: {'line': b'symbolically linking /home/shrujans/inspectly/build/pipe_simulation/config/bridge.yaml -> /home/shrujans/inspectly/install/pipe_simulation/share/pipe_simulation/config\n'}
[0.807821] (pipe_simulation) StdoutLine: {'line': b'creating /home/shrujans/inspectly/install/pipe_simulation/share/pipe_simulation/rviz\n'}
[0.807951] (pipe_simulation) StdoutLine: {'line': b'symbolically linking /home/shrujans/inspectly/build/pipe_simulation/rviz/sim.rviz -> /home/shrujans/inspectly/install/pipe_simulation/share/pipe_simulation/rviz\n'}
[0.808069] (pipe_perception) StdoutLine: {'line': b'Installing coverage_mapper_node script to /home/shrujans/inspectly/install/pipe_perception/lib/pipe_perception\n'}
[0.808600] (pipe_perception) StdoutLine: {'line': b'Installing cylinder_unwrap_node script to /home/shrujans/inspectly/install/pipe_perception/lib/pipe_perception\n'}
[0.808845] (pipe_perception) StdoutLine: {'line': b'Installing cylinder_visualizer_3d_node script to /home/shrujans/inspectly/install/pipe_perception/lib/pipe_perception\n'}
[0.808969] (pipe_perception) StdoutLine: {'line': b'Installing video_ingest_node script to /home/shrujans/inspectly/install/pipe_perception/lib/pipe_perception\n'}
[0.809228] (pipe_perception) StdoutLine: {'line': b'\n'}
[0.809280] (pipe_perception) StdoutLine: {'line': b'Installed /home/shrujans/inspectly/build/pipe_perception\n'}
[0.809304] (pipe_perception) StdoutLine: {'line': b'running symlink_data\n'}
[0.809454] (pipe_perception) StdoutLine: {'line': b'symbolically linking /home/shrujans/inspectly/build/pipe_perception/resource/pipe_perception -> /home/shrujans/inspectly/install/pipe_perception/share/ament_index/resource_index/packages\n'}
[0.809635] (pipe_perception) StdoutLine: {'line': b'symbolically linking /home/shrujans/inspectly/build/pipe_perception/package.xml -> /home/shrujans/inspectly/install/pipe_perception/share/pipe_perception\n'}
[0.809678] (pipe_perception) StdoutLine: {'line': b'symbolically linking /home/shrujans/inspectly/build/pipe_perception/pipe_perception/launch/pipe_perception.launch.py -> /home/shrujans/inspectly/install/pipe_perception/share/pipe_perception/launch\n'}
[0.825137] (pipe_simulation) CommandEnded: {'returncode': 0}
[0.838401] (pipe_simulation) JobEnded: {'identifier': 'pipe_simulation', 'rc': 0}
[0.839968] (pipe_perception) CommandEnded: {'returncode': 0}
[0.844653] (pipe_perception) JobEnded: {'identifier': 'pipe_perception', 'rc': 0}
[0.845090] (-) EventReactorShutdown: {}
