[0.000000] (-) TimerEvent: {}
[0.000041] (pipe_perception) JobQueued: {'identifier': 'pipe_perception', 'dependencies': OrderedDict()}
[0.000718] (pipe_perception) JobStarted: {'identifier': 'pipe_perception'}
[0.099920] (-) TimerEvent: {}
[0.200157] (-) TimerEvent: {}
[0.300366] (-) TimerEvent: {}
[0.400547] (-) TimerEvent: {}
[0.500762] (-) TimerEvent: {}
[0.511913] (pipe_perception) Command: {'cmd': ['/usr/bin/python3', '-W', 'ignore:setup.py install is deprecated', '-W', 'ignore:easy_install command is deprecated', 'setup.py', 'egg_info', '--egg-base', '../../build/pipe_perception', 'build', '--build-base', '/home/shrujans/inspectly/build/pipe_perception/build', 'install', '--record', '/home/shrujans/inspectly/build/pipe_perception/install.log', '--single-version-externally-managed', 'install_data'], 'cwd': '/home/shrujans/inspectly/src/pipe_perception', 'env': {'USER': 'shrujans', 'SHLVL': '1', 'LD_LIBRARY_PATH': '/opt/ros/humble/opt/rviz_ogre_vendor/lib:/opt/ros/humble/lib/x86_64-linux-gnu:/opt/ros/humble/lib', 'HOME': '/home/shrujans', 'OLDPWD': '/home/shrujans/inspectly', 'ROS_PYTHON_VERSION': '3', 'DBUS_SESSION_BUS_ADDRESS': 'unix:path=/run/user/1000/bus', 'WSL_DISTRO_NAME': 'Ubuntu-22.04', 'WAYLAND_DISPLAY': 'wayland-0', 'ROS_DISTRO': 'humble', 'LOGNAME': 'shrujans', 'NAME': 'ShrujanLenovo1', 'WSL_INTEROP': '/run/WSL/2379_interop', 'PULSE_SERVER': 'unix:/mnt/wslg/PulseServer', '_': '/usr/bin/colcon', 'ROS_VERSION': '2', 'TERM': 'xterm-256color', 'ROS_LOCALHOST_ONLY': '0', 'PATH': '/opt/ros/humble/bin:/usr/local/sbin:/usr/local/bin:/usr/sbin:/usr/bin:/sbin:/bin:/usr/games:/usr/local/games:/usr/lib/wsl/lib:/mnt/c/Users/shruj/bin:/mnt/c/Program Files/Git/mingw64/bin:/mnt/c/Program Files/Git/usr/local/bin:/mnt/c/Program Files/Git/usr/bin:/mnt/c/Program Files/Git/usr/bin:/mnt/c/Program Files/Git/mingw64/bin:/mnt/c/Program Files/Git/usr/bin:/mnt/c/Users/shruj/bin:/mnt/c/Python3.14/Scripts:/mnt/c/Users/shruj/AppData/Local/Programs/Microsoft VS Code:/mnt/c/Program Files (x86)/Common Files/Oracle/Java/java8path:/mnt/c/Program Files (x86)/Common Files/Oracle/Java/javapath:/mnt/c/Windows/system32:/mnt/c/Windows:/mnt/c/Windows/System32/Wbem:/mnt/c/Windows/System32/WindowsPowerShell/v1.0:/mnt/c/Windows/System32/OpenSSH:/mnt/c/Program Files/nodejs:/mnt/c/ProgramData/chocolatey/bin:/mnt/c/Program Files/CMake/bin:/mnt/c/Program Files/Git/cmd:/mnt/c/Program Files/Docker/Docker/resources/bin:/mnt/c/Program Files/Amazon/AWSCLIV2:/mnt/c/Users/shruj/AppData/Local/Programs/Python/Python312/Scripts:/mnt/c/Users/shruj/AppData/Local/Programs/Python/Python312:/mnt/c/Python3.14/Scripts:/mnt/c/Python3.14:/mnt/c/Users/shruj/AppData/Local/Programs/Python/Launcher:/mnt/c/Users/shruj/.local/bin:/mnt/c/Users/shruj/AppData/Local/pnpm:/mnt/c/Users/shruj/AppData/Local/Microsoft/WindowsApps:/mnt/c/Users/shruj/AppData/Local/Programs/Microsoft VS Code/bin:/mnt/c/Users/shruj/AppData/Local/GitHubDesktop/bin:/mnt/c/Users/shruj/AppData/Roaming/npm:/mnt/c/Users/shruj/AppData/Local/Python/bin:/mnt/c/Program Files/Git/usr/bin/vendor_perl:/mnt/c/Program Files/Git/usr/bin/core_perl', 'XDG_RUNTIME_DIR': '/run/user/1000/', 'DISPLAY': ':0', 'LANG': 'en_US.UTF-8', 'AMENT_PREFIX_PATH': '/opt/ros/humble', 'SHELL': '/bin/bash', 'PWD': '/home/shrujans/inspectly/build/pipe_perception', 'PYTHONPATH': '/home/shrujans/inspectly/build/pipe_perception/prefix_override:/usr/lib/python3/dist-packages/colcon_core/task/python/colcon_distutils_commands:/home/shrujans/inspectly/install/pipe_perception/lib/python3.10/site-packages:/opt/ros/humble/lib/python3.10/site-packages:/opt/ros/humble/local/lib/python3.10/dist-packages', 'COLCON': '1', 'WSL2_GUI_APPS_ENABLED': '1', 'HOSTTYPE': 'x86_64', 'WSLENV': ''}, 'shell': False}
[0.600939] (-) TimerEvent: {}
[0.631363] (pipe_perception) StdoutLine: {'line': b'running egg_info\n'}
[0.631910] (pipe_perception) StdoutLine: {'line': b'writing ../../build/pipe_perception/pipe_perception.egg-info/PKG-INFO\n'}
[0.639522] (pipe_perception) StdoutLine: {'line': b'writing dependency_links to ../../build/pipe_perception/pipe_perception.egg-info/dependency_links.txt\n'}
[0.639724] (pipe_perception) StdoutLine: {'line': b'writing entry points to ../../build/pipe_perception/pipe_perception.egg-info/entry_points.txt\n'}
[0.639893] (pipe_perception) StdoutLine: {'line': b'writing requirements to ../../build/pipe_perception/pipe_perception.egg-info/requires.txt\n'}
[0.640100] (pipe_perception) StdoutLine: {'line': b'writing top-level names to ../../build/pipe_perception/pipe_perception.egg-info/top_level.txt\n'}
[0.641353] (pipe_perception) StdoutLine: {'line': b"reading manifest file '../../build/pipe_perception/pipe_perception.egg-info/SOURCES.txt'\n"}
[0.642547] (pipe_perception) StdoutLine: {'line': b"writing manifest file '../../build/pipe_perception/pipe_perception.egg-info/SOURCES.txt'\n"}
[0.642752] (pipe_perception) StdoutLine: {'line': b'running build\n'}
[0.642800] (pipe_perception) StdoutLine: {'line': b'running build_py\n'}
[0.642980] (pipe_perception) StdoutLine: {'line': b'copying pipe_perception/nodes/coverage_mapper_node.py -> /home/shrujans/inspectly/build/pipe_perception/build/lib/pipe_perception/nodes\n'}
[0.643948] (pipe_perception) StdoutLine: {'line': b'running install\n'}
[0.644090] (pipe_perception) StdoutLine: {'line': b'running install_lib\n'}
[0.645078] (pipe_perception) StdoutLine: {'line': b'copying /home/shrujans/inspectly/build/pipe_perception/build/lib/pipe_perception/nodes/coverage_mapper_node.py -> /home/shrujans/inspectly/install/pipe_perception/lib/python3.10/site-packages/pipe_perception/nodes\n'}
[0.646462] (pipe_perception) StdoutLine: {'line': b'byte-compiling /home/shrujans/inspectly/install/pipe_perception/lib/python3.10/site-packages/pipe_perception/nodes/coverage_mapper_node.py to coverage_mapper_node.cpython-310.pyc\n'}
[0.647652] (pipe_perception) StdoutLine: {'line': b'running install_data\n'}
[0.647797] (pipe_perception) StdoutLine: {'line': b'running install_egg_info\n'}
[0.648898] (pipe_perception) StdoutLine: {'line': b"removing '/home/shrujans/inspectly/install/pipe_perception/lib/python3.10/site-packages/pipe_perception-0.0.1-py3.10.egg-info' (and everything under it)\n"}
[0.649239] (pipe_perception) StdoutLine: {'line': b'Copying ../../build/pipe_perception/pipe_perception.egg-info to /home/shrujans/inspectly/install/pipe_perception/lib/python3.10/site-packages/pipe_perception-0.0.1-py3.10.egg-info\n'}
[0.650250] (pipe_perception) StdoutLine: {'line': b'running install_scripts\n'}
[0.663082] (pipe_perception) StdoutLine: {'line': b'Installing coverage_mapper_node script to /home/shrujans/inspectly/install/pipe_perception/lib/pipe_perception\n'}
[0.663465] (pipe_perception) StdoutLine: {'line': b'Installing cylinder_unwrap_node script to /home/shrujans/inspectly/install/pipe_perception/lib/pipe_perception\n'}
[0.663522] (pipe_perception) StdoutLine: {'line': b'Installing cylinder_visualizer_3d_node script to /home/shrujans/inspectly/install/pipe_perception/lib/pipe_perception\n'}
[0.663552] (pipe_perception) StdoutLine: {'line': b'Installing video_ingest_node script to /home/shrujans/inspectly/install/pipe_perception/lib/pipe_perception\n'}
[0.663782] (pipe_perception) StdoutLine: {'line': b"writing list of installed files to '/home/shrujans/inspectly/build/pipe_perception/install.log'\n"}
[0.683502] (pipe_perception) CommandEnded: {'returncode': 0}
[0.701068] (-) TimerEvent: {}
[0.701468] (pipe_perception) JobEnded: {'identifier': 'pipe_perception', 'rc': 0}
[0.701987] (-) EventReactorShutdown: {}
