[0.318s] Invoking command in '/home/shrujans/inspectly/src/pipe_perception': PYTHONPATH=/home/shrujans/inspectly/build/pipe_perception/prefix_override:/usr/lib/python3/dist-packages/colcon_core/task/python/colcon_distutils_commands:/home/shrujans/inspectly/install/pipe_perception/lib/python3.10/site-packages:${PYTHONPATH} /usr/bin/python3 -W ignore:setup.py install is deprecated -W ignore:easy_install command is deprecated setup.py egg_info --egg-base ../../build/pipe_perception build --build-base /home/shrujans/inspectly/build/pipe_perception/build install --record /home/shrujans/inspectly/build/pipe_perception/install.log --single-version-externally-managed install_data
[0.434s] running egg_info
[0.435s] writing ../../build/pipe_perception/pipe_perception.egg-info/PKG-INFO
[0.435s] writing dependency_links to ../../build/pipe_perception/pipe_perception.egg-info/dependency_links.txt
[0.435s] writing entry points to ../../build/pipe_perception/pipe_perception.egg-info/entry_points.txt
[0.435s] writing requirements to ../../build/pipe_perception/pipe_perception.egg-info/requires.txt
[0.435s] writing top-level names to ../../build/pipe_perception/pipe_perception.egg-info/top_level.txt
[0.436s] reading manifest file '../../build/pipe_perception/pipe_perception.egg-info/SOURCES.txt'
[0.437s] writing manifest file '../../build/pipe_perception/pipe_perception.egg-info/SOURCES.txt'
[0.437s] running build
[0.437s] running build_py
[0.438s] copying pipe_perception/algorithms/cylinder_unwrap.py -> /home/shrujans/inspectly/build/pipe_perception/build/lib/pipe_perception/algorithms
[0.438s] running install
[0.438s] running install_lib
[0.438s] copying /home/shrujans/inspectly/build/pipe_perception/build/lib/pipe_perception/algorithms/cylinder_unwrap.py -> /home/shrujans/inspectly/install/pipe_perception/lib/python3.10/site-packages/pipe_perception/algorithms
[0.439s] byte-compiling /home/shrujans/inspectly/install/pipe_perception/lib/python3.10/site-packages/pipe_perception/algorithms/cylinder_unwrap.py to cylinder_unwrap.cpython-310.pyc
[0.440s] running install_data
[0.440s] running install_egg_info
[0.441s] removing '/home/shrujans/inspectly/install/pipe_perception/lib/python3.10/site-packages/pipe_perception-0.0.1-py3.10.egg-info' (and everything under it)
[0.441s] Copying ../../build/pipe_perception/pipe_perception.egg-info to /home/shrujans/inspectly/install/pipe_perception/lib/python3.10/site-packages/pipe_perception-0.0.1-py3.10.egg-info
[0.441s] running install_scripts
[0.453s] Installing coverage_mapper_node script to /home/shrujans/inspectly/install/pipe_perception/lib/pipe_perception
[0.453s] Installing cylinder_unwrap_node script to /home/shrujans/inspectly/install/pipe_perception/lib/pipe_perception
[0.453s] Installing cylinder_visualizer_3d_node script to /home/shrujans/inspectly/install/pipe_perception/lib/pipe_perception
[0.453s] Installing video_ingest_node script to /home/shrujans/inspectly/install/pipe_perception/lib/pipe_perception
[0.454s] writing list of installed files to '/home/shrujans/inspectly/build/pipe_perception/install.log'
[0.467s] Invoked command in '/home/shrujans/inspectly/src/pipe_perception' returned '0': PYTHONPATH=/home/shrujans/inspectly/build/pipe_perception/prefix_override:/usr/lib/python3/dist-packages/colcon_core/task/python/colcon_distutils_commands:/home/shrujans/inspectly/install/pipe_perception/lib/python3.10/site-packages:${PYTHONPATH} /usr/bin/python3 -W ignore:setup.py install is deprecated -W ignore:easy_install command is deprecated setup.py egg_info --egg-base ../../build/pipe_perception build --build-base /home/shrujans/inspectly/build/pipe_perception/build install --record /home/shrujans/inspectly/build/pipe_perception/install.log --single-version-externally-managed install_data
