[0.526s] Invoking command in '/home/shrujans/xolo/src/pipe_perception': PYTHONPATH=/home/shrujans/xolo/build/pipe_perception/prefix_override:/usr/lib/python3/dist-packages/colcon_core/task/python/colcon_distutils_commands:/home/shrujans/xolo/install/pipe_perception/lib/python3.10/site-packages: /usr/bin/python3 -W ignore:setup.py install is deprecated -W ignore:easy_install command is deprecated setup.py egg_info --egg-base ../../build/pipe_perception build --build-base /home/shrujans/xolo/build/pipe_perception/build install --record /home/shrujans/xolo/build/pipe_perception/install.log --single-version-externally-managed install_data
[0.621s] running egg_info
[0.621s] writing ../../build/pipe_perception/pipe_perception.egg-info/PKG-INFO
[0.621s] writing dependency_links to ../../build/pipe_perception/pipe_perception.egg-info/dependency_links.txt
[0.621s] writing entry points to ../../build/pipe_perception/pipe_perception.egg-info/entry_points.txt
[0.621s] writing requirements to ../../build/pipe_perception/pipe_perception.egg-info/requires.txt
[0.622s] writing top-level names to ../../build/pipe_perception/pipe_perception.egg-info/top_level.txt
[0.623s] reading manifest file '../../build/pipe_perception/pipe_perception.egg-info/SOURCES.txt'
[0.624s] writing manifest file '../../build/pipe_perception/pipe_perception.egg-info/SOURCES.txt'
[0.624s] running build
[0.624s] running build_py
[0.626s] running install
[0.626s] running install_lib
[0.629s] running install_data
[0.629s] running install_egg_info
[0.630s] removing '/home/shrujans/xolo/install/pipe_perception/lib/python3.10/site-packages/pipe_perception-0.0.1-py3.10.egg-info' (and everything under it)
[0.631s] Copying ../../build/pipe_perception/pipe_perception.egg-info to /home/shrujans/xolo/install/pipe_perception/lib/python3.10/site-packages/pipe_perception-0.0.1-py3.10.egg-info
[0.632s] running install_scripts
[0.645s] Installing coverage_mapper_node script to /home/shrujans/xolo/install/pipe_perception/lib/pipe_perception
[0.646s] Installing cylinder_unwrap_node script to /home/shrujans/xolo/install/pipe_perception/lib/pipe_perception
[0.646s] Installing cylinder_visualizer_3d_node script to /home/shrujans/xolo/install/pipe_perception/lib/pipe_perception
[0.646s] Installing video_ingest_node script to /home/shrujans/xolo/install/pipe_perception/lib/pipe_perception
[0.647s] writing list of installed files to '/home/shrujans/xolo/build/pipe_perception/install.log'
[0.660s] Invoked command in '/home/shrujans/xolo/src/pipe_perception' returned '0': PYTHONPATH=/home/shrujans/xolo/build/pipe_perception/prefix_override:/usr/lib/python3/dist-packages/colcon_core/task/python/colcon_distutils_commands:/home/shrujans/xolo/install/pipe_perception/lib/python3.10/site-packages: /usr/bin/python3 -W ignore:setup.py install is deprecated -W ignore:easy_install command is deprecated setup.py egg_info --egg-base ../../build/pipe_perception build --build-base /home/shrujans/xolo/build/pipe_perception/build install --record /home/shrujans/xolo/build/pipe_perception/install.log --single-version-externally-managed install_data
