running develop
running egg_info
writing pipe_perception.egg-info/PKG-INFO
writing dependency_links to pipe_perception.egg-info/dependency_links.txt
writing entry points to pipe_perception.egg-info/entry_points.txt
writing requirements to pipe_perception.egg-info/requires.txt
writing top-level names to pipe_perception.egg-info/top_level.txt
reading manifest file 'pipe_perception.egg-info/SOURCES.txt'
writing manifest file 'pipe_perception.egg-info/SOURCES.txt'
running build_ext
Creating /home/shrujans/inspectly/install/pipe_perception/lib/python3.10/site-packages/pipe-perception.egg-link (link to .)
Installing coverage_mapper_node script to /home/shrujans/inspectly/install/pipe_perception/lib/pipe_perception
Installing cylinder_unwrap_node script to /home/shrujans/inspectly/install/pipe_perception/lib/pipe_perception
Installing cylinder_visualizer_3d_node script to /home/shrujans/inspectly/install/pipe_perception/lib/pipe_perception
Installing video_ingest_node script to /home/shrujans/inspectly/install/pipe_perception/lib/pipe_perception

Installed /home/shrujans/inspectly/build/pipe_perception
running symlink_data
symbolically linking /home/shrujans/inspectly/build/pipe_perception/resource/pipe_perception -> /home/shrujans/inspectly/install/pipe_perception/share/ament_index/resource_index/packages
symbolically linking /home/shrujans/inspectly/build/pipe_perception/package.xml -> /home/shrujans/inspectly/install/pipe_perception/share/pipe_perception
symbolically linking /home/shrujans/inspectly/build/pipe_perception/pipe_perception/launch/pipe_perception.launch.py -> /home/shrujans/inspectly/install/pipe_perception/share/pipe_perception/launch
