[0.610s] Invoking command in '/home/shrujans/inspectly/build/pipe_perception': PYTHONPATH=/home/shrujans/inspectly/build/pipe_perception/prefix_override:/usr/lib/python3/dist-packages/colcon_core/task/python/colcon_distutils_commands:/home/shrujans/inspectly/install/pipe_perception/lib/python3.10/site-packages:${PYTHONPATH} /usr/bin/python3 -W ignore:setup.py install is deprecated -W ignore:easy_install command is deprecated setup.py develop --editable --build-directory /home/shrujans/inspectly/build/pipe_perception/build --no-deps symlink_data --force
[0.736s] running develop
[0.801s] running egg_info
[0.802s] writing pipe_perception.egg-info/PKG-INFO
[0.802s] writing dependency_links to pipe_perception.egg-info/dependency_links.txt
[0.802s] writing entry points to pipe_perception.egg-info/entry_points.txt
[0.803s] writing requirements to pipe_perception.egg-info/requires.txt
[0.803s] writing top-level names to pipe_perception.egg-info/top_level.txt
[0.805s] reading manifest file 'pipe_perception.egg-info/SOURCES.txt'
[0.805s] writing manifest file 'pipe_perception.egg-info/SOURCES.txt'
[0.806s] running build_ext
[0.807s] Creating /home/shrujans/inspectly/install/pipe_perception/lib/python3.10/site-packages/pipe-perception.egg-link (link to .)
[0.807s] Installing coverage_mapper_node script to /home/shrujans/inspectly/install/pipe_perception/lib/pipe_perception
[0.808s] Installing cylinder_unwrap_node script to /home/shrujans/inspectly/install/pipe_perception/lib/pipe_perception
[0.808s] Installing cylinder_visualizer_3d_node script to /home/shrujans/inspectly/install/pipe_perception/lib/pipe_perception
[0.808s] Installing video_ingest_node script to /home/shrujans/inspectly/install/pipe_perception/lib/pipe_perception
[0.808s] 
[0.808s] Installed /home/shrujans/inspectly/build/pipe_perception
[0.808s] running symlink_data
[0.809s] symbolically linking /home/shrujans/inspectly/build/pipe_perception/resource/pipe_perception -> /home/shrujans/inspectly/install/pipe_perception/share/ament_index/resource_index/packages
[0.809s] symbolically linking /home/shrujans/inspectly/build/pipe_perception/package.xml -> /home/shrujans/inspectly/install/pipe_perception/share/pipe_perception
[0.809s] symbolically linking /home/shrujans/inspectly/build/pipe_perception/pipe_perception/launch/pipe_perception.launch.py -> /home/shrujans/inspectly/install/pipe_perception/share/pipe_perception/launch
[0.839s] Invoked command in '/home/shrujans/inspectly/build/pipe_perception' returned '0': PYTHONPATH=/home/shrujans/inspectly/build/pipe_perception/prefix_override:/usr/lib/python3/dist-packages/colcon_core/task/python/colcon_distutils_commands:/home/shrujans/inspectly/install/pipe_perception/lib/python3.10/site-packages:${PYTHONPATH} /usr/bin/python3 -W ignore:setup.py install is deprecated -W ignore:easy_install command is deprecated setup.py develop --editable --build-directory /home/shrujans/inspectly/build/pipe_perception/build --no-deps symlink_data --force
